<?xml version="1.0" encoding="utf-8" ?>
<!-- DO NOT EDIT THIS FILE -->

<log version='2.0' source='mc'>
	<!-- Successfully loaded CCRT at address 0x796e0000 - 0x799e3000 -->
	<!-- Successfully loaded MC at address 0x792d0000 - 0x7968b000 -->
	<!-- Analysis started for c:\code\oop244\w4\home\project1\debug\project1.exe, pid = 17764 -->
	<msg id='1' source='mc'>
		<type>EXEC_OF_INTEREST</type>
		<severity>INFO</severity>
		<timestamp>Thu Jun 18 23:58:35 2020</timestamp>
		<arg name='path'>c:\code\oop244\w4\home\project1\debug\project1.exe</arg>
		<arg name='pid'>17764</arg>
	</msg>
	<!-- Command line: C:\Program Files (x86)\IntelSWTools\Inspector 2020\bin32\pin -xyzzy -mesgoff console -xyzzy -bridge_save_x87 0 -bridge_save_mxcsr 0 -follow_execv -error_file C:\code\oop244\w4\home\Project1\My Inspector Results - Project1\r001mi3\data.0\pin_error.log -logfile C:\code\oop244\w4\home\Project1\My Inspector Results - Project1\r001mi3\data.0\pin.log -xyzzy -region_max_inss 500 -p64 C:\Program Files (x86)\IntelSWTools\Inspector 2020\bin64\pin -t64 C:\Program Files (x86)\IntelSWTools\Inspector 2020\bin64\memchkr.dll -t C:\Program Files (x86)\IntelSWTools\Inspector 2020\bin32\memchkr.dll -no-analyze-stack -access-checks -leak-check-on-exit -leak-check-on-demand -enable-memory-growth -leak-check-report-reachable -check-resource-leaks -freelist-vol 1000000 -leak-maximum 100000 -guard-zone-size 32 -stack-depth 16 -heartbeat 1 -mrte-mode auto -working-dir C:\code\oop244\w4\home\Project1\My Inspector Results - Project1\r001mi3\data.0 -log mc_Project1.log -result Project1 - C:\code\oop244\w4\home\Project1\Debug\Project1.exe  -->
	<!-- mc's options are the following:  -->
	<!-- -help                              false -->
	<!-- -verbose                           false -->
	<!-- -xyzzy                             false -->
	<!-- -version                           false -->
	<!-- -help-all                          false -->
	<!-- -xyzzy-all                         false -->
	<!-- -report-all-instances              false -->
	<!-- -check-for-padded-structures       true -->
	<!-- -check-for-bitfields               true -->
	<!-- -analyze-stack                     false -->
	<!-- -access-checks                     true -->
	<!-- -track-origins                     true -->
	<!-- -duplicate-uninits                 false -->
	<!-- -bss-initialized                   true -->
	<!-- -align-alloc-size                  false -->
	<!-- -report-uninit-read                false -->
	<!-- -ignore-system-libraries           false -->
	<!-- -gen-suppressions                  false -->
	<!-- -leak-check-on-exit                true -->
	<!-- -leak-check-on-demand              true -->
	<!-- -leak-check-uses-baseline          true -->
	<!-- -enable-memory-growth              true -->
	<!-- -leak-check-report-reachable       true -->
	<!-- -leak-check-full                   true -->
	<!-- -check-resource-leaks              true -->
	<!-- -trace-children                    false -->
	<!-- -enable-poke                       false -->
	<!-- -jit-mode-anyway                   false -->
	<!-- -disable-probe-mode-mismatches-64  true -->
	<!-- -aggressive-callstack-caching      false -->
	<!-- -suppress-breakpoints              false -->
	<!-- -monitor-memory                    false -->
	<!-- -freelist-vol                      1000000 -->
	<!-- -leak-maximum                      100000 -->
	<!-- -guard-zone-size                   32 -->
	<!-- -stack-depth                       16 -->
	<!-- -heartbeat                         1 -->
	<!-- -breakpoint-file                   (null) -->
	<!-- -config-file                       (null) -->
	<!-- -log                               mc_Project1.log -->
	<!-- -ignore-commands                   (null),  -->
	<!-- -ignore-modules                    (null),  -->
	<!-- -ignore-symbols                    (null),  -->
	<!-- -module-of-interest                (null),  -->
	<!-- -executable-of-interest            (null),  -->
	<!-- -working-dir                       C:\code\oop244\w4\home\Project1\My Inspector Results - Project1\r001mi3\data.0 -->
	<!-- -result                            Project1 -->
	<!-- -exclude-module                    (null),  -->
	<!-- -include-module                    (null),  -->
	<!-- -only-exec-commands                (null),  -->
	<!-- -suppressions                      (null),  -->
	<!-- -debug                             none -->
	<!-- -shared-mem-name                   (null) -->
	<!-- -poke-function                     (null),  -->
	<!-- -analysis-mode                     (null) -->
	<!-- -disable-gatekeeping               false -->
	<!-- -ignore-os-allocators              false -->
	<!-- -mrte-mode                         auto -->
	<!-- probe mode: no -->
	<!-- mem leaks checks: yes -->
	<!-- res leaks checks: yes -->
	<!-- access checks: yes -->
	<!-- track origin: yes -->
	<!-- Environment: INTEL_LIBITTNOTIFY32=C:\Program Files (x86)\IntelSWTools\Inspector 2020\bin32\runtime\libittnotify.dll -->
	<!-- Environment: INTEL_LIBITTNOTIFY64=C:\Program Files (x86)\IntelSWTools\Inspector 2020\bin64\runtime\libittnotify.dll -->
	<!-- Environment: INTEL_JIT_PROFILER32=C:\Program Files (x86)\IntelSWTools\Inspector 2020\bin32\runtime\libittnotify.dll -->
	<!-- Environment: INTEL_JIT_PROFILER64=C:\Program Files (x86)\IntelSWTools\Inspector 2020\bin64\runtime\libittnotify.dll -->
	<!-- Module loaded c:\code\oop244\w4\home\project1\debug\project1.exe, address range [0x00120000-0x00143fff] -->
	<msg id='2' source='mc'>
		<type>MODULE_LOAD</type>
		<severity>INFO</severity>
		<timestamp>Thu Jun 18 23:58:35 2020</timestamp>
		<arg name='path'>c:\code\oop244\w4\home\project1\debug\project1.exe</arg>
		<arg name='addr1'>0x120000</arg>
		<arg name='addr2'>0x143fff</arg>
	</msg>
	<!-- Module loaded c:\windows\syswow64\kernel32.dll, address range [0x76b40000-0x76c2ffff] -->
	<msg id='3' source='mc'>
		<type>MODULE_LOAD</type>
		<severity>INFO</severity>
		<timestamp>Thu Jun 18 23:58:35 2020</timestamp>
		<arg name='path'>c:\windows\syswow64\kernel32.dll</arg>
		<arg name='addr1'>0x76b40000</arg>
		<arg name='addr2'>0x76c2ffff</arg>
	</msg>
	<!-- Module loaded c:\windows\syswow64\kernelbase.dll, address range [0x77900000-0x77b12fff] -->
	<msg id='4' source='mc'>
		<type>MODULE_LOAD</type>
		<severity>INFO</severity>
		<timestamp>Thu Jun 18 23:58:35 2020</timestamp>
		<arg name='path'>c:\windows\syswow64\kernelbase.dll</arg>
		<arg name='addr1'>0x77900000</arg>
		<arg name='addr2'>0x77b12fff</arg>
	</msg>
	<!-- Module loaded c:\windows\syswow64\ntdll.dll, address range [0x77cd0000-0x77e71fff] -->
	<msg id='5' source='mc'>
		<type>MODULE_LOAD</type>
		<severity>INFO</severity>
		<timestamp>Thu Jun 18 23:58:35 2020</timestamp>
		<arg name='path'>c:\windows\syswow64\ntdll.dll</arg>
		<arg name='addr1'>0x77cd0000</arg>
		<arg name='addr2'>0x77e71fff</arg>
	</msg>
	<!-- DIAG: 1 -->
	<!-- DIAG: 2 -->
	<!-- DIAG: 3 -->
	<!-- Module loaded c:\windows\syswow64\msvcp140d.dll, address range [0x0c270000-0x0c325fff] -->
	<msg id='6' source='mc'>
		<type>MODULE_LOAD</type>
		<severity>INFO</severity>
		<timestamp>Thu Jun 18 23:58:36 2020</timestamp>
		<arg name='path'>c:\windows\syswow64\msvcp140d.dll</arg>
		<arg name='addr1'>0xc270000</arg>
		<arg name='addr2'>0xc325fff</arg>
	</msg>
	<!-- Module unloaded C:\Windows\SysWOW64\msvcp140d.dll -->
	<msg id='7' source='mc'>
		<type>MODULE_UNLOAD</type>
		<severity>INFO</severity>
		<timestamp>Thu Jun 18 23:58:36 2020</timestamp>
		<arg name='path'>C:\Windows\SysWOW64\msvcp140d.dll</arg>
	</msg>
	<!-- Module loaded c:\windows\syswow64\ucrtbased.dll, address range [0x7b7f0000-0x7b964fff] -->
	<msg id='8' source='mc'>
		<type>MODULE_LOAD</type>
		<severity>INFO</severity>
		<timestamp>Thu Jun 18 23:58:36 2020</timestamp>
		<arg name='path'>c:\windows\syswow64\ucrtbased.dll</arg>
		<arg name='addr1'>0x7b7f0000</arg>
		<arg name='addr2'>0x7b964fff</arg>
	</msg>
	<!-- Module loaded c:\windows\syswow64\vcruntime140d.dll, address range [0x51d70000-0x51d8cfff] -->
	<msg id='9' source='mc'>
		<type>MODULE_LOAD</type>
		<severity>INFO</severity>
		<timestamp>Thu Jun 18 23:58:36 2020</timestamp>
		<arg name='path'>c:\windows\syswow64\vcruntime140d.dll</arg>
		<arg name='addr1'>0x51d70000</arg>
		<arg name='addr2'>0x51d8cfff</arg>
	</msg>
	<!-- DIAG: 4 -->
	<!-- Module loaded c:\windows\syswow64\msvcp140d.dll, address range [0x0cc10000-0x0ccc5fff] -->
	<msg id='10' source='mc'>
		<type>MODULE_LOAD</type>
		<severity>INFO</severity>
		<timestamp>Thu Jun 18 23:58:37 2020</timestamp>
		<arg name='path'>c:\windows\syswow64\msvcp140d.dll</arg>
		<arg name='addr1'>0xcc10000</arg>
		<arg name='addr2'>0xccc5fff</arg>
	</msg>
	<!-- DIAG: 5 -->
	<!-- DIAG: 6 -->
	<!-- DIAG: 7 -->
	<!-- Heartbeat, tids = 14468,1536,4860,20744, syscallStatus = 1,1,1,1, calls = 89494,635,163,481 -->
	<msg id='11' display='false' source='mc'>
		<type>HEARTBEAT</type>
		<severity>INFO</severity>
		<timestamp>Thu Jun 18 23:58:39 2020</timestamp>
		<arg name='tids'>14468,1536,4860,20744</arg>
		<arg name='syscalls'>1,1,1,1</arg>
		<arg name='calls'>89494,635,163,481</arg>
	</msg>
	<!-- Application had an exception that was logged. -->
	<msg id='12' source='mc'>
		<type>FATAL_EXCEPTION</type>
		<severity>WARNING</severity>
		<timestamp>Thu Jun 18 23:58:39 2020</timestamp>
	</msg>
	<!-- DIAG: 8 -->
	<!-- DIAG: 9 -->
	<!-- DIAG: 10 -->
	<!-- DIAG: 11 -->