<?xml version="1.0" encoding="UTF-8"?>
<feedback>
 <message severity="info">Analysis started...</message>
 <nop/>
 <message severity="info">Result file: C:\code\oop244\w6\lab\Project1\My Inspector Results - Project1\r000mi3\r000mi3.inspxe </message>
 <nop/>
 <message severity="info">Analysis started for c:\code\oop244\w6\lab\project1\debug\project1.exe (pid = 16540) </message>
 <nop/>
 <message severity="info">Loaded module: c:\code\oop244\w6\lab\project1\debug\project1.exe, address range [0xe0000-0x104fff] </message>
 <nop/>
 <message severity="info">Loaded module: c:\windows\syswow64\kernel32.dll, address range [0x76790000-0x7687ffff] </message>
 <nop/>
 <message severity="info">Loaded module: c:\windows\syswow64\kernelbase.dll, address range [0x76b40000-0x76d52fff] </message>
 <nop/>
 <message severity="info">Loaded module: c:\windows\syswow64\ntdll.dll, address range [0x77c60000-0x77e01fff] </message>
 <nop/>
 <message severity="info">Loaded module: c:\program files\norton security\nortondata\22.20.2.57\definitions\bashdefs\20200706.001\umengx86.dll, address range [0x6d3b0000-0x6d417fff] </message>
 <nop/>
 <message severity="info">Loaded module: c:\windows\syswow64\msvcp140d.dll, address range [0x7c950000-0x7ca05fff] </message>
 <nop/>
 <message severity="info">Loaded module: c:\windows\syswow64\ucrtbased.dll, address range [0x7c7d0000-0x7c944fff] </message>
 <nop/>
 <message severity="info">Loaded module: c:\windows\syswow64\vcruntime140d.dll, address range [0x7b6b0000-0x7b6ccfff] </message>
 <nop/>
 <message severity="info">Loaded module: c:\windows\syswow64\kernel.appcore.dll, address range [0x74fd0000-0x74fdefff] </message>
 <nop/>
 <message severity="info">Loaded module: c:\windows\syswow64\msvcrt.dll, address range [0x77320000-0x773defff] </message>
 <nop/>
 <message severity="info">Loaded module: c:\windows\syswow64\rpcrt4.dll, address range [0x76930000-0x769e9fff] </message>
 <nop/>
 <message severity="info">Loaded module: c:\windows\syswow64\user32.dll, address range [0x75be0000-0x75d72fff], minimal analysis </message>
 <nop/>
 <message severity="info">Loaded module: c:\windows\syswow64\win32u.dll, address range [0x76910000-0x76927fff] </message>
 <nop/>
 <message severity="info">Loaded module: c:\windows\syswow64\gdi32.dll, address range [0x769f0000-0x76a12fff] </message>
 <nop/>
 <message severity="info">Loaded module: c:\windows\syswow64\gdi32full.dll, address range [0x76520000-0x765f9fff], minimal analysis </message>
 <nop/>
 <message severity="info">Loaded module: c:\windows\syswow64\msvcp_win.dll, address range [0x77120000-0x7719afff] </message>
 <nop/>
 <message severity="info">Loaded module: c:\windows\syswow64\ucrtbase.dll, address range [0x76a20000-0x76b3ffff] </message>
 <nop/>
 <message severity="info">Loaded module: c:\windows\syswow64\imm32.dll, address range [0x76d60000-0x76d84fff], minimal analysis </message>
 <nop/>
 <message severity="info">Loaded module: c:\windows\syswow64\textshaping.dll, address range [0x63260000-0x632f3fff] </message>
 <nop/>
 <message severity="info">Loaded module: c:\windows\syswow64\uxtheme.dll, address range [0x70e00000-0x70e73fff], minimal analysis </message>
 <nop/>
 <message severity="info">Loaded module: c:\windows\syswow64\combase.dll, address range [0x779d0000-0x77c4ffff], minimal analysis </message>
 <nop/>
 <message severity="info">Loaded module: c:\windows\syswow64\msctf.dll, address range [0x76440000-0x76511fff], minimal analysis </message>
 <nop/>
 <message severity="info">Loaded module: c:\windows\syswow64\oleaut32.dll, address range [0x75b40000-0x75bd5fff], minimal analysis </message>
 <nop/>
 <message severity="info">Loaded module: c:\windows\syswow64\sechost.dll, address range [0x77210000-0x77284fff] </message>
 <nop/>
 <message severity="info">Loaded module: c:\windows\syswow64\bcryptprimitives.dll, address range [0x76730000-0x7678bfff], minimal analysis </message>
 <nop/>
 <message severity="info">Loaded module: c:\windows\syswow64\textinputframework.dll, address range [0x6e550000-0x6e608fff], minimal analysis </message>
 <nop/>
 <message severity="info">Loaded module: c:\windows\syswow64\coremessaging.dll, address range [0x6d7d0000-0x6d86afff], minimal analysis </message>
 <nop/>
 <message severity="info">Loaded module: c:\windows\syswow64\coreuicomponents.dll, address range [0x68d40000-0x68fbdfff], minimal analysis </message>
 <nop/>
 <message severity="info">Loaded module: c:\windows\syswow64\ws2_32.dll, address range [0x773e0000-0x77442fff] </message>
 <nop/>
 <message severity="info">Loaded module: c:\windows\syswow64\ntmarta.dll, address range [0x75320000-0x75348fff] </message>
 <nop/>
 <message severity="info">Loaded module: c:\windows\syswow64\shcore.dll, address range [0x77290000-0x77316fff], minimal analysis </message>
 <nop/>
 <message severity="info">Loaded module: c:\windows\syswow64\wintypes.dll, address range [0x6dec0000-0x6df9dfff] </message>
 <nop/>
 <message severity="info">Loaded module: c:\windows\syswow64\advapi32.dll, address range [0x76f30000-0x76fa8fff] </message>
 <nop/>
 <message severity="info">Application exit code: 1 </message>
 <nop/>
 <message severity="info">Result file: C:\code\oop244\w6\lab\Project1\My Inspector Results - Project1\r000mi3\r000mi3.inspxe </message>
 <nop/>
 <message severity="info">Analysis canceled by user</message>
 <nop/>
</feedback>
