<?xml version="1.0" encoding="utf-8" ?>
<!-- DO NOT EDIT THIS FILE -->

<log version='2.0' source='tcet'>
	<!-- Sampling enabled with the following: -->
	<!--     Budget                              5: -->
	<!--     Overdraft Budget                   75: -->
	<!--     Savings Budget                      2: -->
	<!-- Opened annotation file C:\Program Files (x86)\IntelSWTools\Inspector 2020\bin32\..\config\tc\qt.ant -->
	<!-- Opened annotation file C:\Program Files (x86)\IntelSWTools\Inspector 2020\bin32\..\config\tc\cpp11.ant -->
	<!-- Opened annotation file C:\Program Files (x86)\IntelSWTools\Inspector 2020\bin32\..\config\tc\fortran.ant -->
	<!-- Opened annotation file C:\Program Files (x86)\IntelSWTools\Inspector 2020\bin32\..\config\tc\icl.ant -->
	<!-- Opened annotation file C:\Program Files (x86)\IntelSWTools\Inspector 2020\bin32\..\config\tc\allocators.ant -->
	<!-- Opened annotation file C:\Program Files (x86)\IntelSWTools\Inspector 2020\bin32\..\config\tc\boost.ant -->
	<!-- Opened annotation file C:\Program Files (x86)\IntelSWTools\Inspector 2020\bin32\..\config\tc\system_api_filter.ant -->
	<!-- Opened annotation file C:\Program Files (x86)\IntelSWTools\Inspector 2020\bin32\..\config\tc\system_api.ant -->
	<msg id='1' display='false' source='tccore'>
		<type>START</type>
		<severity>INFO</severity>
		<timestamp>Wed Jul  8 00:16:20 2020</timestamp>
	</msg>
	<!-- Successfully loaded CCRT 13.7.0 at address 0x7aab0000 - 0x7adb4000 -->
	<!-- Successfully loaded the TC Analysis Core 8.14.2 at address 0x7bfa0000 - 0x7bfc9000 -->
	<!-- Successfully loaded the TC Instrumentation Engine 8.14.2 at address 0x7bb20000 - 0x7bd28000 -->
	<!-- Environment: INTEL_LIBITTNOTIFY32=C:\Program Files (x86)\IntelSWTools\Inspector 2020\bin32\runtime\libittnotify.dll -->
	<!-- Environment: INTEL_LIBITTNOTIFY64=C:\Program Files (x86)\IntelSWTools\Inspector 2020\bin64\runtime\libittnotify.dll -->
	<!-- Environment: INTEL_JIT_PROFILER32=C:\Program Files (x86)\IntelSWTools\Inspector 2020\bin32\pinjitprofiling.dll -->
	<!-- Environment: INTEL_JIT_PROFILER64=C:\Program Files (x86)\IntelSWTools\Inspector 2020\bin64\pinjitprofiling.dll -->
	<!-- This is the instance of interest -->
	<msg id='2' source='tcet'>
		<type>EXEC_OF_INTEREST</type>
		<severity>INFO</severity>
		<timestamp>Wed Jul  8 00:16:20 2020</timestamp>
		<arg name='process'>c:\code\oop244\w6\lab\project1\debug\project1.exe</arg>
		<arg name='pid'>20608</arg>
	</msg>
	<msg id='3' source='tcet'>
		<type>LOAD_MODULE</type>
		<severity>INFO</severity>
		<timestamp>Wed Jul  8 00:16:20 2020</timestamp>
		<arg name='module'>c:\code\oop244\w6\lab\project1\debug\project1.exe</arg>
		<arg name='basement'>0x840000</arg>
		<arg name='ceiling'>0x864fff</arg>
		<arg name='id'>2</arg>
	</msg>
	<msg id='4' source='tcet'>
		<type>LOAD_MODULE</type>
		<severity>INFO</severity>
		<timestamp>Wed Jul  8 00:16:20 2020</timestamp>
		<arg name='module'>c:\windows\syswow64\kernel32.dll</arg>
		<arg name='basement'>0x76790000</arg>
		<arg name='ceiling'>0x7687ffff</arg>
		<arg name='id'>3</arg>
	</msg>
	<!-- Target OS: Win8 or Server 2K2012 or later -->
	<msg id='5' source='tcet'>
		<type>LOAD_MODULE</type>
		<severity>INFO</severity>
		<timestamp>Wed Jul  8 00:16:20 2020</timestamp>
		<arg name='module'>c:\windows\syswow64\kernelbase.dll</arg>
		<arg name='basement'>0x76b40000</arg>
		<arg name='ceiling'>0x76d52fff</arg>
		<arg name='id'>4</arg>
	</msg>
	<!-- Target OS: Win8 or Server 2K2012 or later -->
	<msg id='6' source='tcet'>
		<type>LOAD_MODULE</type>
		<severity>INFO</severity>
		<timestamp>Wed Jul  8 00:16:20 2020</timestamp>
		<arg name='module'>c:\windows\syswow64\ntdll.dll</arg>
		<arg name='basement'>0x77c60000</arg>
		<arg name='ceiling'>0x77e01fff</arg>
		<arg name='id'>5</arg>
	</msg>
	<!-- Target OS: Win8 or Server 2K2012 or later -->
	<msg id='7' source='tcet'>
		<type>LOAD_MODULE</type>
		<severity>INFO</severity>
		<timestamp>Wed Jul  8 00:16:21 2020</timestamp>
		<arg name='module'>c:\program files\norton security\nortondata\22.20.2.57\definitions\bashdefs\20200706.001\umengx86.dll</arg>
		<arg name='basement'>0x6d3b0000</arg>
		<arg name='ceiling'>0x6d417fff</arg>
		<arg name='id'>6</arg>
	</msg>
	<msg id='8' source='tcet'>
		<type>LOAD_MODULE</type>
		<severity>INFO</severity>
		<timestamp>Wed Jul  8 00:16:21 2020</timestamp>
		<arg name='module'>c:\windows\syswow64\vcruntime140d.dll</arg>
		<arg name='basement'>0x7b6b0000</arg>
		<arg name='ceiling'>0x7b6ccfff</arg>
		<arg name='id'>7</arg>
	</msg>
	<msg id='9' source='tcet'>
		<type>LOAD_MODULE</type>
		<severity>INFO</severity>
		<timestamp>Wed Jul  8 00:16:21 2020</timestamp>
		<arg name='module'>c:\windows\syswow64\msvcp140d.dll</arg>
		<arg name='basement'>0x7c950000</arg>
		<arg name='ceiling'>0x7ca05fff</arg>
		<arg name='id'>8</arg>
	</msg>
	<msg id='10' source='tcet'>
		<type>LOAD_MODULE</type>
		<severity>INFO</severity>
		<timestamp>Wed Jul  8 00:16:21 2020</timestamp>
		<arg name='module'>c:\windows\syswow64\ucrtbased.dll</arg>
		<arg name='basement'>0x7c7d0000</arg>
		<arg name='ceiling'>0x7c944fff</arg>
		<arg name='id'>9</arg>
	</msg>
	<msg id='11' source='tcet'>
		<type>LOAD_MODULE</type>
		<severity>INFO</severity>
		<timestamp>Wed Jul  8 00:16:23 2020</timestamp>
		<arg name='module'>c:\windows\syswow64\kernel.appcore.dll</arg>
		<arg name='basement'>0x74fd0000</arg>
		<arg name='ceiling'>0x74fdefff</arg>
		<arg name='id'>10</arg>
	</msg>
	<msg id='12' source='tcet'>
		<type>LOAD_MODULE</type>
		<severity>INFO</severity>
		<timestamp>Wed Jul  8 00:16:23 2020</timestamp>
		<arg name='module'>c:\windows\syswow64\msvcrt.dll</arg>
		<arg name='basement'>0x77320000</arg>
		<arg name='ceiling'>0x773defff</arg>
		<arg name='id'>11</arg>
	</msg>
	<msg id='13' source='tcet'>
		<type>LOAD_MODULE</type>
		<severity>INFO</severity>
		<timestamp>Wed Jul  8 00:16:23 2020</timestamp>
		<arg name='module'>c:\windows\syswow64\rpcrt4.dll</arg>
		<arg name='basement'>0x76930000</arg>
		<arg name='ceiling'>0x769e9fff</arg>
		<arg name='id'>12</arg>
	</msg>
	<msg id='14' display='false' source='tcet'>
		<type>HEARTBEAT</type>
		<severity>INFO</severity>
		<timestamp>Wed Jul  8 00:16:23 2020</timestamp>
		<arg name='tids'>6872,9268,16496,20404,17736</arg>
		<arg name='syscalls'>1,1,1,1,0</arg>
		<arg name='calls'>408,490,1165,1102,235835</arg>
	</msg>
	<!-- A thread end notification for 2 was received by thread 0 -->
	<!-- A thread end notification for 3 was received by thread 0 -->
	<!-- A thread end notification for 4 was received by thread 0 -->
	<!-- A thread end notification for 5 was received by thread 0 -->
	<!-- Thread 0 effective sampling rate is 39862/674371 -->
	<msg id='15' source='tcet'>
		<type>UNLOAD_MODULE</type>
		<severity>INFO</severity>
		<timestamp>Wed Jul  8 00:16:24 2020</timestamp>
		<arg name='module'>c:\code\oop244\w6\lab\project1\debug\project1.exe</arg>
		<arg name='id'>2</arg>
	</msg>
	<msg id='16' source='tcet'>
		<type>UNLOAD_MODULE</type>
		<severity>INFO</severity>
		<timestamp>Wed Jul  8 00:16:24 2020</timestamp>
		<arg name='module'>c:\windows\syswow64\kernel32.dll</arg>
		<arg name='id'>3</arg>
	</msg>
	<msg id='17' source='tcet'>
		<type>UNLOAD_MODULE</type>
		<severity>INFO</severity>
		<timestamp>Wed Jul  8 00:16:24 2020</timestamp>
		<arg name='module'>c:\windows\syswow64\kernelbase.dll</arg>
		<arg name='id'>4</arg>
	</msg>
	<msg id='18' source='tcet'>
		<type>UNLOAD_MODULE</type>
		<severity>INFO</severity>
		<timestamp>Wed Jul  8 00:16:24 2020</timestamp>
		<arg name='module'>c:\windows\syswow64\ntdll.dll</arg>
		<arg name='id'>5</arg>
	</msg>
	<msg id='19' source='tcet'>
		<type>UNLOAD_MODULE</type>
		<severity>INFO</severity>
		<timestamp>Wed Jul  8 00:16:24 2020</timestamp>
		<arg name='module'>c:\program files\norton security\nortondata\22.20.2.57\definitions\bashdefs\20200706.001\umengx86.dll</arg>
		<arg name='id'>6</arg>
	</msg>
	<msg id='20' source='tcet'>
		<type>UNLOAD_MODULE</type>
		<severity>INFO</severity>
		<timestamp>Wed Jul  8 00:16:24 2020</timestamp>
		<arg name='module'>c:\windows\syswow64\vcruntime140d.dll</arg>
		<arg name='id'>7</arg>
	</msg>
	<msg id='21' source='tcet'>
		<type>UNLOAD_MODULE</type>
		<severity>INFO</severity>
		<timestamp>Wed Jul  8 00:16:24 2020</timestamp>
		<arg name='module'>c:\windows\syswow64\msvcp140d.dll</arg>
		<arg name='id'>8</arg>
	</msg>
	<msg id='22' source='tcet'>
		<type>UNLOAD_MODULE</type>
		<severity>INFO</severity>
		<timestamp>Wed Jul  8 00:16:24 2020</timestamp>
		<arg name='module'>c:\windows\syswow64\ucrtbased.dll</arg>
		<arg name='id'>9</arg>
	</msg>
	<msg id='23' source='tcet'>
		<type>UNLOAD_MODULE</type>
		<severity>INFO</severity>
		<timestamp>Wed Jul  8 00:16:24 2020</timestamp>
		<arg name='module'>c:\windows\syswow64\kernel.appcore.dll</arg>
		<arg name='id'>10</arg>
	</msg>
	<msg id='24' source='tcet'>
		<type>UNLOAD_MODULE</type>
		<severity>INFO</severity>
		<timestamp>Wed Jul  8 00:16:24 2020</timestamp>
		<arg name='module'>c:\windows\syswow64\msvcrt.dll</arg>
		<arg name='id'>11</arg>
	</msg>
	<msg id='25' source='tcet'>
		<type>UNLOAD_MODULE</type>
		<severity>INFO</severity>
		<timestamp>Wed Jul  8 00:16:24 2020</timestamp>
		<arg name='module'>c:\windows\syswow64\rpcrt4.dll</arg>
		<arg name='id'>12</arg>
	</msg>
	<msg id='26' source='tcet'>
		<type>PROCESS_TERMINATE</type>
		<severity>INFO</severity>
		<timestamp>Wed Jul  8 00:16:24 2020</timestamp>
		<arg name='process'>c:\code\oop244\w6\lab\project1\debug\project1.exe</arg>
		<arg name='pid'>20608</arg>
	</msg>
	<msg id='27' display='false' source='tccore'>
		<type>ANALYSIS_COMPLETE</type>
		<severity>INFO</severity>
		<timestamp>Wed Jul  8 00:16:24 2020</timestamp>
	</msg>
	<msg id='28' display='false' source='tccore'>
		<type>STOP</type>
		<severity>INFO</severity>
		<timestamp>Wed Jul  8 00:16:24 2020</timestamp>
	</msg>
</log>