  Foo.cpp
C:\CPA_Code\OOP345\Midterm\mid4\Project1\Foo.h(28,53): error C2804: binary 'operator +' has too many parameters
C:\CPA_Code\OOP345\Midterm\mid4\Project1\Foo.h(28,53): error C2333: 'Foo::operator +': error in function declaration; skipping function body
C:\CPA_Code\OOP345\Midterm\mid4\Project1\Foo.h(32,48): error C2804: binary 'operator +' has too many parameters
C:\CPA_Code\OOP345\Midterm\mid4\Project1\Foo.h(33,19): error C2027: use of undefined type 'Foo'
C:\CPA_Code\OOP345\Midterm\mid4\Project1\Foo.h(6): message : see declaration of 'Foo'
C:\CPA_Code\OOP345\Midterm\mid4\Project1\Foo.h(34,14): error C2027: use of undefined type 'Foo'
C:\CPA_Code\OOP345\Midterm\mid4\Project1\Foo.h(6): message : see declaration of 'Foo'
C:\CPA_Code\OOP345\Midterm\mid4\Project1\Foo.cpp(15,31): error C2678: binary '+': no operator found which takes a left-hand operand of type 'Foo' (or there is no acceptable conversion)
C:\CPA_Code\OOP345\Midterm\mid4\Project1\Foo.cpp(8,8): message : could be 'std::string operator +(std::string,const Foo &)'
C:\CPA_Code\OOP345\Midterm\mid4\Project1\Foo.cpp(15,31): message : while trying to match the argument list '(Foo, const char [1])'
C:\CPA_Code\OOP345\Midterm\mid4\Project1\Foo.cpp(16,36): error C2678: binary '+': no operator found which takes a left-hand operand of type 'Foo' (or there is no acceptable conversion)
C:\CPA_Code\OOP345\Midterm\mid4\Project1\Foo.cpp(8,8): message : could be 'std::string operator +(std::string,const Foo &)'
C:\CPA_Code\OOP345\Midterm\mid4\Project1\Foo.cpp(16,36): message : while trying to match the argument list '(Foo, const char [6])'
  Source.cpp
C:\CPA_Code\OOP345\Midterm\mid4\Project1\Foo.h(28,53): error C2804: binary 'operator +' has too many parameters
C:\CPA_Code\OOP345\Midterm\mid4\Project1\Foo.h(28,53): error C2333: 'Foo::operator +': error in function declaration; skipping function body
C:\CPA_Code\OOP345\Midterm\mid4\Project1\Foo.h(32,48): error C2804: binary 'operator +' has too many parameters
C:\CPA_Code\OOP345\Midterm\mid4\Project1\Foo.h(33,19): error C2027: use of undefined type 'Foo'
C:\CPA_Code\OOP345\Midterm\mid4\Project1\Foo.h(6): message : see declaration of 'Foo'
C:\CPA_Code\OOP345\Midterm\mid4\Project1\Foo.h(34,14): error C2027: use of undefined type 'Foo'
C:\CPA_Code\OOP345\Midterm\mid4\Project1\Foo.h(6): message : see declaration of 'Foo'
C:\CPA_Code\OOP345\Midterm\mid4\Project1\Foo.cpp(15,31): error C2678: binary '+': no operator found which takes a left-hand operand of type 'Foo' (or there is no acceptable conversion)
C:\CPA_Code\OOP345\Midterm\mid4\Project1\Foo.cpp(8,8): message : could be 'std::string operator +(std::string,const Foo &)'
C:\CPA_Code\OOP345\Midterm\mid4\Project1\Foo.cpp(15,31): message : while trying to match the argument list '(Foo, const char [1])'
C:\CPA_Code\OOP345\Midterm\mid4\Project1\Foo.cpp(16,36): error C2678: binary '+': no operator found which takes a left-hand operand of type 'Foo' (or there is no acceptable conversion)
C:\CPA_Code\OOP345\Midterm\mid4\Project1\Foo.cpp(8,8): message : could be 'std::string operator +(std::string,const Foo &)'
C:\CPA_Code\OOP345\Midterm\mid4\Project1\Foo.cpp(16,36): message : while trying to match the argument list '(Foo, const char [6])'
C:\CPA_Code\OOP345\Midterm\mid4\Project1\Source.cpp(12,21): error C2672: 'begin': no matching overloaded function found
C:\CPA_Code\OOP345\Midterm\mid4\Project1\Source.cpp(12,26): error C2893: Failed to specialize function template 'unknown-type std::begin(_Container &)'
C:\Program Files (x86)\Microsoft Visual Studio\2019\Community\VC\Tools\MSVC\14.28.29333\include\xutility(2169): message : see declaration of 'std::begin'
C:\CPA_Code\OOP345\Midterm\mid4\Project1\Source.cpp(12,26): message : With the following template arguments:
C:\CPA_Code\OOP345\Midterm\mid4\Project1\Source.cpp(12,26): message : '_Container=int *'
C:\CPA_Code\OOP345\Midterm\mid4\Project1\Source.cpp(12,26): error C2784: 'const _Elem *std::begin(std::initializer_list<_Elem>) noexcept': could not deduce template argument for 'std::initializer_list<_Elem>' from 'int *'
C:\Program Files (x86)\Microsoft Visual Studio\2019\Community\VC\Tools\MSVC\14.28.29333\include\initializer_list(57): message : see declaration of 'std::begin'
C:\CPA_Code\OOP345\Midterm\mid4\Project1\Source.cpp(12,21): error C2672: 'end': no matching overloaded function found
C:\CPA_Code\OOP345\Midterm\mid4\Project1\Source.cpp(12,26): error C2893: Failed to specialize function template 'unknown-type std::end(_Container &)'
C:\Program Files (x86)\Microsoft Visual Studio\2019\Community\VC\Tools\MSVC\14.28.29333\include\xutility(2179): message : see declaration of 'std::end'
C:\CPA_Code\OOP345\Midterm\mid4\Project1\Source.cpp(12,26): message : With the following template arguments:
C:\CPA_Code\OOP345\Midterm\mid4\Project1\Source.cpp(12,26): message : '_Container=int *'
C:\CPA_Code\OOP345\Midterm\mid4\Project1\Source.cpp(12,26): error C2784: 'const _Elem *std::end(std::initializer_list<_Elem>) noexcept': could not deduce template argument for 'std::initializer_list<_Elem>' from 'int *'
C:\Program Files (x86)\Microsoft Visual Studio\2019\Community\VC\Tools\MSVC\14.28.29333\include\initializer_list(63): message : see declaration of 'std::end'
C:\CPA_Code\OOP345\Midterm\mid4\Project1\Source.cpp(12,26): error C3536: '<begin>$L0': cannot be used before it is initialized
C:\CPA_Code\OOP345\Midterm\mid4\Project1\Source.cpp(12,26): error C3536: '<end>$L0': cannot be used before it is initialized
C:\CPA_Code\OOP345\Midterm\mid4\Project1\Source.cpp(12,24): error C2100: illegal indirection
C:\CPA_Code\OOP345\Midterm\mid4\Project1\Source.cpp(21,19): error C2662: 'void Foo::update(Foo &)': cannot convert 'this' pointer from 'const Foo' to 'Foo &'
C:\CPA_Code\OOP345\Midterm\mid4\Project1\Source.cpp(21,3): message : Conversion loses qualifiers
C:\CPA_Code\OOP345\Midterm\mid4\Project1\Foo.h(17,7): message : see declaration of 'Foo::update'
C:\CPA_Code\OOP345\Midterm\mid4\Project1\Source.cpp(22,25): error C2039: 'getValue': is not a member of 'std::basic_string<char,std::char_traits<char>,std::allocator<char>>'
C:\Program Files (x86)\Microsoft Visual Studio\2019\Community\VC\Tools\MSVC\14.28.29333\include\xstring(4648): message : see declaration of 'std::basic_string<char,std::char_traits<char>,std::allocator<char>>'
  Generating Code...
