<?xml version="1.0" encoding="utf-8"?>
<log version="1.0" tool="runtool">

<msg id="1" tool="runtool">
  <type>log-start</type>
  <arg>2020/06/19 19:19:42</arg>
</msg>
<msg id="2" tool="runtool">
  <type>collector-starts</type>
</msg>
<msg id="3" tool="runtool">
  <type>marker-file</type>
  <arg>C:\code\oop244\w4\home\Project1\My Inspector Results - Project1\r010mi3\r010mi3.inspxe</arg>
</msg>
<msg id="4" tool="mc">
  <type>EXEC_OF_INTEREST</type>
  <arg>c:\code\oop244\w4\home\project1\debug\project1.exe</arg>
  <arg>21068</arg>
  <severity>INFO</severity>
  <timestamp>Fri Jun 19 19:19:43 2020</timestamp>
</msg>
<msg id="5" tool="mc">
  <type>MODULE_LOAD</type>
  <arg>c:\code\oop244\w4\home\project1\debug\project1.exe</arg>
  <arg>0x3c0000</arg>
  <arg>0x3e3fff</arg>
  <severity>INFO</severity>
  <timestamp>Fri Jun 19 19:19:43 2020</timestamp>
</msg>
<msg id="6" tool="mc">
  <type>MODULE_LOAD</type>
  <arg>c:\windows\syswow64\kernel32.dll</arg>
  <arg>0x76b40000</arg>
  <arg>0x76c2ffff</arg>
  <severity>INFO</severity>
  <timestamp>Fri Jun 19 19:19:43 2020</timestamp>
</msg>
<msg id="7" tool="mc">
  <type>MODULE_LOAD</type>
  <arg>c:\windows\syswow64\kernelbase.dll</arg>
  <arg>0x77900000</arg>
  <arg>0x77b12fff</arg>
  <severity>INFO</severity>
  <timestamp>Fri Jun 19 19:19:43 2020</timestamp>
</msg>
<msg id="8" tool="mc">
  <type>MODULE_LOAD</type>
  <arg>c:\windows\syswow64\ntdll.dll</arg>
  <arg>0x77cd0000</arg>
  <arg>0x77e71fff</arg>
  <severity>INFO</severity>
  <timestamp>Fri Jun 19 19:19:43 2020</timestamp>
</msg>
<msg id="9" tool="mc">
  <type>MODULE_LOAD</type>
  <arg>c:\windows\syswow64\vcruntime140d.dll</arg>
  <arg>0x7b260000</arg>
  <arg>0x7b27cfff</arg>
  <severity>INFO</severity>
  <timestamp>Fri Jun 19 19:19:44 2020</timestamp>
</msg>
<msg id="10" tool="mc">
  <type>MODULE_LOAD</type>
  <arg>c:\windows\syswow64\msvcp140d.dll</arg>
  <arg>0x7af90000</arg>
  <arg>0x7b045fff</arg>
  <severity>INFO</severity>
  <timestamp>Fri Jun 19 19:19:44 2020</timestamp>
</msg>
<msg id="11" tool="mc">
  <type>MODULE_LOAD</type>
  <arg>c:\windows\syswow64\ucrtbased.dll</arg>
  <arg>0x7b050000</arg>
  <arg>0x7b1c4fff</arg>
  <severity>INFO</severity>
  <timestamp>Fri Jun 19 19:19:44 2020</timestamp>
</msg>
<msg id="12" tool="mc">
  <type>MODULE_LOAD</type>
  <arg>c:\windows\syswow64\kernel.appcore.dll</arg>
  <arg>0x750e0000</arg>
  <arg>0x750eefff</arg>
  <severity>INFO</severity>
  <timestamp>Fri Jun 19 19:19:46 2020</timestamp>
</msg>
<msg id="13" tool="mc">
  <type>MODULE_LOAD</type>
  <arg>c:\windows\syswow64\msvcrt.dll</arg>
  <arg>0x76dd0000</arg>
  <arg>0x76e8efff</arg>
  <severity>INFO</severity>
  <timestamp>Fri Jun 19 19:19:46 2020</timestamp>
</msg>
<msg id="14" tool="mc">
  <type>MODULE_LOAD</type>
  <arg>c:\windows\syswow64\rpcrt4.dll</arg>
  <arg>0x77b20000</arg>
  <arg>0x77bd9fff</arg>
  <severity>INFO</severity>
  <timestamp>Fri Jun 19 19:19:46 2020</timestamp>
</msg>
<msg id="15" tool="mc">
  <type>HEARTBEAT</type>
  <arg>7984,7408,8780,22032</arg>
  <arg>0,1,1,1</arg>
  <arg>218938,967,1590,906</arg>
  <severity>INFO</severity>
  <timestamp>Fri Jun 19 19:19:46 2020</timestamp>
</msg>
<msg id="16" tool="mc">
  <type>PROCESS_COMPLETE</type>
  <arg>c:\code\oop244\w4\home\project1\debug\project1.exe</arg>
  <arg>0</arg>
  <severity>INFO</severity>
  <timestamp>Fri Jun 19 19:19:46 2020</timestamp>
</msg>
<msg id="17" tool="mc">
  <type>MODULE_UNLOAD</type>
  <arg>C:\code\oop244\w4\home\Project1\Debug\Project1.exe</arg>
  <severity>INFO</severity>
  <timestamp>Fri Jun 19 19:19:46 2020</timestamp>
</msg>
<msg id="18" tool="mc">
  <type>MODULE_UNLOAD</type>
  <arg>C:\Windows\SysWOW64\kernel32.dll</arg>
  <severity>INFO</severity>
  <timestamp>Fri Jun 19 19:19:46 2020</timestamp>
</msg>
<msg id="19" tool="mc">
  <type>MODULE_UNLOAD</type>
  <arg>C:\Windows\SysWOW64\KernelBase.dll</arg>
  <severity>INFO</severity>
  <timestamp>Fri Jun 19 19:19:46 2020</timestamp>
</msg>
<msg id="20" tool="mc">
  <type>MODULE_UNLOAD</type>
  <arg>C:\Windows\SysWOW64\ntdll.dll</arg>
  <severity>INFO</severity>
  <timestamp>Fri Jun 19 19:19:46 2020</timestamp>
</msg>
<msg id="21" tool="mc">
  <type>MODULE_UNLOAD</type>
  <arg>C:\Windows\SysWOW64\vcruntime140d.dll</arg>
  <severity>INFO</severity>
  <timestamp>Fri Jun 19 19:19:46 2020</timestamp>
</msg>
<msg id="22" tool="mc">
  <type>MODULE_UNLOAD</type>
  <arg>C:\Windows\SysWOW64\msvcp140d.dll</arg>
  <severity>INFO</severity>
  <timestamp>Fri Jun 19 19:19:46 2020</timestamp>
</msg>
<msg id="23" tool="mc">
  <type>MODULE_UNLOAD</type>
  <arg>C:\Windows\SysWOW64\ucrtbased.dll</arg>
  <severity>INFO</severity>
  <timestamp>Fri Jun 19 19:19:46 2020</timestamp>
</msg>
<msg id="24" tool="mc">
  <type>MODULE_UNLOAD</type>
  <arg>C:\Windows\SysWOW64\kernel.appcore.dll</arg>
  <severity>INFO</severity>
  <timestamp>Fri Jun 19 19:19:46 2020</timestamp>
</msg>
<msg id="25" tool="mc">
  <type>MODULE_UNLOAD</type>
  <arg>C:\Windows\SysWOW64\msvcrt.dll</arg>
  <severity>INFO</severity>
  <timestamp>Fri Jun 19 19:19:46 2020</timestamp>
</msg>
<msg id="26" tool="mc">
  <type>MODULE_UNLOAD</type>
  <arg>C:\Windows\SysWOW64\rpcrt4.dll</arg>
  <severity>INFO</severity>
  <timestamp>Fri Jun 19 19:19:46 2020</timestamp>
</msg>
<msg id="27" tool="mc">
  <type>ANALYSIS_COMPLETE</type>
  <arg>c:\code\oop244\w4\home\project1\debug\project1.exe</arg>
  <severity>INFO</severity>
  <timestamp>Fri Jun 19 19:19:46 2020</timestamp>
</msg>
<msg id="28" tool="runtool">
  <type>app-exit-code</type>
  <arg>0</arg>
</msg>
<msg id="29" tool="runtool">
  <type>marker-file</type>
  <arg>C:\code\oop244\w4\home\Project1\My Inspector Results - Project1\r010mi3\r010mi3.inspxe</arg>
</msg>
<msg id="30" tool="runtool">
  <type>collector-done</type>
</msg>
<msg id="31" tool="runtool">
  <type>log-end</type>
  <arg>2020/06/19 19:19:50</arg>
</msg>

</log>

