<?xml version="1.0" encoding="utf-8"?>
<log version="1.0" tool="runtool">

<msg id="1" tool="runtool">
  <type>log-start</type>
  <arg>2020/08/02 07:56:20</arg>
</msg>
<msg id="2" tool="runtool">
  <type>collector-starts</type>
</msg>
<msg id="3" tool="runtool">
  <type>marker-file</type>
  <arg>C:\CPA_Code\oop244\final_project\ms4\Project1\My Inspector Results - Project1\r000mi3\r000mi3.inspxe</arg>
</msg>
<msg id="4" tool="mc">
  <type>EXEC_OF_INTEREST</type>
  <arg>c:\cpa_code\oop244\final_project\ms4\project1\debug\project1.exe</arg>
  <arg>20580</arg>
  <severity>INFO</severity>
  <timestamp>Sun Aug  2 07:56:20 2020</timestamp>
</msg>
<msg id="5" tool="mc">
  <type>MODULE_LOAD</type>
  <arg>c:\cpa_code\oop244\final_project\ms4\project1\debug\project1.exe</arg>
  <arg>0x510000</arg>
  <arg>0x53afff</arg>
  <severity>INFO</severity>
  <timestamp>Sun Aug  2 07:56:20 2020</timestamp>
</msg>
<msg id="6" tool="mc">
  <type>MODULE_LOAD</type>
  <arg>c:\windows\syswow64\kernel32.dll</arg>
  <arg>0x76900000</arg>
  <arg>0x769effff</arg>
  <severity>INFO</severity>
  <timestamp>Sun Aug  2 07:56:20 2020</timestamp>
</msg>
<msg id="7" tool="mc">
  <type>MODULE_LOAD</type>
  <arg>c:\windows\syswow64\kernelbase.dll</arg>
  <arg>0x77680000</arg>
  <arg>0x77892fff</arg>
  <severity>INFO</severity>
  <timestamp>Sun Aug  2 07:56:20 2020</timestamp>
</msg>
<msg id="8" tool="mc">
  <type>MODULE_LOAD</type>
  <arg>c:\windows\syswow64\ntdll.dll</arg>
  <arg>0x77990000</arg>
  <arg>0x77b31fff</arg>
  <severity>INFO</severity>
  <timestamp>Sun Aug  2 07:56:20 2020</timestamp>
</msg>
<msg id="9" tool="mc">
  <type>MODULE_LOAD</type>
  <arg>c:\program files\norton security\nortondata\22.20.2.57\definitions\bashdefs\20200728.001\umengx86.dll</arg>
  <arg>0x67590000</arg>
  <arg>0x675f7fff</arg>
  <severity>INFO</severity>
  <timestamp>Sun Aug  2 07:56:21 2020</timestamp>
</msg>
<msg id="10" tool="mc">
  <type>MODULE_LOAD</type>
  <arg>c:\windows\syswow64\msvcp140d.dll</arg>
  <arg>0xc560000</arg>
  <arg>0xc615fff</arg>
  <severity>INFO</severity>
  <timestamp>Sun Aug  2 07:56:22 2020</timestamp>
</msg>
<msg id="11" tool="mc">
  <type>MODULE_UNLOAD</type>
  <arg>C:\Windows\SysWOW64\msvcp140d.dll</arg>
  <severity>INFO</severity>
  <timestamp>Sun Aug  2 07:56:22 2020</timestamp>
</msg>
<msg id="12" tool="mc">
  <type>MODULE_LOAD</type>
  <arg>c:\windows\syswow64\ucrtbased.dll</arg>
  <arg>0xc7c0000</arg>
  <arg>0xc934fff</arg>
  <severity>INFO</severity>
  <timestamp>Sun Aug  2 07:56:22 2020</timestamp>
</msg>
<msg id="13" tool="mc">
  <type>MODULE_UNLOAD</type>
  <arg>C:\Windows\SysWOW64\ucrtbased.dll</arg>
  <severity>INFO</severity>
  <timestamp>Sun Aug  2 07:56:22 2020</timestamp>
</msg>
<msg id="14" tool="mc">
  <type>MODULE_LOAD</type>
  <arg>c:\windows\syswow64\vcruntime140d.dll</arg>
  <arg>0xc7c0000</arg>
  <arg>0xc7dcfff</arg>
  <severity>INFO</severity>
  <timestamp>Sun Aug  2 07:56:22 2020</timestamp>
</msg>
<msg id="15" tool="mc">
  <type>MODULE_UNLOAD</type>
  <arg>C:\Windows\SysWOW64\vcruntime140d.dll</arg>
  <severity>INFO</severity>
  <timestamp>Sun Aug  2 07:56:22 2020</timestamp>
</msg>
<msg id="16" tool="mc">
  <type>MODULE_LOAD</type>
  <arg>c:\windows\syswow64\msvcp140d.dll</arg>
  <arg>0xc7c0000</arg>
  <arg>0xc875fff</arg>
  <severity>INFO</severity>
  <timestamp>Sun Aug  2 07:56:22 2020</timestamp>
</msg>
<msg id="17" tool="mc">
  <type>MODULE_LOAD</type>
  <arg>c:\windows\syswow64\vcruntime140d.dll</arg>
  <arg>0xc8b0000</arg>
  <arg>0xc8ccfff</arg>
  <severity>INFO</severity>
  <timestamp>Sun Aug  2 07:56:22 2020</timestamp>
</msg>
<msg id="18" tool="mc">
  <type>MODULE_LOAD</type>
  <arg>c:\windows\syswow64\ucrtbased.dll</arg>
  <arg>0xc980000</arg>
  <arg>0xcaf4fff</arg>
  <severity>INFO</severity>
  <timestamp>Sun Aug  2 07:56:22 2020</timestamp>
</msg>
<msg id="19" tool="mc">
  <type>HEARTBEAT</type>
  <arg>10548,13104,14964,13796,17900</arg>
  <arg>1,1,1,1,1</arg>
  <arg>102904,1265,1289,422,495</arg>
  <severity>INFO</severity>
  <timestamp>Sun Aug  2 07:56:25 2020</timestamp>
</msg>
<msg id="20" tool="mc">
  <type>HEARTBEAT</type>
  <arg>10548,13104,14964,13796,17900</arg>
  <arg>1,1,1,1,1</arg>
  <arg>0,0,0,0,30</arg>
  <severity>INFO</severity>
  <timestamp>Sun Aug  2 07:56:26 2020</timestamp>
</msg>
<msg id="21" tool="mc">
  <type>HEARTBEAT</type>
  <arg>10548,13104,14964,13796,17900</arg>
  <arg>0,1,1,1,1</arg>
  <arg>3244,0,0,0,24</arg>
  <severity>INFO</severity>
  <timestamp>Sun Aug  2 07:56:27 2020</timestamp>
</msg>
<msg id="22" tool="mc">
  <type>HEARTBEAT</type>
  <arg>10548,13104,14964,13796,17900</arg>
  <arg>1,1,1,1,1</arg>
  <arg>731,0,0,0,30</arg>
  <severity>INFO</severity>
  <timestamp>Sun Aug  2 07:56:28 2020</timestamp>
</msg>
<msg id="23" tool="mc">
  <type>HEARTBEAT</type>
  <arg>10548,13104,14964,13796,17900</arg>
  <arg>1,1,1,1,1</arg>
  <arg>16755,0,0,0,30</arg>
  <severity>INFO</severity>
  <timestamp>Sun Aug  2 07:56:29 2020</timestamp>
</msg>
<msg id="24" tool="mc">
  <type>HEARTBEAT</type>
  <arg>10548,13104,14964,13796,17900</arg>
  <arg>1,1,1,1,1</arg>
  <arg>0,0,0,0,30</arg>
  <severity>INFO</severity>
  <timestamp>Sun Aug  2 07:56:30 2020</timestamp>
</msg>
<msg id="25" tool="mc">
  <type>HEARTBEAT</type>
  <arg>10548,13104,14964,13796,17900</arg>
  <arg>1,1,1,1,1</arg>
  <arg>0,0,0,0,30</arg>
  <severity>INFO</severity>
  <timestamp>Sun Aug  2 07:56:31 2020</timestamp>
</msg>
<msg id="26" tool="mc">
  <type>HEARTBEAT</type>
  <arg>10548,13104,14964,13796,17900</arg>
  <arg>1,1,1,1,1</arg>
  <arg>0,0,0,0,30</arg>
  <severity>INFO</severity>
  <timestamp>Sun Aug  2 07:56:32 2020</timestamp>
</msg>
<msg id="27" tool="mc">
  <type>HEARTBEAT</type>
  <arg>10548,13104,14964,13796,17900</arg>
  <arg>1,1,1,1,1</arg>
  <arg>0,0,0,0,30</arg>
  <severity>INFO</severity>
  <timestamp>Sun Aug  2 07:56:33 2020</timestamp>
</msg>
<msg id="28" tool="mc">
  <type>HEARTBEAT</type>
  <arg>10548,13104,14964,13796,17900</arg>
  <arg>1,1,1,1,1</arg>
  <arg>18318,0,0,0,30</arg>
  <severity>INFO</severity>
  <timestamp>Sun Aug  2 07:56:34 2020</timestamp>
</msg>
<msg id="29" tool="mc">
  <type>HEARTBEAT</type>
  <arg>10548,13104,14964,13796,17900</arg>
  <arg>1,1,1,1,1</arg>
  <arg>0,0,0,0,30</arg>
  <severity>INFO</severity>
  <timestamp>Sun Aug  2 07:56:35 2020</timestamp>
</msg>
<msg id="30" tool="mc">
  <type>HEARTBEAT</type>
  <arg>10548,13104,14964,13796,17900</arg>
  <arg>1,1,1,1,1</arg>
  <arg>0,0,0,0,30</arg>
  <severity>INFO</severity>
  <timestamp>Sun Aug  2 07:56:36 2020</timestamp>
</msg>
<msg id="31" tool="mc">
  <type>HEARTBEAT</type>
  <arg>10548,13104,14964,13796,17900</arg>
  <arg>1,1,1,1,1</arg>
  <arg>1051,0,0,0,30</arg>
  <severity>INFO</severity>
  <timestamp>Sun Aug  2 07:56:37 2020</timestamp>
</msg>
<msg id="32" tool="mc">
  <type>HEARTBEAT</type>
  <arg>10548,13104,14964,13796,17900</arg>
  <arg>1,1,1,1,1</arg>
  <arg>7186,0,0,0,30</arg>
  <severity>INFO</severity>
  <timestamp>Sun Aug  2 07:56:38 2020</timestamp>
</msg>
<msg id="33" tool="mc">
  <type>HEARTBEAT</type>
  <arg>10548,13104,14964,13796,17900</arg>
  <arg>1,1,1,1,1</arg>
  <arg>0,0,0,0,30</arg>
  <severity>INFO</severity>
  <timestamp>Sun Aug  2 07:56:39 2020</timestamp>
</msg>
<msg id="34" tool="mc">
  <type>HEARTBEAT</type>
  <arg>10548,13104,14964,13796,17900</arg>
  <arg>1,1,1,1,1</arg>
  <arg>925,0,0,0,24</arg>
  <severity>INFO</severity>
  <timestamp>Sun Aug  2 07:56:40 2020</timestamp>
</msg>
<msg id="35" tool="mc">
  <type>HEARTBEAT</type>
  <arg>10548,13104,14964,13796,17900</arg>
  <arg>0,1,1,1,1</arg>
  <arg>11097,0,0,0,30</arg>
  <severity>INFO</severity>
  <timestamp>Sun Aug  2 07:56:41 2020</timestamp>
</msg>
<msg id="36" tool="mc">
  <type>MODULE_LOAD</type>
  <arg>c:\windows\syswow64\kernel.appcore.dll</arg>
  <arg>0x74e50000</arg>
  <arg>0x74e5efff</arg>
  <severity>INFO</severity>
  <timestamp>Sun Aug  2 07:56:41 2020</timestamp>
</msg>
<msg id="37" tool="mc">
  <type>MODULE_LOAD</type>
  <arg>c:\windows\syswow64\msvcrt.dll</arg>
  <arg>0x77150000</arg>
  <arg>0x7720efff</arg>
  <severity>INFO</severity>
  <timestamp>Sun Aug  2 07:56:41 2020</timestamp>
</msg>
<msg id="38" tool="mc">
  <type>MODULE_LOAD</type>
  <arg>c:\windows\syswow64\rpcrt4.dll</arg>
  <arg>0x77350000</arg>
  <arg>0x77409fff</arg>
  <severity>INFO</severity>
  <timestamp>Sun Aug  2 07:56:41 2020</timestamp>
</msg>
<msg id="39" tool="mc">
  <type>PROCESS_COMPLETE</type>
  <arg>c:\cpa_code\oop244\final_project\ms4\project1\debug\project1.exe</arg>
  <arg>0</arg>
  <severity>INFO</severity>
  <timestamp>Sun Aug  2 07:56:41 2020</timestamp>
</msg>
<msg id="40" tool="mc">
  <type>MODULE_UNLOAD</type>
  <arg>C:\CPA_Code\oop244\final_project\ms4\Project1\Debug\Project1.exe</arg>
  <severity>INFO</severity>
  <timestamp>Sun Aug  2 07:56:41 2020</timestamp>
</msg>
<msg id="41" tool="mc">
  <type>MODULE_UNLOAD</type>
  <arg>C:\Windows\SysWOW64\kernel32.dll</arg>
  <severity>INFO</severity>
  <timestamp>Sun Aug  2 07:56:41 2020</timestamp>
</msg>
<msg id="42" tool="mc">
  <type>MODULE_UNLOAD</type>
  <arg>C:\Windows\SysWOW64\KernelBase.dll</arg>
  <severity>INFO</severity>
  <timestamp>Sun Aug  2 07:56:41 2020</timestamp>
</msg>
<msg id="43" tool="mc">
  <type>MODULE_UNLOAD</type>
  <arg>C:\Windows\SysWOW64\ntdll.dll</arg>
  <severity>INFO</severity>
  <timestamp>Sun Aug  2 07:56:41 2020</timestamp>
</msg>
<msg id="44" tool="mc">
  <type>MODULE_UNLOAD</type>
  <arg>C:\Program Files\Norton Security\NortonData\22.20.2.57\Definitions\BASHDefs\20200728.001\UMEngx86.dll</arg>
  <severity>INFO</severity>
  <timestamp>Sun Aug  2 07:56:41 2020</timestamp>
</msg>
<msg id="45" tool="mc">
  <type>MODULE_UNLOAD</type>
  <arg>C:\Windows\SysWOW64\msvcp140d.dll</arg>
  <severity>INFO</severity>
  <timestamp>Sun Aug  2 07:56:41 2020</timestamp>
</msg>
<msg id="46" tool="mc">
  <type>MODULE_UNLOAD</type>
  <arg>C:\Windows\SysWOW64\vcruntime140d.dll</arg>
  <severity>INFO</severity>
  <timestamp>Sun Aug  2 07:56:41 2020</timestamp>
</msg>
<msg id="47" tool="mc">
  <type>MODULE_UNLOAD</type>
  <arg>C:\Windows\SysWOW64\ucrtbased.dll</arg>
  <severity>INFO</severity>
  <timestamp>Sun Aug  2 07:56:41 2020</timestamp>
</msg>
<msg id="48" tool="mc">
  <type>MODULE_UNLOAD</type>
  <arg>C:\Windows\SysWOW64\kernel.appcore.dll</arg>
  <severity>INFO</severity>
  <timestamp>Sun Aug  2 07:56:41 2020</timestamp>
</msg>
<msg id="49" tool="mc">
  <type>MODULE_UNLOAD</type>
  <arg>C:\Windows\SysWOW64\msvcrt.dll</arg>
  <severity>INFO</severity>
  <timestamp>Sun Aug  2 07:56:41 2020</timestamp>
</msg>
<msg id="50" tool="mc">
  <type>MODULE_UNLOAD</type>
  <arg>C:\Windows\SysWOW64\rpcrt4.dll</arg>
  <severity>INFO</severity>
  <timestamp>Sun Aug  2 07:56:41 2020</timestamp>
</msg>
<msg id="51" tool="mc">
  <type>ANALYSIS_COMPLETE</type>
  <arg>c:\cpa_code\oop244\final_project\ms4\project1\debug\project1.exe</arg>
  <severity>INFO</severity>
  <timestamp>Sun Aug  2 07:56:41 2020</timestamp>
</msg>
<msg id="52" tool="runtool">
  <type>app-exit-code</type>
  <arg>0</arg>
</msg>
<msg id="53" tool="runtool">
  <type>marker-file</type>
  <arg>C:\CPA_Code\oop244\final_project\ms4\Project1\My Inspector Results - Project1\r000mi3\r000mi3.inspxe</arg>
</msg>
<msg id="54" tool="runtool">
  <type>collector-done</type>
</msg>
<msg id="55" tool="runtool">
  <type>log-end</type>
  <arg>2020/08/02 07:56:45</arg>
</msg>

</log>

