<?xml version="1.0" encoding="utf-8" ?>
<!-- DO NOT EDIT THIS FILE -->

<log version='2.0' source='mc'>
	<!-- Successfully loaded CCRT at address 0x79800000 - 0x79b03000 -->
	<!-- Successfully loaded MC at address 0x793f0000 - 0x797ab000 -->
	<!-- Analysis started for c:\cpa_code\oop244\final_project\ms4\project1\debug\project1.exe, pid = 20580 -->
	<msg id='1' source='mc'>
		<type>EXEC_OF_INTEREST</type>
		<severity>INFO</severity>
		<timestamp>Sun Aug  2 07:56:20 2020</timestamp>
		<arg name='path'>c:\cpa_code\oop244\final_project\ms4\project1\debug\project1.exe</arg>
		<arg name='pid'>20580</arg>
	</msg>
	<!-- Command line: C:\Program Files (x86)\IntelSWTools\Inspector 2020\bin32\pin -xyzzy -mesgoff console -xyzzy -bridge_save_x87 0 -bridge_save_mxcsr 0 -follow_execv -error_file C:\CPA_Code\oop244\final_project\ms4\Project1\My Inspector Results - Project1\r000mi3\data.0\pin_error.log -logfile C:\CPA_Code\oop244\final_project\ms4\Project1\My Inspector Results - Project1\r000mi3\data.0\pin.log -xyzzy -region_max_inss 500 -p64 C:\Program Files (x86)\IntelSWTools\Inspector 2020\bin64\pin -t64 C:\Program Files (x86)\IntelSWTools\Inspector 2020\bin64\memchkr.dll -t C:\Program Files (x86)\IntelSWTools\Inspector 2020\bin32\memchkr.dll -no-analyze-stack -access-checks -leak-check-on-exit -leak-check-on-demand -enable-memory-growth -leak-check-report-reachable -check-resource-leaks -freelist-vol 1000000 -leak-maximum 100000 -guard-zone-size 32 -stack-depth 16 -heartbeat 1 -mrte-mode auto -working-dir C:\CPA_Code\oop244\final_project\ms4\Project1\My Inspector Results - Project1\r000mi3\data.0 -log mc_Project1.log -result Project1 - C:\CPA_Code\oop244\final_project\ms4\Project1\Debug\Project1.exe  -->
	<!-- mc's options are the following:  -->
	<!-- -help                              false -->
	<!-- -verbose                           false -->
	<!-- -xyzzy                             false -->
	<!-- -version                           false -->
	<!-- -help-all                          false -->
	<!-- -xyzzy-all                         false -->
	<!-- -report-all-instances              false -->
	<!-- -check-for-padded-structures       true -->
	<!-- -check-for-bitfields               true -->
	<!-- -analyze-stack                     false -->
	<!-- -access-checks                     true -->
	<!-- -track-origins                     true -->
	<!-- -duplicate-uninits                 false -->
	<!-- -bss-initialized                   true -->
	<!-- -align-alloc-size                  false -->
	<!-- -report-uninit-read                false -->
	<!-- -ignore-system-libraries           false -->
	<!-- -gen-suppressions                  false -->
	<!-- -leak-check-on-exit                true -->
	<!-- -leak-check-on-demand              true -->
	<!-- -leak-check-uses-baseline          true -->
	<!-- -enable-memory-growth              true -->
	<!-- -leak-check-report-reachable       true -->
	<!-- -leak-check-full                   true -->
	<!-- -check-resource-leaks              true -->
	<!-- -trace-children                    false -->
	<!-- -enable-poke                       false -->
	<!-- -jit-mode-anyway                   false -->
	<!-- -disable-probe-mode-mismatches-64  true -->
	<!-- -aggressive-callstack-caching      false -->
	<!-- -suppress-breakpoints              false -->
	<!-- -monitor-memory                    false -->
	<!-- -freelist-vol                      1000000 -->
	<!-- -leak-maximum                      100000 -->
	<!-- -guard-zone-size                   32 -->
	<!-- -stack-depth                       16 -->
	<!-- -heartbeat                         1 -->
	<!-- -breakpoint-file                   (null) -->
	<!-- -config-file                       (null) -->
	<!-- -log                               mc_Project1.log -->
	<!-- -ignore-commands                   (null),  -->
	<!-- -ignore-modules                    (null),  -->
	<!-- -ignore-symbols                    (null),  -->
	<!-- -module-of-interest                (null),  -->
	<!-- -executable-of-interest            (null),  -->
	<!-- -working-dir                       C:\CPA_Code\oop244\final_project\ms4\Project1\My Inspector Results - Project1\r000mi3\data.0 -->
	<!-- -result                            Project1 -->
	<!-- -exclude-module                    (null),  -->
	<!-- -include-module                    (null),  -->
	<!-- -only-exec-commands                (null),  -->
	<!-- -suppressions                      (null),  -->
	<!-- -debug                             none -->
	<!-- -shared-mem-name                   (null) -->
	<!-- -poke-function                     (null),  -->
	<!-- -analysis-mode                     (null) -->
	<!-- -disable-gatekeeping               false -->
	<!-- -ignore-os-allocators              false -->
	<!-- -mrte-mode                         auto -->
	<!-- probe mode: no -->
	<!-- mem leaks checks: yes -->
	<!-- res leaks checks: yes -->
	<!-- access checks: yes -->
	<!-- track origin: yes -->
	<!-- Environment: INTEL_LIBITTNOTIFY32=C:\Program Files (x86)\IntelSWTools\Inspector 2020\bin32\runtime\libittnotify.dll -->
	<!-- Environment: INTEL_LIBITTNOTIFY64=C:\Program Files (x86)\IntelSWTools\Inspector 2020\bin64\runtime\libittnotify.dll -->
	<!-- Environment: INTEL_JIT_PROFILER32=C:\Program Files (x86)\IntelSWTools\Inspector 2020\bin32\runtime\libittnotify.dll -->
	<!-- Environment: INTEL_JIT_PROFILER64=C:\Program Files (x86)\IntelSWTools\Inspector 2020\bin64\runtime\libittnotify.dll -->
	<!-- Module loaded c:\cpa_code\oop244\final_project\ms4\project1\debug\project1.exe, address range [0x00510000-0x0053afff] -->
	<msg id='2' source='mc'>
		<type>MODULE_LOAD</type>
		<severity>INFO</severity>
		<timestamp>Sun Aug  2 07:56:20 2020</timestamp>
		<arg name='path'>c:\cpa_code\oop244\final_project\ms4\project1\debug\project1.exe</arg>
		<arg name='addr1'>0x510000</arg>
		<arg name='addr2'>0x53afff</arg>
	</msg>
	<!-- Module loaded c:\windows\syswow64\kernel32.dll, address range [0x76900000-0x769effff] -->
	<msg id='3' source='mc'>
		<type>MODULE_LOAD</type>
		<severity>INFO</severity>
		<timestamp>Sun Aug  2 07:56:20 2020</timestamp>
		<arg name='path'>c:\windows\syswow64\kernel32.dll</arg>
		<arg name='addr1'>0x76900000</arg>
		<arg name='addr2'>0x769effff</arg>
	</msg>
	<!-- Module loaded c:\windows\syswow64\kernelbase.dll, address range [0x77680000-0x77892fff] -->
	<msg id='4' source='mc'>
		<type>MODULE_LOAD</type>
		<severity>INFO</severity>
		<timestamp>Sun Aug  2 07:56:20 2020</timestamp>
		<arg name='path'>c:\windows\syswow64\kernelbase.dll</arg>
		<arg name='addr1'>0x77680000</arg>
		<arg name='addr2'>0x77892fff</arg>
	</msg>
	<!-- Module loaded c:\windows\syswow64\ntdll.dll, address range [0x77990000-0x77b31fff] -->
	<msg id='5' source='mc'>
		<type>MODULE_LOAD</type>
		<severity>INFO</severity>
		<timestamp>Sun Aug  2 07:56:20 2020</timestamp>
		<arg name='path'>c:\windows\syswow64\ntdll.dll</arg>
		<arg name='addr1'>0x77990000</arg>
		<arg name='addr2'>0x77b31fff</arg>
	</msg>
	<!-- DIAG: 1 -->
	<!-- Module loaded c:\program files\norton security\nortondata\22.20.2.57\definitions\bashdefs\20200728.001\umengx86.dll, address range [0x67590000-0x675f7fff] -->
	<msg id='6' source='mc'>
		<type>MODULE_LOAD</type>
		<severity>INFO</severity>
		<timestamp>Sun Aug  2 07:56:21 2020</timestamp>
		<arg name='path'>c:\program files\norton security\nortondata\22.20.2.57\definitions\bashdefs\20200728.001\umengx86.dll</arg>
		<arg name='addr1'>0x67590000</arg>
		<arg name='addr2'>0x675f7fff</arg>
	</msg>
	<!-- DIAG: 2 -->
	<!-- DIAG: 3 -->
	<!-- DIAG: 4 -->
	<!-- Module loaded c:\windows\syswow64\msvcp140d.dll, address range [0x0c560000-0x0c615fff] -->
	<msg id='7' source='mc'>
		<type>MODULE_LOAD</type>
		<severity>INFO</severity>
		<timestamp>Sun Aug  2 07:56:22 2020</timestamp>
		<arg name='path'>c:\windows\syswow64\msvcp140d.dll</arg>
		<arg name='addr1'>0xc560000</arg>
		<arg name='addr2'>0xc615fff</arg>
	</msg>
	<!-- Module unloaded C:\Windows\SysWOW64\msvcp140d.dll -->
	<msg id='8' source='mc'>
		<type>MODULE_UNLOAD</type>
		<severity>INFO</severity>
		<timestamp>Sun Aug  2 07:56:22 2020</timestamp>
		<arg name='path'>C:\Windows\SysWOW64\msvcp140d.dll</arg>
	</msg>
	<!-- Module loaded c:\windows\syswow64\ucrtbased.dll, address range [0x0c7c0000-0x0c934fff] -->
	<msg id='9' source='mc'>
		<type>MODULE_LOAD</type>
		<severity>INFO</severity>
		<timestamp>Sun Aug  2 07:56:22 2020</timestamp>
		<arg name='path'>c:\windows\syswow64\ucrtbased.dll</arg>
		<arg name='addr1'>0xc7c0000</arg>
		<arg name='addr2'>0xc934fff</arg>
	</msg>
	<!-- Module unloaded C:\Windows\SysWOW64\ucrtbased.dll -->
	<msg id='10' source='mc'>
		<type>MODULE_UNLOAD</type>
		<severity>INFO</severity>
		<timestamp>Sun Aug  2 07:56:22 2020</timestamp>
		<arg name='path'>C:\Windows\SysWOW64\ucrtbased.dll</arg>
	</msg>
	<!-- Module loaded c:\windows\syswow64\vcruntime140d.dll, address range [0x0c7c0000-0x0c7dcfff] -->
	<msg id='11' source='mc'>
		<type>MODULE_LOAD</type>
		<severity>INFO</severity>
		<timestamp>Sun Aug  2 07:56:22 2020</timestamp>
		<arg name='path'>c:\windows\syswow64\vcruntime140d.dll</arg>
		<arg name='addr1'>0xc7c0000</arg>
		<arg name='addr2'>0xc7dcfff</arg>
	</msg>
	<!-- Module unloaded C:\Windows\SysWOW64\vcruntime140d.dll -->
	<msg id='12' source='mc'>
		<type>MODULE_UNLOAD</type>
		<severity>INFO</severity>
		<timestamp>Sun Aug  2 07:56:22 2020</timestamp>
		<arg name='path'>C:\Windows\SysWOW64\vcruntime140d.dll</arg>
	</msg>
	<!-- Module loaded c:\windows\syswow64\msvcp140d.dll, address range [0x0c7c0000-0x0c875fff] -->
	<msg id='13' source='mc'>
		<type>MODULE_LOAD</type>
		<severity>INFO</severity>
		<timestamp>Sun Aug  2 07:56:22 2020</timestamp>
		<arg name='path'>c:\windows\syswow64\msvcp140d.dll</arg>
		<arg name='addr1'>0xc7c0000</arg>
		<arg name='addr2'>0xc875fff</arg>
	</msg>
	<!-- Module loaded c:\windows\syswow64\vcruntime140d.dll, address range [0x0c8b0000-0x0c8ccfff] -->
	<msg id='14' source='mc'>
		<type>MODULE_LOAD</type>
		<severity>INFO</severity>
		<timestamp>Sun Aug  2 07:56:22 2020</timestamp>
		<arg name='path'>c:\windows\syswow64\vcruntime140d.dll</arg>
		<arg name='addr1'>0xc8b0000</arg>
		<arg name='addr2'>0xc8ccfff</arg>
	</msg>
	<!-- Module loaded c:\windows\syswow64\ucrtbased.dll, address range [0x0c980000-0x0caf4fff] -->
	<msg id='15' source='mc'>
		<type>MODULE_LOAD</type>
		<severity>INFO</severity>
		<timestamp>Sun Aug  2 07:56:22 2020</timestamp>
		<arg name='path'>c:\windows\syswow64\ucrtbased.dll</arg>
		<arg name='addr1'>0xc980000</arg>
		<arg name='addr2'>0xcaf4fff</arg>
	</msg>
	<!-- DIAG: 5 -->
	<!-- Unable to lookup RVA for address 0xcc60064. Stack frame will not be reported. -->
	<!-- DIAG: 6 -->
	<!-- DIAG: 7 -->
	<!-- DIAG: 8 -->
	<!-- DIAG: 9 -->
	<!-- DIAG: 10 -->
	<!-- Heartbeat, tids = 10548,13104,14964,13796,17900, syscallStatus = 1,1,1,1,1, calls = 102904,1265,1289,422,495 -->
	<msg id='16' display='false' source='mc'>
		<type>HEARTBEAT</type>
		<severity>INFO</severity>
		<timestamp>Sun Aug  2 07:56:25 2020</timestamp>
		<arg name='tids'>10548,13104,14964,13796,17900</arg>
		<arg name='syscalls'>1,1,1,1,1</arg>
		<arg name='calls'>102904,1265,1289,422,495</arg>
	</msg>
	<!-- Heartbeat, tids = 10548,13104,14964,13796,17900, syscallStatus = 1,1,1,1,1, calls = 0,0,0,0,30 -->
	<msg id='17' display='false' source='mc'>
		<type>HEARTBEAT</type>
		<severity>INFO</severity>
		<timestamp>Sun Aug  2 07:56:26 2020</timestamp>
		<arg name='tids'>10548,13104,14964,13796,17900</arg>
		<arg name='syscalls'>1,1,1,1,1</arg>
		<arg name='calls'>0,0,0,0,30</arg>
	</msg>
	<!-- Heartbeat, tids = 10548,13104,14964,13796,17900, syscallStatus = 0,1,1,1,1, calls = 3244,0,0,0,24 -->
	<msg id='18' display='false' source='mc'>
		<type>HEARTBEAT</type>
		<severity>INFO</severity>
		<timestamp>Sun Aug  2 07:56:27 2020</timestamp>
		<arg name='tids'>10548,13104,14964,13796,17900</arg>
		<arg name='syscalls'>0,1,1,1,1</arg>
		<arg name='calls'>3244,0,0,0,24</arg>
	</msg>
	<!-- Heartbeat, tids = 10548,13104,14964,13796,17900, syscallStatus = 1,1,1,1,1, calls = 731,0,0,0,30 -->
	<msg id='19' display='false' source='mc'>
		<type>HEARTBEAT</type>
		<severity>INFO</severity>
		<timestamp>Sun Aug  2 07:56:28 2020</timestamp>
		<arg name='tids'>10548,13104,14964,13796,17900</arg>
		<arg name='syscalls'>1,1,1,1,1</arg>
		<arg name='calls'>731,0,0,0,30</arg>
	</msg>
	<!-- Heartbeat, tids = 10548,13104,14964,13796,17900, syscallStatus = 1,1,1,1,1, calls = 16755,0,0,0,30 -->
	<msg id='20' display='false' source='mc'>
		<type>HEARTBEAT</type>
		<severity>INFO</severity>
		<timestamp>Sun Aug  2 07:56:29 2020</timestamp>
		<arg name='tids'>10548,13104,14964,13796,17900</arg>
		<arg name='syscalls'>1,1,1,1,1</arg>
		<arg name='calls'>16755,0,0,0,30</arg>
	</msg>
	<!-- Heartbeat, tids = 10548,13104,14964,13796,17900, syscallStatus = 1,1,1,1,1, calls = 0,0,0,0,30 -->
	<msg id='21' display='false' source='mc'>
		<type>HEARTBEAT</type>
		<severity>INFO</severity>
		<timestamp>Sun Aug  2 07:56:30 2020</timestamp>
		<arg name='tids'>10548,13104,14964,13796,17900</arg>
		<arg name='syscalls'>1,1,1,1,1</arg>
		<arg name='calls'>0,0,0,0,30</arg>
	</msg>
	<!-- Heartbeat, tids = 10548,13104,14964,13796,17900, syscallStatus = 1,1,1,1,1, calls = 0,0,0,0,30 -->
	<msg id='22' display='false' source='mc'>
		<type>HEARTBEAT</type>
		<severity>INFO</severity>
		<timestamp>Sun Aug  2 07:56:31 2020</timestamp>
		<arg name='tids'>10548,13104,14964,13796,17900</arg>
		<arg name='syscalls'>1,1,1,1,1</arg>
		<arg name='calls'>0,0,0,0,30</arg>
	</msg>
	<!-- Heartbeat, tids = 10548,13104,14964,13796,17900, syscallStatus = 1,1,1,1,1, calls = 0,0,0,0,30 -->
	<msg id='23' display='false' source='mc'>
		<type>HEARTBEAT</type>
		<severity>INFO</severity>
		<timestamp>Sun Aug  2 07:56:32 2020</timestamp>
		<arg name='tids'>10548,13104,14964,13796,17900</arg>
		<arg name='syscalls'>1,1,1,1,1</arg>
		<arg name='calls'>0,0,0,0,30</arg>
	</msg>
	<!-- Heartbeat, tids = 10548,13104,14964,13796,17900, syscallStatus = 1,1,1,1,1, calls = 0,0,0,0,30 -->
	<msg id='24' display='false' source='mc'>
		<type>HEARTBEAT</type>
		<severity>INFO</severity>
		<timestamp>Sun Aug  2 07:56:33 2020</timestamp>
		<arg name='tids'>10548,13104,14964,13796,17900</arg>
		<arg name='syscalls'>1,1,1,1,1</arg>
		<arg name='calls'>0,0,0,0,30</arg>
	</msg>
	<!-- Heartbeat, tids = 10548,13104,14964,13796,17900, syscallStatus = 1,1,1,1,1, calls = 18318,0,0,0,30 -->
	<msg id='25' display='false' source='mc'>
		<type>HEARTBEAT</type>
		<severity>INFO</severity>
		<timestamp>Sun Aug  2 07:56:34 2020</timestamp>
		<arg name='tids'>10548,13104,14964,13796,17900</arg>
		<arg name='syscalls'>1,1,1,1,1</arg>
		<arg name='calls'>18318,0,0,0,30</arg>
	</msg>
	<!-- Heartbeat, tids = 10548,13104,14964,13796,17900, syscallStatus = 1,1,1,1,1, calls = 0,0,0,0,30 -->
	<msg id='26' display='false' source='mc'>
		<type>HEARTBEAT</type>
		<severity>INFO</severity>
		<timestamp>Sun Aug  2 07:56:35 2020</timestamp>
		<arg name='tids'>10548,13104,14964,13796,17900</arg>
		<arg name='syscalls'>1,1,1,1,1</arg>
		<arg name='calls'>0,0,0,0,30</arg>
	</msg>
	<!-- Heartbeat, tids = 10548,13104,14964,13796,17900, syscallStatus = 1,1,1,1,1, calls = 0,0,0,0,30 -->
	<msg id='27' display='false' source='mc'>
		<type>HEARTBEAT</type>
		<severity>INFO</severity>
		<timestamp>Sun Aug  2 07:56:36 2020</timestamp>
		<arg name='tids'>10548,13104,14964,13796,17900</arg>
		<arg name='syscalls'>1,1,1,1,1</arg>
		<arg name='calls'>0,0,0,0,30</arg>
	</msg>
	<!-- Heartbeat, tids = 10548,13104,14964,13796,17900, syscallStatus = 1,1,1,1,1, calls = 1051,0,0,0,30 -->
	<msg id='28' display='false' source='mc'>
		<type>HEARTBEAT</type>
		<severity>INFO</severity>
		<timestamp>Sun Aug  2 07:56:37 2020</timestamp>
		<arg name='tids'>10548,13104,14964,13796,17900</arg>
		<arg name='syscalls'>1,1,1,1,1</arg>
		<arg name='calls'>1051,0,0,0,30</arg>
	</msg>
	<!-- Heartbeat, tids = 10548,13104,14964,13796,17900, syscallStatus = 1,1,1,1,1, calls = 7186,0,0,0,30 -->
	<msg id='29' display='false' source='mc'>
		<type>HEARTBEAT</type>
		<severity>INFO</severity>
		<timestamp>Sun Aug  2 07:56:38 2020</timestamp>
		<arg name='tids'>10548,13104,14964,13796,17900</arg>
		<arg name='syscalls'>1,1,1,1,1</arg>
		<arg name='calls'>7186,0,0,0,30</arg>
	</msg>
	<!-- Heartbeat, tids = 10548,13104,14964,13796,17900, syscallStatus = 1,1,1,1,1, calls = 0,0,0,0,30 -->
	<msg id='30' display='false' source='mc'>
		<type>HEARTBEAT</type>
		<severity>INFO</severity>
		<timestamp>Sun Aug  2 07:56:39 2020</timestamp>
		<arg name='tids'>10548,13104,14964,13796,17900</arg>
		<arg name='syscalls'>1,1,1,1,1</arg>
		<arg name='calls'>0,0,0,0,30</arg>
	</msg>
	<!-- Heartbeat, tids = 10548,13104,14964,13796,17900, syscallStatus = 1,1,1,1,1, calls = 925,0,0,0,24 -->
	<msg id='31' display='false' source='mc'>
		<type>HEARTBEAT</type>
		<severity>INFO</severity>
		<timestamp>Sun Aug  2 07:56:40 2020</timestamp>
		<arg name='tids'>10548,13104,14964,13796,17900</arg>
		<arg name='syscalls'>1,1,1,1,1</arg>
		<arg name='calls'>925,0,0,0,24</arg>
	</msg>
	<!-- Heartbeat, tids = 10548,13104,14964,13796,17900, syscallStatus = 0,1,1,1,1, calls = 11097,0,0,0,30 -->
	<msg id='32' display='false' source='mc'>
		<type>HEARTBEAT</type>
		<severity>INFO</severity>
		<timestamp>Sun Aug  2 07:56:41 2020</timestamp>
		<arg name='tids'>10548,13104,14964,13796,17900</arg>
		<arg name='syscalls'>0,1,1,1,1</arg>
		<arg name='calls'>11097,0,0,0,30</arg>
	</msg>
	<!-- Module loaded c:\windows\syswow64\kernel.appcore.dll, address range [0x74e50000-0x74e5efff] -->
	<msg id='33' source='mc'>
		<type>MODULE_LOAD</type>
		<severity>INFO</severity>
		<timestamp>Sun Aug  2 07:56:41 2020</timestamp>
		<arg name='path'>c:\windows\syswow64\kernel.appcore.dll</arg>
		<arg name='addr1'>0x74e50000</arg>
		<arg name='addr2'>0x74e5efff</arg>
	</msg>
	<!-- Module loaded c:\windows\syswow64\msvcrt.dll, address range [0x77150000-0x7720efff] -->
	<msg id='34' source='mc'>
		<type>MODULE_LOAD</type>
		<severity>INFO</severity>
		<timestamp>Sun Aug  2 07:56:41 2020</timestamp>
		<arg name='path'>c:\windows\syswow64\msvcrt.dll</arg>
		<arg name='addr1'>0x77150000</arg>
		<arg name='addr2'>0x7720efff</arg>
	</msg>
	<!-- Module loaded c:\windows\syswow64\rpcrt4.dll, address range [0x77350000-0x77409fff] -->
	<msg id='35' source='mc'>
		<type>MODULE_LOAD</type>
		<severity>INFO</severity>
		<timestamp>Sun Aug  2 07:56:41 2020</timestamp>
		<arg name='path'>c:\windows\syswow64\rpcrt4.dll</arg>
		<arg name='addr1'>0x77350000</arg>
		<arg name='addr2'>0x77409fff</arg>
	</msg>
	<!-- DIAG: 11 -->
	<!-- DIAG: 12 -->
	<!-- DIAG: 13 -->
	<!-- DIAG: 14 -->
	<!-- DIAG: 15 -->
	<!-- Process c:\cpa_code\oop244\final_project\ms4\project1\debug\project1.exe exited with code 0. Leak analysis starting - this may take a while. -->
	<msg id='36' source='mc'>
		<type>PROCESS_COMPLETE</type>
		<severity>INFO</severity>
		<timestamp>Sun Aug  2 07:56:41 2020</timestamp>
		<arg name='path'>c:\cpa_code\oop244\final_project\ms4\project1\debug\project1.exe</arg>
		<arg name='code'>0</arg>
	</msg>
	<!-- Module unloaded C:\CPA_Code\oop244\final_project\ms4\Project1\Debug\Project1.exe -->
	<msg id='37' source='mc'>
		<type>MODULE_UNLOAD</type>
		<severity>INFO</severity>
		<timestamp>Sun Aug  2 07:56:41 2020</timestamp>
		<arg name='path'>C:\CPA_Code\oop244\final_project\ms4\Project1\Debug\Project1.exe</arg>
	</msg>
	<!-- Module unloaded C:\Windows\SysWOW64\kernel32.dll -->
	<msg id='38' source='mc'>
		<type>MODULE_UNLOAD</type>
		<severity>INFO</severity>
		<timestamp>Sun Aug  2 07:56:41 2020</timestamp>
		<arg name='path'>C:\Windows\SysWOW64\kernel32.dll</arg>
	</msg>
	<!-- Module unloaded C:\Windows\SysWOW64\KernelBase.dll -->
	<msg id='39' source='mc'>
		<type>MODULE_UNLOAD</type>
		<severity>INFO</severity>
		<timestamp>Sun Aug  2 07:56:41 2020</timestamp>
		<arg name='path'>C:\Windows\SysWOW64\KernelBase.dll</arg>
	</msg>
	<!-- Module unloaded C:\Windows\SysWOW64\ntdll.dll -->
	<msg id='40' source='mc'>
		<type>MODULE_UNLOAD</type>
		<severity>INFO</severity>
		<timestamp>Sun Aug  2 07:56:41 2020</timestamp>
		<arg name='path'>C:\Windows\SysWOW64\ntdll.dll</arg>
	</msg>
	<!-- Module unloaded C:\Program Files\Norton Security\NortonData\22.20.2.57\Definitions\BASHDefs\20200728.001\UMEngx86.dll -->
	<msg id='41' source='mc'>
		<type>MODULE_UNLOAD</type>
		<severity>INFO</severity>
		<timestamp>Sun Aug  2 07:56:41 2020</timestamp>
		<arg name='path'>C:\Program Files\Norton Security\NortonData\22.20.2.57\Definitions\BASHDefs\20200728.001\UMEngx86.dll</arg>
	</msg>
	<!-- Module unloaded C:\Windows\SysWOW64\msvcp140d.dll -->
	<msg id='42' source='mc'>
		<type>MODULE_UNLOAD</type>
		<severity>INFO</severity>
		<timestamp>Sun Aug  2 07:56:41 2020</timestamp>
		<arg name='path'>C:\Windows\SysWOW64\msvcp140d.dll</arg>
	</msg>
	<!-- Module unloaded C:\Windows\SysWOW64\vcruntime140d.dll -->
	<msg id='43' source='mc'>
		<type>MODULE_UNLOAD</type>
		<severity>INFO</severity>
		<timestamp>Sun Aug  2 07:56:41 2020</timestamp>
		<arg name='path'>C:\Windows\SysWOW64\vcruntime140d.dll</arg>
	</msg>
	<!-- Module unloaded C:\Windows\SysWOW64\ucrtbased.dll -->
	<msg id='44' source='mc'>
		<type>MODULE_UNLOAD</type>
		<severity>INFO</severity>
		<timestamp>Sun Aug  2 07:56:41 2020</timestamp>
		<arg name='path'>C:\Windows\SysWOW64\ucrtbased.dll</arg>
	</msg>
	<!-- Module unloaded C:\Windows\SysWOW64\kernel.appcore.dll -->
	<msg id='45' source='mc'>
		<type>MODULE_UNLOAD</type>
		<severity>INFO</severity>
		<timestamp>Sun Aug  2 07:56:41 2020</timestamp>
		<arg name='path'>C:\Windows\SysWOW64\kernel.appcore.dll</arg>
	</msg>
	<!-- Module unloaded C:\Windows\SysWOW64\msvcrt.dll -->
	<msg id='46' source='mc'>
		<type>MODULE_UNLOAD</type>
		<severity>INFO</severity>
		<timestamp>Sun Aug  2 07:56:41 2020</timestamp>
		<arg name='path'>C:\Windows\SysWOW64\msvcrt.dll</arg>
	</msg>
	<!-- Module unloaded C:\Windows\SysWOW64\rpcrt4.dll -->
	<msg id='47' source='mc'>
		<type>MODULE_UNLOAD</type>
		<severity>INFO</severity>
		<timestamp>Sun Aug  2 07:56:41 2020</timestamp>
		<arg name='path'>C:\Windows\SysWOW64\rpcrt4.dll</arg>
	</msg>
	<!-- DIAG: 16 -->
	<!-- Unable to lookup RVA for address 0x79d5574d. Stack frame will not be reported. -->
	<!-- Unable to lookup RVA for address 0x79d523a4. Stack frame will not be reported. -->
	<!-- Unable to lookup RVA for address 0x79d51454. Stack frame will not be reported. -->
	<!-- Unable to lookup RVA for address 0x79d5152b. Stack frame will not be reported. -->
	<!-- Unable to lookup RVA for address 0x79d514ca. Stack frame will not be reported. -->
	<!-- DIAG: 17 -->
	<!-- DIAG: 18 -->
	<!-- DIAG: 19 -->
	<!-- Analysis completed for c:\cpa_code\oop244\final_project\ms4\project1\debug\project1.exe -->
	<msg id='48' source='mc'>
		<type>ANALYSIS_COMPLETE</type>
		<severity>INFO</severity>
		<timestamp>Sun Aug  2 07:56:41 2020</timestamp>
		<arg name='path'>c:\cpa_code\oop244\final_project\ms4\project1\debug\project1.exe</arg>
	</msg>