<?xml version="1.0" encoding="UTF-8"?>
<feedback>
 <message severity="info">Analysis started...</message>
 <nop/>
 <message severity="info">Result file: C:\CPA_Code\oop244\final_project\ms1\Project2\My Inspector Results - Project2\r012mi3\r012mi3.inspxe </message>
 <nop/>
 <message severity="info">Analysis started for c:\cpa_code\oop244\final_project\ms1\project2\debug\project2.exe (pid = 2676) </message>
 <nop/>
 <message severity="info">Loaded module: c:\cpa_code\oop244\final_project\ms1\project2\debug\project2.exe, address range [0x3e0000-0x40afff] </message>
 <nop/>
 <message severity="info">Loaded module: c:\windows\syswow64\kernel32.dll, address range [0x75ca0000-0x75d8ffff] </message>
 <nop/>
 <message severity="info">Loaded module: c:\windows\syswow64\kernelbase.dll, address range [0x77630000-0x77842fff] </message>
 <nop/>
 <message severity="info">Loaded module: c:\windows\syswow64\ntdll.dll, address range [0x779d0000-0x77b71fff] </message>
 <nop/>
 <message severity="info">Loaded module: c:\program files\norton security\nortondata\22.20.2.57\definitions\bashdefs\20200707.001\umengx86.dll, address range [0x614c0000-0x61527fff] </message>
 <nop/>
 <message severity="info">Loaded module: c:\windows\syswow64\msvcp140d.dll, address range [0x7c070000-0x7c125fff] </message>
 <nop/>
 <message severity="info">Loaded module: c:\windows\syswow64\ucrtbased.dll, address range [0x7b5d0000-0x7b744fff] </message>
 <nop/>
 <message severity="info">Loaded module: c:\windows\syswow64\vcruntime140d.dll, address range [0xcaa0000-0xcabcfff] </message>
 <nop/>
 <message severity="info">Unloaded module: C:\Windows\SysWOW64\vcruntime140d.dll </message>
 <nop/>
 <message severity="info">Loaded module: c:\windows\syswow64\vcruntime140d.dll, address range [0xcaa0000-0xcabcfff] </message>
 <nop/>
 <message severity="warning">Detected fatal exception in the application. See result for details. </message>
 <nop/>
 <message severity="info">Application exit code: -1073741819 </message>
 <nop/>
 <message severity="error">Analysis was terminated by Ctrl + C. </message>
 <nop/>
 <message severity="info">Result file: C:\CPA_Code\oop244\final_project\ms1\Project2\My Inspector Results - Project2\r012mi3\r012mi3.inspxe </message>
 <nop/>
 <message severity="info">Analysis completed</message>
 <nop/>
</feedback>
