<?xml version="1.0" encoding="utf-8" ?>
<!-- DO NOT EDIT THIS FILE -->

<log version='2.0' source='mc'>
	<!-- Successfully loaded CCRT at address 0x7aab0000 - 0x7adb3000 -->
	<!-- Successfully loaded MC at address 0x7a6a0000 - 0x7aa5b000 -->
	<!-- Analysis started for c:\code\oop244\w6\lab\project1\debug\project1.exe, pid = 16540 -->
	<msg id='1' source='mc'>
		<type>EXEC_OF_INTEREST</type>
		<severity>INFO</severity>
		<timestamp>Tue Jul  7 23:51:06 2020</timestamp>
		<arg name='path'>c:\code\oop244\w6\lab\project1\debug\project1.exe</arg>
		<arg name='pid'>16540</arg>
	</msg>
	<!-- Command line: C:\Program Files (x86)\IntelSWTools\Inspector 2020\bin32\pin -xyzzy -mesgoff console -xyzzy -bridge_save_x87 0 -bridge_save_mxcsr 0 -follow_execv -error_file C:\code\oop244\w6\lab\Project1\My Inspector Results - Project1\r000mi3\data.0\pin_error.log -logfile C:\code\oop244\w6\lab\Project1\My Inspector Results - Project1\r000mi3\data.0\pin.log -xyzzy -region_max_inss 500 -p64 C:\Program Files (x86)\IntelSWTools\Inspector 2020\bin64\pin -t64 C:\Program Files (x86)\IntelSWTools\Inspector 2020\bin64\memchkr.dll -t C:\Program Files (x86)\IntelSWTools\Inspector 2020\bin32\memchkr.dll -no-analyze-stack -access-checks -leak-check-on-exit -leak-check-on-demand -enable-memory-growth -leak-check-report-reachable -check-resource-leaks -freelist-vol 1000000 -leak-maximum 100000 -guard-zone-size 32 -stack-depth 16 -heartbeat 1 -mrte-mode auto -working-dir C:\code\oop244\w6\lab\Project1\My Inspector Results - Project1\r000mi3\data.0 -log mc_Project1.log -result Project1 - C:\code\oop244\w6\lab\Project1\Debug\Project1.exe  -->
	<!-- mc's options are the following:  -->
	<!-- -help                              false -->
	<!-- -verbose                           false -->
	<!-- -xyzzy                             false -->
	<!-- -version                           false -->
	<!-- -help-all                          false -->
	<!-- -xyzzy-all                         false -->
	<!-- -report-all-instances              false -->
	<!-- -check-for-padded-structures       true -->
	<!-- -check-for-bitfields               true -->
	<!-- -analyze-stack                     false -->
	<!-- -access-checks                     true -->
	<!-- -track-origins                     true -->
	<!-- -duplicate-uninits                 false -->
	<!-- -bss-initialized                   true -->
	<!-- -align-alloc-size                  false -->
	<!-- -report-uninit-read                false -->
	<!-- -ignore-system-libraries           false -->
	<!-- -gen-suppressions                  false -->
	<!-- -leak-check-on-exit                true -->
	<!-- -leak-check-on-demand              true -->
	<!-- -leak-check-uses-baseline          true -->
	<!-- -enable-memory-growth              true -->
	<!-- -leak-check-report-reachable       true -->
	<!-- -leak-check-full                   true -->
	<!-- -check-resource-leaks              true -->
	<!-- -trace-children                    false -->
	<!-- -enable-poke                       false -->
	<!-- -jit-mode-anyway                   false -->
	<!-- -disable-probe-mode-mismatches-64  true -->
	<!-- -aggressive-callstack-caching      false -->
	<!-- -suppress-breakpoints              false -->
	<!-- -monitor-memory                    false -->
	<!-- -freelist-vol                      1000000 -->
	<!-- -leak-maximum                      100000 -->
	<!-- -guard-zone-size                   32 -->
	<!-- -stack-depth                       16 -->
	<!-- -heartbeat                         1 -->
	<!-- -breakpoint-file                   (null) -->
	<!-- -config-file                       (null) -->
	<!-- -log                               mc_Project1.log -->
	<!-- -ignore-commands                   (null),  -->
	<!-- -ignore-modules                    (null),  -->
	<!-- -ignore-symbols                    (null),  -->
	<!-- -module-of-interest                (null),  -->
	<!-- -executable-of-interest            (null),  -->
	<!-- -working-dir                       C:\code\oop244\w6\lab\Project1\My Inspector Results - Project1\r000mi3\data.0 -->
	<!-- -result                            Project1 -->
	<!-- -exclude-module                    (null),  -->
	<!-- -include-module                    (null),  -->
	<!-- -only-exec-commands                (null),  -->
	<!-- -suppressions                      (null),  -->
	<!-- -debug                             none -->
	<!-- -shared-mem-name                   (null) -->
	<!-- -poke-function                     (null),  -->
	<!-- -analysis-mode                     (null) -->
	<!-- -disable-gatekeeping               false -->
	<!-- -ignore-os-allocators              false -->
	<!-- -mrte-mode                         auto -->
	<!-- probe mode: no -->
	<!-- mem leaks checks: yes -->
	<!-- res leaks checks: yes -->
	<!-- access checks: yes -->
	<!-- track origin: yes -->
	<!-- Environment: INTEL_LIBITTNOTIFY32=C:\Program Files (x86)\IntelSWTools\Inspector 2020\bin32\runtime\libittnotify.dll -->
	<!-- Environment: INTEL_LIBITTNOTIFY64=C:\Program Files (x86)\IntelSWTools\Inspector 2020\bin64\runtime\libittnotify.dll -->
	<!-- Environment: INTEL_JIT_PROFILER32=C:\Program Files (x86)\IntelSWTools\Inspector 2020\bin32\runtime\libittnotify.dll -->
	<!-- Environment: INTEL_JIT_PROFILER64=C:\Program Files (x86)\IntelSWTools\Inspector 2020\bin64\runtime\libittnotify.dll -->
	<!-- Module loaded c:\code\oop244\w6\lab\project1\debug\project1.exe, address range [0x000e0000-0x00104fff] -->
	<msg id='2' source='mc'>
		<type>MODULE_LOAD</type>
		<severity>INFO</severity>
		<timestamp>Tue Jul  7 23:51:06 2020</timestamp>
		<arg name='path'>c:\code\oop244\w6\lab\project1\debug\project1.exe</arg>
		<arg name='addr1'>0xe0000</arg>
		<arg name='addr2'>0x104fff</arg>
	</msg>
	<!-- Module loaded c:\windows\syswow64\kernel32.dll, address range [0x76790000-0x7687ffff] -->
	<msg id='3' source='mc'>
		<type>MODULE_LOAD</type>
		<severity>INFO</severity>
		<timestamp>Tue Jul  7 23:51:06 2020</timestamp>
		<arg name='path'>c:\windows\syswow64\kernel32.dll</arg>
		<arg name='addr1'>0x76790000</arg>
		<arg name='addr2'>0x7687ffff</arg>
	</msg>
	<!-- Module loaded c:\windows\syswow64\kernelbase.dll, address range [0x76b40000-0x76d52fff] -->
	<msg id='4' source='mc'>
		<type>MODULE_LOAD</type>
		<severity>INFO</severity>
		<timestamp>Tue Jul  7 23:51:06 2020</timestamp>
		<arg name='path'>c:\windows\syswow64\kernelbase.dll</arg>
		<arg name='addr1'>0x76b40000</arg>
		<arg name='addr2'>0x76d52fff</arg>
	</msg>
	<!-- Module loaded c:\windows\syswow64\ntdll.dll, address range [0x77c60000-0x77e01fff] -->
	<msg id='5' source='mc'>
		<type>MODULE_LOAD</type>
		<severity>INFO</severity>
		<timestamp>Tue Jul  7 23:51:06 2020</timestamp>
		<arg name='path'>c:\windows\syswow64\ntdll.dll</arg>
		<arg name='addr1'>0x77c60000</arg>
		<arg name='addr2'>0x77e01fff</arg>
	</msg>
	<!-- DIAG: 1 -->
	<!-- Module loaded c:\program files\norton security\nortondata\22.20.2.57\definitions\bashdefs\20200706.001\umengx86.dll, address range [0x6d3b0000-0x6d417fff] -->
	<msg id='6' source='mc'>
		<type>MODULE_LOAD</type>
		<severity>INFO</severity>
		<timestamp>Tue Jul  7 23:51:06 2020</timestamp>
		<arg name='path'>c:\program files\norton security\nortondata\22.20.2.57\definitions\bashdefs\20200706.001\umengx86.dll</arg>
		<arg name='addr1'>0x6d3b0000</arg>
		<arg name='addr2'>0x6d417fff</arg>
	</msg>
	<!-- DIAG: 2 -->
	<!-- DIAG: 3 -->
	<!-- DIAG: 4 -->
	<!-- Module loaded c:\windows\syswow64\msvcp140d.dll, address range [0x7c950000-0x7ca05fff] -->
	<msg id='7' source='mc'>
		<type>MODULE_LOAD</type>
		<severity>INFO</severity>
		<timestamp>Tue Jul  7 23:51:07 2020</timestamp>
		<arg name='path'>c:\windows\syswow64\msvcp140d.dll</arg>
		<arg name='addr1'>0x7c950000</arg>
		<arg name='addr2'>0x7ca05fff</arg>
	</msg>
	<!-- Module loaded c:\windows\syswow64\ucrtbased.dll, address range [0x7c7d0000-0x7c944fff] -->
	<msg id='8' source='mc'>
		<type>MODULE_LOAD</type>
		<severity>INFO</severity>
		<timestamp>Tue Jul  7 23:51:07 2020</timestamp>
		<arg name='path'>c:\windows\syswow64\ucrtbased.dll</arg>
		<arg name='addr1'>0x7c7d0000</arg>
		<arg name='addr2'>0x7c944fff</arg>
	</msg>
	<!-- Module loaded c:\windows\syswow64\vcruntime140d.dll, address range [0x7b6b0000-0x7b6ccfff] -->
	<msg id='9' source='mc'>
		<type>MODULE_LOAD</type>
		<severity>INFO</severity>
		<timestamp>Tue Jul  7 23:51:07 2020</timestamp>
		<arg name='path'>c:\windows\syswow64\vcruntime140d.dll</arg>
		<arg name='addr1'>0x7b6b0000</arg>
		<arg name='addr2'>0x7b6ccfff</arg>
	</msg>
	<!-- DIAG: 5 -->
	<!-- Unable to lookup RVA for address 0xc710064. Stack frame will not be reported. -->
	<!-- DIAG: 6 -->
	<!-- DIAG: 7 -->
	<!-- DIAG: 8 -->
	<!-- DIAG: 9 -->
	<!-- DIAG: 10 -->
	<!-- DIAG: 11 -->
	<!-- Heartbeat, tids = 9268,22068,1608,21184,14176, syscallStatus = 0,1,1,1,1, calls = 195348,583,1478,463,504 -->
	<msg id='10' display='false' source='mc'>
		<type>HEARTBEAT</type>
		<severity>INFO</severity>
		<timestamp>Tue Jul  7 23:51:10 2020</timestamp>
		<arg name='tids'>9268,22068,1608,21184,14176</arg>
		<arg name='syscalls'>0,1,1,1,1</arg>
		<arg name='calls'>195348,583,1478,463,504</arg>
	</msg>
	<!-- Module loaded c:\windows\syswow64\kernel.appcore.dll, address range [0x74fd0000-0x74fdefff] -->
	<msg id='11' source='mc'>
		<type>MODULE_LOAD</type>
		<severity>INFO</severity>
		<timestamp>Tue Jul  7 23:51:10 2020</timestamp>
		<arg name='path'>c:\windows\syswow64\kernel.appcore.dll</arg>
		<arg name='addr1'>0x74fd0000</arg>
		<arg name='addr2'>0x74fdefff</arg>
	</msg>
	<!-- Module loaded c:\windows\syswow64\msvcrt.dll, address range [0x77320000-0x773defff] -->
	<msg id='12' source='mc'>
		<type>MODULE_LOAD</type>
		<severity>INFO</severity>
		<timestamp>Tue Jul  7 23:51:10 2020</timestamp>
		<arg name='path'>c:\windows\syswow64\msvcrt.dll</arg>
		<arg name='addr1'>0x77320000</arg>
		<arg name='addr2'>0x773defff</arg>
	</msg>
	<!-- Module loaded c:\windows\syswow64\rpcrt4.dll, address range [0x76930000-0x769e9fff] -->
	<msg id='13' source='mc'>
		<type>MODULE_LOAD</type>
		<severity>INFO</severity>
		<timestamp>Tue Jul  7 23:51:10 2020</timestamp>
		<arg name='path'>c:\windows\syswow64\rpcrt4.dll</arg>
		<arg name='addr1'>0x76930000</arg>
		<arg name='addr2'>0x769e9fff</arg>
	</msg>
	<!-- Module loaded c:\windows\syswow64\user32.dll, address range [0x75be0000-0x75d72fff], minimal analysis -->
	<msg id='14' source='mc'>
		<type>MODULE_LOAD_NO_ANALYSIS</type>
		<severity>INFO</severity>
		<timestamp>Tue Jul  7 23:51:10 2020</timestamp>
		<arg name='path'>c:\windows\syswow64\user32.dll</arg>
		<arg name='addr1'>0x75be0000</arg>
		<arg name='addr2'>0x75d72fff</arg>
	</msg>
	<!-- Module loaded c:\windows\syswow64\win32u.dll, address range [0x76910000-0x76927fff] -->
	<msg id='15' source='mc'>
		<type>MODULE_LOAD</type>
		<severity>INFO</severity>
		<timestamp>Tue Jul  7 23:51:10 2020</timestamp>
		<arg name='path'>c:\windows\syswow64\win32u.dll</arg>
		<arg name='addr1'>0x76910000</arg>
		<arg name='addr2'>0x76927fff</arg>
	</msg>
	<!-- Module loaded c:\windows\syswow64\gdi32.dll, address range [0x769f0000-0x76a12fff] -->
	<msg id='16' source='mc'>
		<type>MODULE_LOAD</type>
		<severity>INFO</severity>
		<timestamp>Tue Jul  7 23:51:10 2020</timestamp>
		<arg name='path'>c:\windows\syswow64\gdi32.dll</arg>
		<arg name='addr1'>0x769f0000</arg>
		<arg name='addr2'>0x76a12fff</arg>
	</msg>
	<!-- Module loaded c:\windows\syswow64\gdi32full.dll, address range [0x76520000-0x765f9fff], minimal analysis -->
	<msg id='17' source='mc'>
		<type>MODULE_LOAD_NO_ANALYSIS</type>
		<severity>INFO</severity>
		<timestamp>Tue Jul  7 23:51:10 2020</timestamp>
		<arg name='path'>c:\windows\syswow64\gdi32full.dll</arg>
		<arg name='addr1'>0x76520000</arg>
		<arg name='addr2'>0x765f9fff</arg>
	</msg>
	<!-- Module loaded c:\windows\syswow64\msvcp_win.dll, address range [0x77120000-0x7719afff] -->
	<msg id='18' source='mc'>
		<type>MODULE_LOAD</type>
		<severity>INFO</severity>
		<timestamp>Tue Jul  7 23:51:10 2020</timestamp>
		<arg name='path'>c:\windows\syswow64\msvcp_win.dll</arg>
		<arg name='addr1'>0x77120000</arg>
		<arg name='addr2'>0x7719afff</arg>
	</msg>
	<!-- Module loaded c:\windows\syswow64\ucrtbase.dll, address range [0x76a20000-0x76b3ffff] -->
	<msg id='19' source='mc'>
		<type>MODULE_LOAD</type>
		<severity>INFO</severity>
		<timestamp>Tue Jul  7 23:51:10 2020</timestamp>
		<arg name='path'>c:\windows\syswow64\ucrtbase.dll</arg>
		<arg name='addr1'>0x76a20000</arg>
		<arg name='addr2'>0x76b3ffff</arg>
	</msg>
	<!-- Heartbeat, tids = 9268,22068,1608,21184,14176, syscallStatus = 0,1,1,1,1, calls = 18158,0,820,1298,24 -->
	<msg id='20' display='false' source='mc'>
		<type>HEARTBEAT</type>
		<severity>INFO</severity>
		<timestamp>Tue Jul  7 23:51:11 2020</timestamp>
		<arg name='tids'>9268,22068,1608,21184,14176</arg>
		<arg name='syscalls'>0,1,1,1,1</arg>
		<arg name='calls'>18158,0,820,1298,24</arg>
	</msg>
	<!-- Module loaded c:\windows\syswow64\imm32.dll, address range [0x76d60000-0x76d84fff], minimal analysis -->
	<msg id='21' source='mc'>
		<type>MODULE_LOAD_NO_ANALYSIS</type>
		<severity>INFO</severity>
		<timestamp>Tue Jul  7 23:51:11 2020</timestamp>
		<arg name='path'>c:\windows\syswow64\imm32.dll</arg>
		<arg name='addr1'>0x76d60000</arg>
		<arg name='addr2'>0x76d84fff</arg>
	</msg>
	<!-- Module loaded c:\windows\syswow64\textshaping.dll, address range [0x63260000-0x632f3fff] -->
	<msg id='22' source='mc'>
		<type>MODULE_LOAD</type>
		<severity>INFO</severity>
		<timestamp>Tue Jul  7 23:51:11 2020</timestamp>
		<arg name='path'>c:\windows\syswow64\textshaping.dll</arg>
		<arg name='addr1'>0x63260000</arg>
		<arg name='addr2'>0x632f3fff</arg>
	</msg>
	<!-- Heartbeat, tids = 9268,22068,1608,21184,14176, syscallStatus = 0,1,1,1,1, calls = 24941,0,0,251,30 -->
	<msg id='23' display='false' source='mc'>
		<type>HEARTBEAT</type>
		<severity>INFO</severity>
		<timestamp>Tue Jul  7 23:51:12 2020</timestamp>
		<arg name='tids'>9268,22068,1608,21184,14176</arg>
		<arg name='syscalls'>0,1,1,1,1</arg>
		<arg name='calls'>24941,0,0,251,30</arg>
	</msg>
	<!-- Module loaded c:\windows\syswow64\uxtheme.dll, address range [0x70e00000-0x70e73fff], minimal analysis -->
	<msg id='24' source='mc'>
		<type>MODULE_LOAD_NO_ANALYSIS</type>
		<severity>INFO</severity>
		<timestamp>Tue Jul  7 23:51:12 2020</timestamp>
		<arg name='path'>c:\windows\syswow64\uxtheme.dll</arg>
		<arg name='addr1'>0x70e00000</arg>
		<arg name='addr2'>0x70e73fff</arg>
	</msg>
	<!-- Module loaded c:\windows\syswow64\combase.dll, address range [0x779d0000-0x77c4ffff], minimal analysis -->
	<msg id='25' source='mc'>
		<type>MODULE_LOAD_NO_ANALYSIS</type>
		<severity>INFO</severity>
		<timestamp>Tue Jul  7 23:51:12 2020</timestamp>
		<arg name='path'>c:\windows\syswow64\combase.dll</arg>
		<arg name='addr1'>0x779d0000</arg>
		<arg name='addr2'>0x77c4ffff</arg>
	</msg>
	<!-- Heartbeat, tids = 9268,22068,1608,21184,14176, syscallStatus = 0,1,1,1,1, calls = 110803,0,0,809,30 -->
	<msg id='26' display='false' source='mc'>
		<type>HEARTBEAT</type>
		<severity>INFO</severity>
		<timestamp>Tue Jul  7 23:51:13 2020</timestamp>
		<arg name='tids'>9268,22068,1608,21184,14176</arg>
		<arg name='syscalls'>0,1,1,1,1</arg>
		<arg name='calls'>110803,0,0,809,30</arg>
	</msg>
	<!-- Module loaded c:\windows\syswow64\msctf.dll, address range [0x76440000-0x76511fff], minimal analysis -->
	<msg id='27' source='mc'>
		<type>MODULE_LOAD_NO_ANALYSIS</type>
		<severity>INFO</severity>
		<timestamp>Tue Jul  7 23:51:13 2020</timestamp>
		<arg name='path'>c:\windows\syswow64\msctf.dll</arg>
		<arg name='addr1'>0x76440000</arg>
		<arg name='addr2'>0x76511fff</arg>
	</msg>
	<!-- Module loaded c:\windows\syswow64\oleaut32.dll, address range [0x75b40000-0x75bd5fff], minimal analysis -->
	<msg id='28' source='mc'>
		<type>MODULE_LOAD_NO_ANALYSIS</type>
		<severity>INFO</severity>
		<timestamp>Tue Jul  7 23:51:13 2020</timestamp>
		<arg name='path'>c:\windows\syswow64\oleaut32.dll</arg>
		<arg name='addr1'>0x75b40000</arg>
		<arg name='addr2'>0x75bd5fff</arg>
	</msg>
	<!-- Module loaded c:\windows\syswow64\sechost.dll, address range [0x77210000-0x77284fff] -->
	<msg id='29' source='mc'>
		<type>MODULE_LOAD</type>
		<severity>INFO</severity>
		<timestamp>Tue Jul  7 23:51:13 2020</timestamp>
		<arg name='path'>c:\windows\syswow64\sechost.dll</arg>
		<arg name='addr1'>0x77210000</arg>
		<arg name='addr2'>0x77284fff</arg>
	</msg>
	<!-- Heartbeat, tids = 9268,22068,1608,21184,14176, syscallStatus = 1,1,1,1,1, calls = 15479,0,27,982,24 -->
	<msg id='30' display='false' source='mc'>
		<type>HEARTBEAT</type>
		<severity>INFO</severity>
		<timestamp>Tue Jul  7 23:51:14 2020</timestamp>
		<arg name='tids'>9268,22068,1608,21184,14176</arg>
		<arg name='syscalls'>1,1,1,1,1</arg>
		<arg name='calls'>15479,0,27,982,24</arg>
	</msg>
	<!-- Module loaded c:\windows\syswow64\bcryptprimitives.dll, address range [0x76730000-0x7678bfff], minimal analysis -->
	<msg id='31' source='mc'>
		<type>MODULE_LOAD_NO_ANALYSIS</type>
		<severity>INFO</severity>
		<timestamp>Tue Jul  7 23:51:14 2020</timestamp>
		<arg name='path'>c:\windows\syswow64\bcryptprimitives.dll</arg>
		<arg name='addr1'>0x76730000</arg>
		<arg name='addr2'>0x7678bfff</arg>
	</msg>
	<!-- Heartbeat, tids = 9268,22068,1608,21184,14176, syscallStatus = 0,1,1,1,1, calls = 15520,0,0,27,30 -->
	<msg id='32' display='false' source='mc'>
		<type>HEARTBEAT</type>
		<severity>INFO</severity>
		<timestamp>Tue Jul  7 23:51:15 2020</timestamp>
		<arg name='tids'>9268,22068,1608,21184,14176</arg>
		<arg name='syscalls'>0,1,1,1,1</arg>
		<arg name='calls'>15520,0,0,27,30</arg>
	</msg>
	<!-- Module loaded c:\windows\syswow64\textinputframework.dll, address range [0x6e550000-0x6e608fff], minimal analysis -->
	<msg id='33' source='mc'>
		<type>MODULE_LOAD_NO_ANALYSIS</type>
		<severity>INFO</severity>
		<timestamp>Tue Jul  7 23:51:15 2020</timestamp>
		<arg name='path'>c:\windows\syswow64\textinputframework.dll</arg>
		<arg name='addr1'>0x6e550000</arg>
		<arg name='addr2'>0x6e608fff</arg>
	</msg>
	<!-- Module loaded c:\windows\syswow64\coremessaging.dll, address range [0x6d7d0000-0x6d86afff], minimal analysis -->
	<msg id='34' source='mc'>
		<type>MODULE_LOAD_NO_ANALYSIS</type>
		<severity>INFO</severity>
		<timestamp>Tue Jul  7 23:51:15 2020</timestamp>
		<arg name='path'>c:\windows\syswow64\coremessaging.dll</arg>
		<arg name='addr1'>0x6d7d0000</arg>
		<arg name='addr2'>0x6d86afff</arg>
	</msg>
	<!-- Module loaded c:\windows\syswow64\coreuicomponents.dll, address range [0x68d40000-0x68fbdfff], minimal analysis -->
	<msg id='35' source='mc'>
		<type>MODULE_LOAD_NO_ANALYSIS</type>
		<severity>INFO</severity>
		<timestamp>Tue Jul  7 23:51:15 2020</timestamp>
		<arg name='path'>c:\windows\syswow64\coreuicomponents.dll</arg>
		<arg name='addr1'>0x68d40000</arg>
		<arg name='addr2'>0x68fbdfff</arg>
	</msg>
	<!-- Module loaded c:\windows\syswow64\ws2_32.dll, address range [0x773e0000-0x77442fff] -->
	<msg id='36' source='mc'>
		<type>MODULE_LOAD</type>
		<severity>INFO</severity>
		<timestamp>Tue Jul  7 23:51:15 2020</timestamp>
		<arg name='path'>c:\windows\syswow64\ws2_32.dll</arg>
		<arg name='addr1'>0x773e0000</arg>
		<arg name='addr2'>0x77442fff</arg>
	</msg>
	<!-- Module loaded c:\windows\syswow64\ntmarta.dll, address range [0x75320000-0x75348fff] -->
	<msg id='37' source='mc'>
		<type>MODULE_LOAD</type>
		<severity>INFO</severity>
		<timestamp>Tue Jul  7 23:51:15 2020</timestamp>
		<arg name='path'>c:\windows\syswow64\ntmarta.dll</arg>
		<arg name='addr1'>0x75320000</arg>
		<arg name='addr2'>0x75348fff</arg>
	</msg>
	<!-- Module loaded c:\windows\syswow64\shcore.dll, address range [0x77290000-0x77316fff], minimal analysis -->
	<msg id='38' source='mc'>
		<type>MODULE_LOAD_NO_ANALYSIS</type>
		<severity>INFO</severity>
		<timestamp>Tue Jul  7 23:51:15 2020</timestamp>
		<arg name='path'>c:\windows\syswow64\shcore.dll</arg>
		<arg name='addr1'>0x77290000</arg>
		<arg name='addr2'>0x77316fff</arg>
	</msg>
	<!-- Module loaded c:\windows\syswow64\wintypes.dll, address range [0x6dec0000-0x6df9dfff] -->
	<msg id='39' source='mc'>
		<type>MODULE_LOAD</type>
		<severity>INFO</severity>
		<timestamp>Tue Jul  7 23:51:15 2020</timestamp>
		<arg name='path'>c:\windows\syswow64\wintypes.dll</arg>
		<arg name='addr1'>0x6dec0000</arg>
		<arg name='addr2'>0x6df9dfff</arg>
	</msg>
	<!-- Module loaded c:\windows\syswow64\advapi32.dll, address range [0x76f30000-0x76fa8fff] -->
	<msg id='40' source='mc'>
		<type>MODULE_LOAD</type>
		<severity>INFO</severity>
		<timestamp>Tue Jul  7 23:51:15 2020</timestamp>
		<arg name='path'>c:\windows\syswow64\advapi32.dll</arg>
		<arg name='addr1'>0x76f30000</arg>
		<arg name='addr2'>0x76fa8fff</arg>
	</msg>
	<!-- Heartbeat, tids = 9268,22068,1608,21184,14176, syscallStatus = 0,1,1,1,1, calls = 10141,4395,5013,6345,30 -->
	<msg id='41' display='false' source='mc'>
		<type>HEARTBEAT</type>
		<severity>INFO</severity>
		<timestamp>Tue Jul  7 23:51:16 2020</timestamp>
		<arg name='tids'>9268,22068,1608,21184,14176</arg>
		<arg name='syscalls'>0,1,1,1,1</arg>
		<arg name='calls'>10141,4395,5013,6345,30</arg>
	</msg>
	<!-- Heartbeat, tids = 9268,22068,1608,21184,14176, syscallStatus = 0,1,1,1,1, calls = 15456,0,0,0,30 -->
	<msg id='42' display='false' source='mc'>
		<type>HEARTBEAT</type>
		<severity>INFO</severity>
		<timestamp>Tue Jul  7 23:51:17 2020</timestamp>
		<arg name='tids'>9268,22068,1608,21184,14176</arg>
		<arg name='syscalls'>0,1,1,1,1</arg>
		<arg name='calls'>15456,0,0,0,30</arg>
	</msg>
	<!-- Heartbeat, tids = 9268,22068,1608,21184,14176, syscallStatus = 1,1,1,1,0, calls = 47050,0,0,0,26 -->
	<msg id='43' display='false' source='mc'>
		<type>HEARTBEAT</type>
		<severity>INFO</severity>
		<timestamp>Tue Jul  7 23:51:18 2020</timestamp>
		<arg name='tids'>9268,22068,1608,21184,14176</arg>
		<arg name='syscalls'>1,1,1,1,0</arg>
		<arg name='calls'>47050,0,0,0,26</arg>
	</msg>
	<!-- Heartbeat, tids = 9268,22068,1608,21184,14176, syscallStatus = 1,1,1,1,1, calls = 38422,0,0,0,28 -->
	<msg id='44' display='false' source='mc'>
		<type>HEARTBEAT</type>
		<severity>INFO</severity>
		<timestamp>Tue Jul  7 23:51:19 2020</timestamp>
		<arg name='tids'>9268,22068,1608,21184,14176</arg>
		<arg name='syscalls'>1,1,1,1,1</arg>
		<arg name='calls'>38422,0,0,0,28</arg>
	</msg>
	<!-- Heartbeat, tids = 9268,22068,1608,21184,14176, syscallStatus = 1,1,1,1,1, calls = 32280,0,0,0,30 -->
	<msg id='45' display='false' source='mc'>
		<type>HEARTBEAT</type>
		<severity>INFO</severity>
		<timestamp>Tue Jul  7 23:51:20 2020</timestamp>
		<arg name='tids'>9268,22068,1608,21184,14176</arg>
		<arg name='syscalls'>1,1,1,1,1</arg>
		<arg name='calls'>32280,0,0,0,30</arg>
	</msg>
	<!-- Heartbeat, tids = 9268,22068,1608,21184,14176, syscallStatus = 1,1,1,1,1, calls = 50708,0,0,0,30 -->
	<msg id='46' display='false' source='mc'>
		<type>HEARTBEAT</type>
		<severity>INFO</severity>
		<timestamp>Tue Jul  7 23:51:21 2020</timestamp>
		<arg name='tids'>9268,22068,1608,21184,14176</arg>
		<arg name='syscalls'>1,1,1,1,1</arg>
		<arg name='calls'>50708,0,0,0,30</arg>
	</msg>
	<!-- Heartbeat, tids = 9268,22068,1608,21184,14176, syscallStatus = 1,1,1,1,1, calls = 47824,0,0,0,30 -->
	<msg id='47' display='false' source='mc'>
		<type>HEARTBEAT</type>
		<severity>INFO</severity>
		<timestamp>Tue Jul  7 23:51:22 2020</timestamp>
		<arg name='tids'>9268,22068,1608,21184,14176</arg>
		<arg name='syscalls'>1,1,1,1,1</arg>
		<arg name='calls'>47824,0,0,0,30</arg>
	</msg>
	<!-- Heartbeat, tids = 9268,22068,1608,21184,14176, syscallStatus = 1,1,1,1,1, calls = 77302,0,0,0,30 -->
	<msg id='48' display='false' source='mc'>
		<type>HEARTBEAT</type>
		<severity>INFO</severity>
		<timestamp>Tue Jul  7 23:51:23 2020</timestamp>
		<arg name='tids'>9268,22068,1608,21184,14176</arg>
		<arg name='syscalls'>1,1,1,1,1</arg>
		<arg name='calls'>77302,0,0,0,30</arg>
	</msg>
	<!-- Heartbeat, tids = 9268,22068,1608,21184,14176, syscallStatus = 1,1,1,1,1, calls = 17661,0,0,0,30 -->
	<msg id='49' display='false' source='mc'>
		<type>HEARTBEAT</type>
		<severity>INFO</severity>
		<timestamp>Tue Jul  7 23:51:24 2020</timestamp>
		<arg name='tids'>9268,22068,1608,21184,14176</arg>
		<arg name='syscalls'>1,1,1,1,1</arg>
		<arg name='calls'>17661,0,0,0,30</arg>
	</msg>
	<!-- Heartbeat, tids = 9268,22068,1608,21184,14176, syscallStatus = 1,1,1,1,1, calls = 3399,0,0,0,30 -->
	<msg id='50' display='false' source='mc'>
		<type>HEARTBEAT</type>
		<severity>INFO</severity>
		<timestamp>Tue Jul  7 23:51:25 2020</timestamp>
		<arg name='tids'>9268,22068,1608,21184,14176</arg>
		<arg name='syscalls'>1,1,1,1,1</arg>
		<arg name='calls'>3399,0,0,0,30</arg>
	</msg>
	<!-- Heartbeat, tids = 9268,22068,1608,21184,14176, syscallStatus = 1,1,1,1,1, calls = 0,0,0,0,30 -->
	<msg id='51' display='false' source='mc'>
		<type>HEARTBEAT</type>
		<severity>INFO</severity>
		<timestamp>Tue Jul  7 23:51:26 2020</timestamp>
		<arg name='tids'>9268,22068,1608,21184,14176</arg>
		<arg name='syscalls'>1,1,1,1,1</arg>
		<arg name='calls'>0,0,0,0,30</arg>
	</msg>
	<!-- Heartbeat, tids = 9268,22068,1608,21184,14176, syscallStatus = 1,1,1,1,1, calls = 10332,0,0,0,30 -->
	<msg id='52' display='false' source='mc'>
		<type>HEARTBEAT</type>
		<severity>INFO</severity>
		<timestamp>Tue Jul  7 23:51:27 2020</timestamp>
		<arg name='tids'>9268,22068,1608,21184,14176</arg>
		<arg name='syscalls'>1,1,1,1,1</arg>
		<arg name='calls'>10332,0,0,0,30</arg>
	</msg>
	<!-- Heartbeat, tids = 9268,22068,1608,21184,14176, syscallStatus = 1,1,1,1,1, calls = 115075,0,0,0,30 -->
	<msg id='53' display='false' source='mc'>
		<type>HEARTBEAT</type>
		<severity>INFO</severity>
		<timestamp>Tue Jul  7 23:51:28 2020</timestamp>
		<arg name='tids'>9268,22068,1608,21184,14176</arg>
		<arg name='syscalls'>1,1,1,1,1</arg>
		<arg name='calls'>115075,0,0,0,30</arg>
	</msg>
	<!-- Heartbeat, tids = 9268,22068,1608,21184,14176, syscallStatus = 0,1,1,1,1, calls = 27249,0,0,0,24 -->
	<msg id='54' display='false' source='mc'>
		<type>HEARTBEAT</type>
		<severity>INFO</severity>
		<timestamp>Tue Jul  7 23:51:29 2020</timestamp>
		<arg name='tids'>9268,22068,1608,21184,14176</arg>
		<arg name='syscalls'>0,1,1,1,1</arg>
		<arg name='calls'>27249,0,0,0,24</arg>
	</msg>
	<!-- Heartbeat, tids = 9268,22068,1608,21184,14176, syscallStatus = 0,1,1,1,1, calls = 16843,0,0,0,30 -->
	<msg id='55' display='false' source='mc'>
		<type>HEARTBEAT</type>
		<severity>INFO</severity>
		<timestamp>Tue Jul  7 23:51:30 2020</timestamp>
		<arg name='tids'>9268,22068,1608,21184,14176</arg>
		<arg name='syscalls'>0,1,1,1,1</arg>
		<arg name='calls'>16843,0,0,0,30</arg>
	</msg>
	<!-- DIAG: 12 -->
	<!-- DIAG: 13 -->
	<!-- DIAG: 14 -->
	<!-- DIAG: 15 -->
	<!-- DIAG: 16 -->
	<!-- DIAG: 17 -->
	<!-- DIAG: 18 -->
	<!-- DIAG: 19 -->
	<!-- Heartbeat, tids = 9268,22068,1608,21184,14176,19364, syscallStatus = 0,1,1,1,1,1, calls = 16833,0,0,0,30,261 -->
	<msg id='56' display='false' source='mc'>
		<type>HEARTBEAT</type>
		<severity>INFO</severity>
		<timestamp>Tue Jul  7 23:51:31 2020</timestamp>
		<arg name='tids'>9268,22068,1608,21184,14176,19364</arg>
		<arg name='syscalls'>0,1,1,1,1,1</arg>
		<arg name='calls'>16833,0,0,0,30,261</arg>
	</msg>
	<!-- Heartbeat, tids = 9268,22068,1608,21184,14176,19364, syscallStatus = 1,1,1,1,1,1, calls = 2226,0,0,0,30,0 -->
	<msg id='57' display='false' source='mc'>
		<type>HEARTBEAT</type>
		<severity>INFO</severity>
		<timestamp>Tue Jul  7 23:51:32 2020</timestamp>
		<arg name='tids'>9268,22068,1608,21184,14176,19364</arg>
		<arg name='syscalls'>1,1,1,1,1,1</arg>
		<arg name='calls'>2226,0,0,0,30,0</arg>
	</msg>
	<!-- Heartbeat, tids = 9268,22068,1608,21184,14176,19364, syscallStatus = 1,1,1,1,1,1, calls = 0,0,0,0,30,0 -->
	<msg id='58' display='false' source='mc'>
		<type>HEARTBEAT</type>
		<severity>INFO</severity>
		<timestamp>Tue Jul  7 23:51:33 2020</timestamp>
		<arg name='tids'>9268,22068,1608,21184,14176,19364</arg>
		<arg name='syscalls'>1,1,1,1,1,1</arg>
		<arg name='calls'>0,0,0,0,30,0</arg>
	</msg>
	<!-- Heartbeat, tids = 9268,22068,1608,21184,14176,19364, syscallStatus = 1,1,1,1,1,1, calls = 0,0,0,0,30,0 -->
	<msg id='59' display='false' source='mc'>
		<type>HEARTBEAT</type>
		<severity>INFO</severity>
		<timestamp>Tue Jul  7 23:51:34 2020</timestamp>
		<arg name='tids'>9268,22068,1608,21184,14176,19364</arg>
		<arg name='syscalls'>1,1,1,1,1,1</arg>
		<arg name='calls'>0,0,0,0,30,0</arg>
	</msg>
	<!-- Heartbeat, tids = 9268,22068,1608,21184,14176,19364, syscallStatus = 1,1,1,1,1,1, calls = 0,0,0,0,30,0 -->
	<msg id='60' display='false' source='mc'>
		<type>HEARTBEAT</type>
		<severity>INFO</severity>
		<timestamp>Tue Jul  7 23:51:35 2020</timestamp>
		<arg name='tids'>9268,22068,1608,21184,14176,19364</arg>
		<arg name='syscalls'>1,1,1,1,1,1</arg>
		<arg name='calls'>0,0,0,0,30,0</arg>
	</msg>
	<!-- Heartbeat, tids = 9268,22068,1608,21184,14176,19364, syscallStatus = 1,1,1,1,1,1, calls = 0,0,0,0,30,0 -->
	<msg id='61' display='false' source='mc'>
		<type>HEARTBEAT</type>
		<severity>INFO</severity>
		<timestamp>Tue Jul  7 23:51:36 2020</timestamp>
		<arg name='tids'>9268,22068,1608,21184,14176,19364</arg>
		<arg name='syscalls'>1,1,1,1,1,1</arg>
		<arg name='calls'>0,0,0,0,30,0</arg>
	</msg>
	<!-- Heartbeat, tids = 9268,22068,1608,21184,14176,19364, syscallStatus = 1,1,1,1,1,1, calls = 0,0,0,0,30,0 -->
	<msg id='62' display='false' source='mc'>
		<type>HEARTBEAT</type>
		<severity>INFO</severity>
		<timestamp>Tue Jul  7 23:51:37 2020</timestamp>
		<arg name='tids'>9268,22068,1608,21184,14176,19364</arg>
		<arg name='syscalls'>1,1,1,1,1,1</arg>
		<arg name='calls'>0,0,0,0,30,0</arg>
	</msg>
	<!-- Heartbeat, tids = 9268,22068,1608,21184,14176,19364, syscallStatus = 1,1,1,1,1,1, calls = 0,0,0,0,24,0 -->
	<msg id='63' display='false' source='mc'>
		<type>HEARTBEAT</type>
		<severity>INFO</severity>
		<timestamp>Tue Jul  7 23:51:38 2020</timestamp>
		<arg name='tids'>9268,22068,1608,21184,14176,19364</arg>
		<arg name='syscalls'>1,1,1,1,1,1</arg>
		<arg name='calls'>0,0,0,0,24,0</arg>
	</msg>
	<!-- Heartbeat, tids = 9268,22068,1608,21184,14176,19364, syscallStatus = 1,1,1,1,1,1, calls = 0,0,0,0,30,0 -->
	<msg id='64' display='false' source='mc'>
		<type>HEARTBEAT</type>
		<severity>INFO</severity>
		<timestamp>Tue Jul  7 23:51:39 2020</timestamp>
		<arg name='tids'>9268,22068,1608,21184,14176,19364</arg>
		<arg name='syscalls'>1,1,1,1,1,1</arg>
		<arg name='calls'>0,0,0,0,30,0</arg>
	</msg>
	<!-- Heartbeat, tids = 9268,22068,1608,21184,14176,19364, syscallStatus = 1,1,1,1,1,1, calls = 0,0,0,0,30,0 -->
	<msg id='65' display='false' source='mc'>
		<type>HEARTBEAT</type>
		<severity>INFO</severity>
		<timestamp>Tue Jul  7 23:51:40 2020</timestamp>
		<arg name='tids'>9268,22068,1608,21184,14176,19364</arg>
		<arg name='syscalls'>1,1,1,1,1,1</arg>
		<arg name='calls'>0,0,0,0,30,0</arg>
	</msg>
	<!-- Heartbeat, tids = 9268,22068,1608,21184,14176,19364, syscallStatus = 1,1,1,1,1,1, calls = 0,0,0,0,30,0 -->
	<msg id='66' display='false' source='mc'>
		<type>HEARTBEAT</type>
		<severity>INFO</severity>
		<timestamp>Tue Jul  7 23:51:41 2020</timestamp>
		<arg name='tids'>9268,22068,1608,21184,14176,19364</arg>
		<arg name='syscalls'>1,1,1,1,1,1</arg>
		<arg name='calls'>0,0,0,0,30,0</arg>
	</msg>
	<!-- Heartbeat, tids = 9268,22068,1608,21184,14176,19364, syscallStatus = 1,1,1,1,1,1, calls = 0,0,0,0,30,0 -->
	<msg id='67' display='false' source='mc'>
		<type>HEARTBEAT</type>
		<severity>INFO</severity>
		<timestamp>Tue Jul  7 23:51:42 2020</timestamp>
		<arg name='tids'>9268,22068,1608,21184,14176,19364</arg>
		<arg name='syscalls'>1,1,1,1,1,1</arg>
		<arg name='calls'>0,0,0,0,30,0</arg>
	</msg>
	<!-- Heartbeat, tids = 9268,22068,1608,21184,14176,19364, syscallStatus = 1,1,1,1,1,1, calls = 0,0,0,0,30,0 -->
	<msg id='68' display='false' source='mc'>
		<type>HEARTBEAT</type>
		<severity>INFO</severity>
		<timestamp>Tue Jul  7 23:51:43 2020</timestamp>
		<arg name='tids'>9268,22068,1608,21184,14176,19364</arg>
		<arg name='syscalls'>1,1,1,1,1,1</arg>
		<arg name='calls'>0,0,0,0,30,0</arg>
	</msg>
	<!-- Heartbeat, tids = 9268,22068,1608,21184,14176,19364, syscallStatus = 1,1,1,1,1,1, calls = 0,0,0,0,30,0 -->
	<msg id='69' display='false' source='mc'>
		<type>HEARTBEAT</type>
		<severity>INFO</severity>
		<timestamp>Tue Jul  7 23:51:44 2020</timestamp>
		<arg name='tids'>9268,22068,1608,21184,14176,19364</arg>
		<arg name='syscalls'>1,1,1,1,1,1</arg>
		<arg name='calls'>0,0,0,0,30,0</arg>
	</msg>
	<!-- Heartbeat, tids = 9268,22068,1608,21184,14176,19364, syscallStatus = 1,1,1,1,0,1, calls = 0,0,0,0,29,0 -->
	<msg id='70' display='false' source='mc'>
		<type>HEARTBEAT</type>
		<severity>INFO</severity>
		<timestamp>Tue Jul  7 23:51:45 2020</timestamp>
		<arg name='tids'>9268,22068,1608,21184,14176,19364</arg>
		<arg name='syscalls'>1,1,1,1,0,1</arg>
		<arg name='calls'>0,0,0,0,29,0</arg>
	</msg>
	<!-- DIAG: 20 -->
	<!-- Heartbeat, tids = 9268,22068,1608,21184,14176,19364,15516, syscallStatus = 1,1,1,1,1,1,1, calls = 0,0,0,0,25,0,62 -->
	<msg id='71' display='false' source='mc'>
		<type>HEARTBEAT</type>
		<severity>INFO</severity>
		<timestamp>Tue Jul  7 23:51:46 2020</timestamp>
		<arg name='tids'>9268,22068,1608,21184,14176,19364,15516</arg>
		<arg name='syscalls'>1,1,1,1,1,1,1</arg>
		<arg name='calls'>0,0,0,0,25,0,62</arg>
	</msg>
	<!-- Heartbeat, tids = 9268,22068,1608,21184,14176,19364,15516, syscallStatus = 1,1,1,1,1,1,1, calls = 0,0,0,0,30,0,0 -->
	<msg id='72' display='false' source='mc'>
		<type>HEARTBEAT</type>
		<severity>INFO</severity>
		<timestamp>Tue Jul  7 23:51:47 2020</timestamp>
		<arg name='tids'>9268,22068,1608,21184,14176,19364,15516</arg>
		<arg name='syscalls'>1,1,1,1,1,1,1</arg>
		<arg name='calls'>0,0,0,0,30,0,0</arg>
	</msg>
	<!-- Heartbeat, tids = 9268,22068,1608,21184,14176,19364,15516, syscallStatus = 1,1,1,1,1,1,1, calls = 0,0,0,0,30,0,0 -->
	<msg id='73' display='false' source='mc'>
		<type>HEARTBEAT</type>
		<severity>INFO</severity>
		<timestamp>Tue Jul  7 23:51:48 2020</timestamp>
		<arg name='tids'>9268,22068,1608,21184,14176,19364,15516</arg>
		<arg name='syscalls'>1,1,1,1,1,1,1</arg>
		<arg name='calls'>0,0,0,0,30,0,0</arg>
	</msg>
	<!-- Heartbeat, tids = 9268,22068,1608,21184,14176,19364,15516, syscallStatus = 1,1,1,1,1,1,1, calls = 0,0,0,0,30,0,0 -->
	<msg id='74' display='false' source='mc'>
		<type>HEARTBEAT</type>
		<severity>INFO</severity>
		<timestamp>Tue Jul  7 23:51:49 2020</timestamp>
		<arg name='tids'>9268,22068,1608,21184,14176,19364,15516</arg>
		<arg name='syscalls'>1,1,1,1,1,1,1</arg>
		<arg name='calls'>0,0,0,0,30,0,0</arg>
	</msg>
	<!-- Heartbeat, tids = 9268,22068,1608,21184,14176,19364,15516, syscallStatus = 1,1,1,1,1,1,1, calls = 0,0,0,0,30,0,0 -->
	<msg id='75' display='false' source='mc'>
		<type>HEARTBEAT</type>
		<severity>INFO</severity>
		<timestamp>Tue Jul  7 23:51:50 2020</timestamp>
		<arg name='tids'>9268,22068,1608,21184,14176,19364,15516</arg>
		<arg name='syscalls'>1,1,1,1,1,1,1</arg>
		<arg name='calls'>0,0,0,0,30,0,0</arg>
	</msg>
	<!-- Heartbeat, tids = 9268,22068,1608,21184,14176,19364,15516, syscallStatus = 1,1,1,1,1,1,1, calls = 0,0,0,0,30,0,0 -->
	<msg id='76' display='false' source='mc'>
		<type>HEARTBEAT</type>
		<severity>INFO</severity>
		<timestamp>Tue Jul  7 23:51:51 2020</timestamp>
		<arg name='tids'>9268,22068,1608,21184,14176,19364,15516</arg>
		<arg name='syscalls'>1,1,1,1,1,1,1</arg>
		<arg name='calls'>0,0,0,0,30,0,0</arg>
	</msg>
	<!-- Heartbeat, tids = 9268,22068,1608,21184,14176,19364,15516, syscallStatus = 1,1,1,1,1,1,1, calls = 0,0,0,0,30,0,0 -->
	<msg id='77' display='false' source='mc'>
		<type>HEARTBEAT</type>
		<severity>INFO</severity>
		<timestamp>Tue Jul  7 23:51:52 2020</timestamp>
		<arg name='tids'>9268,22068,1608,21184,14176,19364,15516</arg>
		<arg name='syscalls'>1,1,1,1,1,1,1</arg>
		<arg name='calls'>0,0,0,0,30,0,0</arg>
	</msg>
	<!-- Heartbeat, tids = 9268,22068,1608,21184,14176,19364,15516, syscallStatus = 1,1,1,1,1,1,1, calls = 0,0,0,0,30,0,0 -->
	<msg id='78' display='false' source='mc'>
		<type>HEARTBEAT</type>
		<severity>INFO</severity>
		<timestamp>Tue Jul  7 23:51:53 2020</timestamp>
		<arg name='tids'>9268,22068,1608,21184,14176,19364,15516</arg>
		<arg name='syscalls'>1,1,1,1,1,1,1</arg>
		<arg name='calls'>0,0,0,0,30,0,0</arg>
	</msg>
	<!-- Heartbeat, tids = 9268,22068,1608,21184,14176,19364,15516, syscallStatus = 1,1,1,1,1,1,1, calls = 0,0,0,0,30,0,0 -->
	<msg id='79' display='false' source='mc'>
		<type>HEARTBEAT</type>
		<severity>INFO</severity>
		<timestamp>Tue Jul  7 23:51:54 2020</timestamp>
		<arg name='tids'>9268,22068,1608,21184,14176,19364,15516</arg>
		<arg name='syscalls'>1,1,1,1,1,1,1</arg>
		<arg name='calls'>0,0,0,0,30,0,0</arg>
	</msg>
	<!-- Heartbeat, tids = 9268,22068,1608,21184,14176,19364,15516, syscallStatus = 1,1,1,1,1,1,1, calls = 0,0,0,0,24,0,0 -->
	<msg id='80' display='false' source='mc'>
		<type>HEARTBEAT</type>
		<severity>INFO</severity>
		<timestamp>Tue Jul  7 23:51:55 2020</timestamp>
		<arg name='tids'>9268,22068,1608,21184,14176,19364,15516</arg>
		<arg name='syscalls'>1,1,1,1,1,1,1</arg>
		<arg name='calls'>0,0,0,0,24,0,0</arg>
	</msg>
	<!-- Heartbeat, tids = 9268,22068,1608,21184,14176,19364,15516, syscallStatus = 1,1,1,1,1,1,1, calls = 0,0,0,0,30,0,0 -->
	<msg id='81' display='false' source='mc'>
		<type>HEARTBEAT</type>
		<severity>INFO</severity>
		<timestamp>Tue Jul  7 23:51:56 2020</timestamp>
		<arg name='tids'>9268,22068,1608,21184,14176,19364,15516</arg>
		<arg name='syscalls'>1,1,1,1,1,1,1</arg>
		<arg name='calls'>0,0,0,0,30,0,0</arg>
	</msg>
	<!-- Heartbeat, tids = 9268,22068,1608,21184,14176,19364,15516, syscallStatus = 1,1,1,1,1,1,1, calls = 0,0,0,0,30,0,0 -->
	<msg id='82' display='false' source='mc'>
		<type>HEARTBEAT</type>
		<severity>INFO</severity>
		<timestamp>Tue Jul  7 23:51:57 2020</timestamp>
		<arg name='tids'>9268,22068,1608,21184,14176,19364,15516</arg>
		<arg name='syscalls'>1,1,1,1,1,1,1</arg>
		<arg name='calls'>0,0,0,0,30,0,0</arg>
	</msg>
	<!-- Heartbeat, tids = 9268,22068,1608,21184,14176,19364,15516, syscallStatus = 1,1,1,1,1,1,1, calls = 0,0,0,0,30,0,0 -->
	<msg id='83' display='false' source='mc'>
		<type>HEARTBEAT</type>
		<severity>INFO</severity>
		<timestamp>Tue Jul  7 23:51:58 2020</timestamp>
		<arg name='tids'>9268,22068,1608,21184,14176,19364,15516</arg>
		<arg name='syscalls'>1,1,1,1,1,1,1</arg>
		<arg name='calls'>0,0,0,0,30,0,0</arg>
	</msg>
	<!-- Heartbeat, tids = 9268,22068,1608,21184,14176,19364,15516, syscallStatus = 1,1,1,1,1,1,1, calls = 0,0,0,0,30,0,0 -->
	<msg id='84' display='false' source='mc'>
		<type>HEARTBEAT</type>
		<severity>INFO</severity>
		<timestamp>Tue Jul  7 23:51:59 2020</timestamp>
		<arg name='tids'>9268,22068,1608,21184,14176,19364,15516</arg>
		<arg name='syscalls'>1,1,1,1,1,1,1</arg>
		<arg name='calls'>0,0,0,0,30,0,0</arg>
	</msg>
	<!-- Heartbeat, tids = 9268,22068,1608,21184,14176,19364,15516, syscallStatus = 1,1,1,1,1,1,1, calls = 0,0,0,0,30,0,0 -->
	<msg id='85' display='false' source='mc'>
		<type>HEARTBEAT</type>
		<severity>INFO</severity>
		<timestamp>Tue Jul  7 23:52:00 2020</timestamp>
		<arg name='tids'>9268,22068,1608,21184,14176,19364,15516</arg>
		<arg name='syscalls'>1,1,1,1,1,1,1</arg>
		<arg name='calls'>0,0,0,0,30,0,0</arg>
	</msg>
	<!-- Heartbeat, tids = 9268,22068,1608,21184,14176,19364,15516, syscallStatus = 1,1,1,1,1,1,1, calls = 0,0,0,0,30,0,0 -->
	<msg id='86' display='false' source='mc'>
		<type>HEARTBEAT</type>
		<severity>INFO</severity>
		<timestamp>Tue Jul  7 23:52:01 2020</timestamp>
		<arg name='tids'>9268,22068,1608,21184,14176,19364,15516</arg>
		<arg name='syscalls'>1,1,1,1,1,1,1</arg>
		<arg name='calls'>0,0,0,0,30,0,0</arg>
	</msg>
	<!-- Heartbeat, tids = 9268,22068,1608,21184,14176,19364,15516, syscallStatus = 1,1,1,1,1,1,1, calls = 0,0,0,0,30,0,0 -->
	<msg id='87' display='false' source='mc'>
		<type>HEARTBEAT</type>
		<severity>INFO</severity>
		<timestamp>Tue Jul  7 23:52:02 2020</timestamp>
		<arg name='tids'>9268,22068,1608,21184,14176,19364,15516</arg>
		<arg name='syscalls'>1,1,1,1,1,1,1</arg>
		<arg name='calls'>0,0,0,0,30,0,0</arg>
	</msg>
	<!-- Heartbeat, tids = 9268,22068,1608,21184,14176,19364,15516, syscallStatus = 1,1,1,1,1,1,1, calls = 0,0,0,0,30,0,0 -->
	<msg id='88' display='false' source='mc'>
		<type>HEARTBEAT</type>
		<severity>INFO</severity>
		<timestamp>Tue Jul  7 23:52:03 2020</timestamp>
		<arg name='tids'>9268,22068,1608,21184,14176,19364,15516</arg>
		<arg name='syscalls'>1,1,1,1,1,1,1</arg>
		<arg name='calls'>0,0,0,0,30,0,0</arg>
	</msg>
	<!-- Heartbeat, tids = 9268,22068,1608,21184,14176,19364,15516, syscallStatus = 1,1,1,1,1,1,1, calls = 0,0,0,0,30,0,0 -->
	<msg id='89' display='false' source='mc'>
		<type>HEARTBEAT</type>
		<severity>INFO</severity>
		<timestamp>Tue Jul  7 23:52:04 2020</timestamp>
		<arg name='tids'>9268,22068,1608,21184,14176,19364,15516</arg>
		<arg name='syscalls'>1,1,1,1,1,1,1</arg>
		<arg name='calls'>0,0,0,0,30,0,0</arg>
	</msg>
	<!-- Heartbeat, tids = 9268,22068,1608,21184,14176,19364,15516, syscallStatus = 1,1,1,1,0,1,1, calls = 0,0,0,0,24,0,0 -->
	<msg id='90' display='false' source='mc'>
		<type>HEARTBEAT</type>
		<severity>INFO</severity>
		<timestamp>Tue Jul  7 23:52:05 2020</timestamp>
		<arg name='tids'>9268,22068,1608,21184,14176,19364,15516</arg>
		<arg name='syscalls'>1,1,1,1,0,1,1</arg>
		<arg name='calls'>0,0,0,0,24,0,0</arg>
	</msg>
	<!-- Heartbeat, tids = 9268,22068,1608,21184,14176,19364,15516, syscallStatus = 1,1,1,1,1,1,1, calls = 0,0,0,0,30,0,0 -->
	<msg id='91' display='false' source='mc'>
		<type>HEARTBEAT</type>
		<severity>INFO</severity>
		<timestamp>Tue Jul  7 23:52:06 2020</timestamp>
		<arg name='tids'>9268,22068,1608,21184,14176,19364,15516</arg>
		<arg name='syscalls'>1,1,1,1,1,1,1</arg>
		<arg name='calls'>0,0,0,0,30,0,0</arg>
	</msg>
	<!-- DIAG: 21 -->
	<!-- DIAG: 22 -->
	<!-- DIAG: 23 -->
	<!-- Heartbeat, tids = 9268,14176,19364,15516, syscallStatus = 1,1,1,1, calls = 0,30,0,0 -->
	<msg id='92' display='false' source='mc'>
		<type>HEARTBEAT</type>
		<severity>INFO</severity>
		<timestamp>Tue Jul  7 23:52:07 2020</timestamp>
		<arg name='tids'>9268,14176,19364,15516</arg>
		<arg name='syscalls'>1,1,1,1</arg>
		<arg name='calls'>0,30,0,0</arg>
	</msg>
	<!-- Heartbeat, tids = 9268,14176,19364,15516, syscallStatus = 1,1,1,1, calls = 0,30,0,0 -->
	<msg id='93' display='false' source='mc'>
		<type>HEARTBEAT</type>
		<severity>INFO</severity>
		<timestamp>Tue Jul  7 23:52:08 2020</timestamp>
		<arg name='tids'>9268,14176,19364,15516</arg>
		<arg name='syscalls'>1,1,1,1</arg>
		<arg name='calls'>0,30,0,0</arg>
	</msg>
	<!-- Heartbeat, tids = 9268,14176,19364,15516, syscallStatus = 1,1,1,1, calls = 0,30,0,0 -->
	<msg id='94' display='false' source='mc'>
		<type>HEARTBEAT</type>
		<severity>INFO</severity>
		<timestamp>Tue Jul  7 23:52:09 2020</timestamp>
		<arg name='tids'>9268,14176,19364,15516</arg>
		<arg name='syscalls'>1,1,1,1</arg>
		<arg name='calls'>0,30,0,0</arg>
	</msg>
	<!-- Heartbeat, tids = 9268,14176,19364,15516, syscallStatus = 1,1,1,1, calls = 0,30,0,0 -->
	<msg id='95' display='false' source='mc'>
		<type>HEARTBEAT</type>
		<severity>INFO</severity>
		<timestamp>Tue Jul  7 23:52:10 2020</timestamp>
		<arg name='tids'>9268,14176,19364,15516</arg>
		<arg name='syscalls'>1,1,1,1</arg>
		<arg name='calls'>0,30,0,0</arg>
	</msg>
	<!-- Heartbeat, tids = 9268,14176,19364,15516, syscallStatus = 1,1,1,1, calls = 0,30,0,0 -->
	<msg id='96' display='false' source='mc'>
		<type>HEARTBEAT</type>
		<severity>INFO</severity>
		<timestamp>Tue Jul  7 23:52:11 2020</timestamp>
		<arg name='tids'>9268,14176,19364,15516</arg>
		<arg name='syscalls'>1,1,1,1</arg>
		<arg name='calls'>0,30,0,0</arg>
	</msg>
	<!-- Heartbeat, tids = 9268,14176,19364,15516, syscallStatus = 1,1,1,1, calls = 0,30,0,0 -->
	<msg id='97' display='false' source='mc'>
		<type>HEARTBEAT</type>
		<severity>INFO</severity>
		<timestamp>Tue Jul  7 23:52:12 2020</timestamp>
		<arg name='tids'>9268,14176,19364,15516</arg>
		<arg name='syscalls'>1,1,1,1</arg>
		<arg name='calls'>0,30,0,0</arg>
	</msg>
	<!-- Heartbeat, tids = 9268,14176,19364,15516, syscallStatus = 1,1,1,1, calls = 0,30,0,0 -->
	<msg id='98' display='false' source='mc'>
		<type>HEARTBEAT</type>
		<severity>INFO</severity>
		<timestamp>Tue Jul  7 23:52:13 2020</timestamp>
		<arg name='tids'>9268,14176,19364,15516</arg>
		<arg name='syscalls'>1,1,1,1</arg>
		<arg name='calls'>0,30,0,0</arg>
	</msg>
	<!-- Heartbeat, tids = 9268,14176,19364,15516, syscallStatus = 1,1,1,1, calls = 0,30,0,0 -->
	<msg id='99' display='false' source='mc'>
		<type>HEARTBEAT</type>
		<severity>INFO</severity>
		<timestamp>Tue Jul  7 23:52:14 2020</timestamp>
		<arg name='tids'>9268,14176,19364,15516</arg>
		<arg name='syscalls'>1,1,1,1</arg>
		<arg name='calls'>0,30,0,0</arg>
	</msg>
	<!-- Heartbeat, tids = 9268,14176,19364,15516, syscallStatus = 1,1,1,1, calls = 0,30,0,0 -->
	<msg id='100' display='false' source='mc'>
		<type>HEARTBEAT</type>
		<severity>INFO</severity>
		<timestamp>Tue Jul  7 23:52:15 2020</timestamp>
		<arg name='tids'>9268,14176,19364,15516</arg>
		<arg name='syscalls'>1,1,1,1</arg>
		<arg name='calls'>0,30,0,0</arg>
	</msg>
	<!-- Heartbeat, tids = 9268,14176,19364,15516, syscallStatus = 1,1,1,1, calls = 0,30,0,0 -->
	<msg id='101' display='false' source='mc'>
		<type>HEARTBEAT</type>
		<severity>INFO</severity>
		<timestamp>Tue Jul  7 23:52:16 2020</timestamp>
		<arg name='tids'>9268,14176,19364,15516</arg>
		<arg name='syscalls'>1,1,1,1</arg>
		<arg name='calls'>0,30,0,0</arg>
	</msg>
	<!-- Heartbeat, tids = 9268,14176,19364,15516, syscallStatus = 1,1,1,1, calls = 0,30,0,0 -->
	<msg id='102' display='false' source='mc'>
		<type>HEARTBEAT</type>
		<severity>INFO</severity>
		<timestamp>Tue Jul  7 23:52:17 2020</timestamp>
		<arg name='tids'>9268,14176,19364,15516</arg>
		<arg name='syscalls'>1,1,1,1</arg>
		<arg name='calls'>0,30,0,0</arg>
	</msg>
	<!-- Heartbeat, tids = 9268,14176,19364,15516, syscallStatus = 1,1,1,1, calls = 0,30,0,0 -->
	<msg id='103' display='false' source='mc'>
		<type>HEARTBEAT</type>
		<severity>INFO</severity>
		<timestamp>Tue Jul  7 23:52:18 2020</timestamp>
		<arg name='tids'>9268,14176,19364,15516</arg>
		<arg name='syscalls'>1,1,1,1</arg>
		<arg name='calls'>0,30,0,0</arg>
	</msg>
	<!-- Heartbeat, tids = 9268,14176,19364,15516, syscallStatus = 1,1,1,1, calls = 0,30,0,0 -->
	<msg id='104' display='false' source='mc'>
		<type>HEARTBEAT</type>
		<severity>INFO</severity>
		<timestamp>Tue Jul  7 23:52:19 2020</timestamp>
		<arg name='tids'>9268,14176,19364,15516</arg>
		<arg name='syscalls'>1,1,1,1</arg>
		<arg name='calls'>0,30,0,0</arg>
	</msg>
	<!-- Heartbeat, tids = 9268,14176,19364,15516, syscallStatus = 1,1,1,1, calls = 0,30,0,0 -->
	<msg id='105' display='false' source='mc'>
		<type>HEARTBEAT</type>
		<severity>INFO</severity>
		<timestamp>Tue Jul  7 23:52:20 2020</timestamp>
		<arg name='tids'>9268,14176,19364,15516</arg>
		<arg name='syscalls'>1,1,1,1</arg>
		<arg name='calls'>0,30,0,0</arg>
	</msg>
	<!-- Heartbeat, tids = 9268,14176,19364,15516, syscallStatus = 1,1,1,1, calls = 0,30,0,0 -->
	<msg id='106' display='false' source='mc'>
		<type>HEARTBEAT</type>
		<severity>INFO</severity>
		<timestamp>Tue Jul  7 23:52:21 2020</timestamp>
		<arg name='tids'>9268,14176,19364,15516</arg>
		<arg name='syscalls'>1,1,1,1</arg>
		<arg name='calls'>0,30,0,0</arg>
	</msg>
	<!-- Heartbeat, tids = 9268,14176,19364,15516, syscallStatus = 1,1,1,1, calls = 0,30,0,0 -->
	<msg id='107' display='false' source='mc'>
		<type>HEARTBEAT</type>
		<severity>INFO</severity>
		<timestamp>Tue Jul  7 23:52:22 2020</timestamp>
		<arg name='tids'>9268,14176,19364,15516</arg>
		<arg name='syscalls'>1,1,1,1</arg>
		<arg name='calls'>0,30,0,0</arg>
	</msg>
	<!-- Heartbeat, tids = 9268,14176,19364,15516, syscallStatus = 1,0,1,1, calls = 0,26,0,0 -->
	<msg id='108' display='false' source='mc'>
		<type>HEARTBEAT</type>
		<severity>INFO</severity>
		<timestamp>Tue Jul  7 23:52:23 2020</timestamp>
		<arg name='tids'>9268,14176,19364,15516</arg>
		<arg name='syscalls'>1,0,1,1</arg>
		<arg name='calls'>0,26,0,0</arg>
	</msg>
	<!-- Heartbeat, tids = 9268,14176,19364,15516, syscallStatus = 1,1,1,1, calls = 0,28,0,0 -->
	<msg id='109' display='false' source='mc'>
		<type>HEARTBEAT</type>
		<severity>INFO</severity>
		<timestamp>Tue Jul  7 23:52:24 2020</timestamp>
		<arg name='tids'>9268,14176,19364,15516</arg>
		<arg name='syscalls'>1,1,1,1</arg>
		<arg name='calls'>0,28,0,0</arg>
	</msg>
	<!-- Heartbeat, tids = 9268,14176,19364,15516, syscallStatus = 1,1,1,1, calls = 0,30,0,0 -->
	<msg id='110' display='false' source='mc'>
		<type>HEARTBEAT</type>
		<severity>INFO</severity>
		<timestamp>Tue Jul  7 23:52:25 2020</timestamp>
		<arg name='tids'>9268,14176,19364,15516</arg>
		<arg name='syscalls'>1,1,1,1</arg>
		<arg name='calls'>0,30,0,0</arg>
	</msg>
	<!-- Heartbeat, tids = 9268,14176,19364,15516, syscallStatus = 1,1,1,1, calls = 0,30,0,0 -->
	<msg id='111' display='false' source='mc'>
		<type>HEARTBEAT</type>
		<severity>INFO</severity>
		<timestamp>Tue Jul  7 23:52:26 2020</timestamp>
		<arg name='tids'>9268,14176,19364,15516</arg>
		<arg name='syscalls'>1,1,1,1</arg>
		<arg name='calls'>0,30,0,0</arg>
	</msg>
	<!-- Heartbeat, tids = 9268,14176,19364,15516, syscallStatus = 1,1,1,1, calls = 0,30,0,0 -->
	<msg id='112' display='false' source='mc'>
		<type>HEARTBEAT</type>
		<severity>INFO</severity>
		<timestamp>Tue Jul  7 23:52:27 2020</timestamp>
		<arg name='tids'>9268,14176,19364,15516</arg>
		<arg name='syscalls'>1,1,1,1</arg>
		<arg name='calls'>0,30,0,0</arg>
	</msg>
	<!-- Heartbeat, tids = 9268,14176,19364,15516, syscallStatus = 1,1,1,1, calls = 0,30,0,0 -->
	<msg id='113' display='false' source='mc'>
		<type>HEARTBEAT</type>
		<severity>INFO</severity>
		<timestamp>Tue Jul  7 23:52:28 2020</timestamp>
		<arg name='tids'>9268,14176,19364,15516</arg>
		<arg name='syscalls'>1,1,1,1</arg>
		<arg name='calls'>0,30,0,0</arg>
	</msg>
	<!-- Heartbeat, tids = 9268,14176,19364,15516, syscallStatus = 1,1,1,1, calls = 0,30,0,0 -->
	<msg id='114' display='false' source='mc'>
		<type>HEARTBEAT</type>
		<severity>INFO</severity>
		<timestamp>Tue Jul  7 23:52:29 2020</timestamp>
		<arg name='tids'>9268,14176,19364,15516</arg>
		<arg name='syscalls'>1,1,1,1</arg>
		<arg name='calls'>0,30,0,0</arg>
	</msg>
	<!-- Heartbeat, tids = 9268,14176,19364,15516, syscallStatus = 1,1,1,1, calls = 0,30,0,0 -->
	<msg id='115' display='false' source='mc'>
		<type>HEARTBEAT</type>
		<severity>INFO</severity>
		<timestamp>Tue Jul  7 23:52:30 2020</timestamp>
		<arg name='tids'>9268,14176,19364,15516</arg>
		<arg name='syscalls'>1,1,1,1</arg>
		<arg name='calls'>0,30,0,0</arg>
	</msg>
	<!-- Heartbeat, tids = 9268,14176,19364,15516, syscallStatus = 1,1,1,1, calls = 0,24,0,0 -->
	<msg id='116' display='false' source='mc'>
		<type>HEARTBEAT</type>
		<severity>INFO</severity>
		<timestamp>Tue Jul  7 23:52:31 2020</timestamp>
		<arg name='tids'>9268,14176,19364,15516</arg>
		<arg name='syscalls'>1,1,1,1</arg>
		<arg name='calls'>0,24,0,0</arg>
	</msg>