<?xml version="1.0" encoding="utf-8"?>
<log version="1.0" tool="runtool">

<msg id="1" tool="runtool">
  <type>log-start</type>
  <arg>2020/07/14 01:56:29</arg>
</msg>
<msg id="2" tool="runtool">
  <type>collector-starts</type>
</msg>
<msg id="3" tool="runtool">
  <type>marker-file</type>
  <arg>C:\CPA_Code\oop244\final_project\ms1\Project2\My Inspector Results - Project2\r012mi3\r012mi3.inspxe</arg>
</msg>
<msg id="4" tool="mc">
  <type>EXEC_OF_INTEREST</type>
  <arg>c:\cpa_code\oop244\final_project\ms1\project2\debug\project2.exe</arg>
  <arg>2676</arg>
  <severity>INFO</severity>
  <timestamp>Tue Jul 14 01:56:29 2020</timestamp>
</msg>
<msg id="5" tool="mc">
  <type>MODULE_LOAD</type>
  <arg>c:\cpa_code\oop244\final_project\ms1\project2\debug\project2.exe</arg>
  <arg>0x3e0000</arg>
  <arg>0x40afff</arg>
  <severity>INFO</severity>
  <timestamp>Tue Jul 14 01:56:29 2020</timestamp>
</msg>
<msg id="6" tool="mc">
  <type>MODULE_LOAD</type>
  <arg>c:\windows\syswow64\kernel32.dll</arg>
  <arg>0x75ca0000</arg>
  <arg>0x75d8ffff</arg>
  <severity>INFO</severity>
  <timestamp>Tue Jul 14 01:56:29 2020</timestamp>
</msg>
<msg id="7" tool="mc">
  <type>MODULE_LOAD</type>
  <arg>c:\windows\syswow64\kernelbase.dll</arg>
  <arg>0x77630000</arg>
  <arg>0x77842fff</arg>
  <severity>INFO</severity>
  <timestamp>Tue Jul 14 01:56:29 2020</timestamp>
</msg>
<msg id="8" tool="mc">
  <type>MODULE_LOAD</type>
  <arg>c:\windows\syswow64\ntdll.dll</arg>
  <arg>0x779d0000</arg>
  <arg>0x77b71fff</arg>
  <severity>INFO</severity>
  <timestamp>Tue Jul 14 01:56:29 2020</timestamp>
</msg>
<msg id="9" tool="mc">
  <type>MODULE_LOAD</type>
  <arg>c:\program files\norton security\nortondata\22.20.2.57\definitions\bashdefs\20200707.001\umengx86.dll</arg>
  <arg>0x614c0000</arg>
  <arg>0x61527fff</arg>
  <severity>INFO</severity>
  <timestamp>Tue Jul 14 01:56:29 2020</timestamp>
</msg>
<msg id="10" tool="mc">
  <type>MODULE_LOAD</type>
  <arg>c:\windows\syswow64\msvcp140d.dll</arg>
  <arg>0x7c070000</arg>
  <arg>0x7c125fff</arg>
  <severity>INFO</severity>
  <timestamp>Tue Jul 14 01:56:30 2020</timestamp>
</msg>
<msg id="11" tool="mc">
  <type>MODULE_LOAD</type>
  <arg>c:\windows\syswow64\ucrtbased.dll</arg>
  <arg>0x7b5d0000</arg>
  <arg>0x7b744fff</arg>
  <severity>INFO</severity>
  <timestamp>Tue Jul 14 01:56:30 2020</timestamp>
</msg>
<msg id="12" tool="mc">
  <type>MODULE_LOAD</type>
  <arg>c:\windows\syswow64\vcruntime140d.dll</arg>
  <arg>0xcaa0000</arg>
  <arg>0xcabcfff</arg>
  <severity>INFO</severity>
  <timestamp>Tue Jul 14 01:56:30 2020</timestamp>
</msg>
<msg id="13" tool="mc">
  <type>MODULE_UNLOAD</type>
  <arg>C:\Windows\SysWOW64\vcruntime140d.dll</arg>
  <severity>INFO</severity>
  <timestamp>Tue Jul 14 01:56:30 2020</timestamp>
</msg>
<msg id="14" tool="mc">
  <type>MODULE_LOAD</type>
  <arg>c:\windows\syswow64\vcruntime140d.dll</arg>
  <arg>0xcaa0000</arg>
  <arg>0xcabcfff</arg>
  <severity>INFO</severity>
  <timestamp>Tue Jul 14 01:56:30 2020</timestamp>
</msg>
<msg id="15" tool="mc">
  <type>HEARTBEAT</type>
  <arg>10112,11564,19952,16960,11612</arg>
  <arg>1,1,1,1,1</arg>
  <arg>118367,597,359,551,504</arg>
  <severity>INFO</severity>
  <timestamp>Tue Jul 14 01:56:33 2020</timestamp>
</msg>
<msg id="16" tool="mc">
  <type>HEARTBEAT</type>
  <arg>10112,11564,19952,16960,11612</arg>
  <arg>1,1,1,1,1</arg>
  <arg>0,0,0,0,24</arg>
  <severity>INFO</severity>
  <timestamp>Tue Jul 14 01:56:34 2020</timestamp>
</msg>
<msg id="17" tool="mc">
  <type>HEARTBEAT</type>
  <arg>10112,11564,19952,16960,11612</arg>
  <arg>1,1,1,1,1</arg>
  <arg>0,0,0,0,30</arg>
  <severity>INFO</severity>
  <timestamp>Tue Jul 14 01:56:35 2020</timestamp>
</msg>
<msg id="18" tool="mc">
  <type>HEARTBEAT</type>
  <arg>10112,11564,19952,16960,11612</arg>
  <arg>1,1,1,1,1</arg>
  <arg>5760,0,0,0,30</arg>
  <severity>INFO</severity>
  <timestamp>Tue Jul 14 01:56:36 2020</timestamp>
</msg>
<msg id="19" tool="mc">
  <type>HEARTBEAT</type>
  <arg>10112,11564,19952,16960,11612</arg>
  <arg>1,1,1,1,1</arg>
  <arg>27082,0,0,0,30</arg>
  <severity>INFO</severity>
  <timestamp>Tue Jul 14 01:56:37 2020</timestamp>
</msg>
<msg id="20" tool="mc">
  <type>HEARTBEAT</type>
  <arg>10112,11564,19952,16960,11612</arg>
  <arg>1,1,1,1,1</arg>
  <arg>5069,0,0,0,30</arg>
  <severity>INFO</severity>
  <timestamp>Tue Jul 14 01:56:38 2020</timestamp>
</msg>
<msg id="21" tool="mc">
  <type>FATAL_EXCEPTION</type>
  <severity>WARNING</severity>
  <timestamp>Tue Jul 14 01:56:38 2020</timestamp>
</msg>
<msg id="22" tool="runtool">
  <type>app-exit-code</type>
  <arg>-1073741819</arg>
</msg>
<msg id="23" tool="runtool">
  <type>ctrlC-kill-analysis</type>
</msg>
<msg id="24" tool="runtool">
  <type>marker-file</type>
  <arg>C:\CPA_Code\oop244\final_project\ms1\Project2\My Inspector Results - Project2\r012mi3\r012mi3.inspxe</arg>
</msg>
<msg id="25" tool="runtool">
  <type>collector-done</type>
</msg>
<msg id="26" tool="runtool">
  <type>log-end</type>
  <arg>2020/07/14 01:56:43</arg>
</msg>

</log>

