<?xml version="1.0" encoding="utf-8" ?>
<!-- DO NOT EDIT THIS FILE -->

<log version='2.0' source='mc'>
	<!-- Successfully loaded CCRT at address 0x79cf0000 - 0x79ff3000 -->
	<!-- Successfully loaded MC at address 0x798e0000 - 0x79c9b000 -->
	<!-- Analysis started for c:\cpa_code\oop244\final_project\ms1\project2\debug\project2.exe, pid = 2676 -->
	<msg id='1' source='mc'>
		<type>EXEC_OF_INTEREST</type>
		<severity>INFO</severity>
		<timestamp>Tue Jul 14 01:56:29 2020</timestamp>
		<arg name='path'>c:\cpa_code\oop244\final_project\ms1\project2\debug\project2.exe</arg>
		<arg name='pid'>2676</arg>
	</msg>
	<!-- Command line: C:\Program Files (x86)\IntelSWTools\Inspector 2020\bin32\pin -xyzzy -mesgoff console -xyzzy -bridge_save_x87 0 -bridge_save_mxcsr 0 -follow_execv -error_file C:\CPA_Code\oop244\final_project\ms1\Project2\My Inspector Results - Project2\r012mi3\data.0\pin_error.log -logfile C:\CPA_Code\oop244\final_project\ms1\Project2\My Inspector Results - Project2\r012mi3\data.0\pin.log -xyzzy -region_max_inss 500 -p64 C:\Program Files (x86)\IntelSWTools\Inspector 2020\bin64\pin -t64 C:\Program Files (x86)\IntelSWTools\Inspector 2020\bin64\memchkr.dll -t C:\Program Files (x86)\IntelSWTools\Inspector 2020\bin32\memchkr.dll -no-analyze-stack -access-checks -leak-check-on-exit -leak-check-on-demand -enable-memory-growth -leak-check-report-reachable -check-resource-leaks -freelist-vol 1000000 -leak-maximum 100000 -guard-zone-size 32 -stack-depth 16 -heartbeat 1 -mrte-mode auto -working-dir C:\CPA_Code\oop244\final_project\ms1\Project2\My Inspector Results - Project2\r012mi3\data.0 -log mc_Project2.log -result Project2 - C:\CPA_Code\oop244\final_project\ms1\Project2\Debug\Project2.exe  -->
	<!-- mc's options are the following:  -->
	<!-- -help                              false -->
	<!-- -verbose                           false -->
	<!-- -xyzzy                             false -->
	<!-- -version                           false -->
	<!-- -help-all                          false -->
	<!-- -xyzzy-all                         false -->
	<!-- -report-all-instances              false -->
	<!-- -check-for-padded-structures       true -->
	<!-- -check-for-bitfields               true -->
	<!-- -analyze-stack                     false -->
	<!-- -access-checks                     true -->
	<!-- -track-origins                     true -->
	<!-- -duplicate-uninits                 false -->
	<!-- -bss-initialized                   true -->
	<!-- -align-alloc-size                  false -->
	<!-- -report-uninit-read                false -->
	<!-- -ignore-system-libraries           false -->
	<!-- -gen-suppressions                  false -->
	<!-- -leak-check-on-exit                true -->
	<!-- -leak-check-on-demand              true -->
	<!-- -leak-check-uses-baseline          true -->
	<!-- -enable-memory-growth              true -->
	<!-- -leak-check-report-reachable       true -->
	<!-- -leak-check-full                   true -->
	<!-- -check-resource-leaks              true -->
	<!-- -trace-children                    false -->
	<!-- -enable-poke                       false -->
	<!-- -jit-mode-anyway                   false -->
	<!-- -disable-probe-mode-mismatches-64  true -->
	<!-- -aggressive-callstack-caching      false -->
	<!-- -suppress-breakpoints              false -->
	<!-- -monitor-memory                    false -->
	<!-- -freelist-vol                      1000000 -->
	<!-- -leak-maximum                      100000 -->
	<!-- -guard-zone-size                   32 -->
	<!-- -stack-depth                       16 -->
	<!-- -heartbeat                         1 -->
	<!-- -breakpoint-file                   (null) -->
	<!-- -config-file                       (null) -->
	<!-- -log                               mc_Project2.log -->
	<!-- -ignore-commands                   (null),  -->
	<!-- -ignore-modules                    (null),  -->
	<!-- -ignore-symbols                    (null),  -->
	<!-- -module-of-interest                (null),  -->
	<!-- -executable-of-interest            (null),  -->
	<!-- -working-dir                       C:\CPA_Code\oop244\final_project\ms1\Project2\My Inspector Results - Project2\r012mi3\data.0 -->
	<!-- -result                            Project2 -->
	<!-- -exclude-module                    (null),  -->
	<!-- -include-module                    (null),  -->
	<!-- -only-exec-commands                (null),  -->
	<!-- -suppressions                      (null),  -->
	<!-- -debug                             none -->
	<!-- -shared-mem-name                   (null) -->
	<!-- -poke-function                     (null),  -->
	<!-- -analysis-mode                     (null) -->
	<!-- -disable-gatekeeping               false -->
	<!-- -ignore-os-allocators              false -->
	<!-- -mrte-mode                         auto -->
	<!-- probe mode: no -->
	<!-- mem leaks checks: yes -->
	<!-- res leaks checks: yes -->
	<!-- access checks: yes -->
	<!-- track origin: yes -->
	<!-- Environment: INTEL_LIBITTNOTIFY32=C:\Program Files (x86)\IntelSWTools\Inspector 2020\bin32\runtime\libittnotify.dll -->
	<!-- Environment: INTEL_LIBITTNOTIFY64=C:\Program Files (x86)\IntelSWTools\Inspector 2020\bin64\runtime\libittnotify.dll -->
	<!-- Environment: INTEL_JIT_PROFILER32=C:\Program Files (x86)\IntelSWTools\Inspector 2020\bin32\runtime\libittnotify.dll -->
	<!-- Environment: INTEL_JIT_PROFILER64=C:\Program Files (x86)\IntelSWTools\Inspector 2020\bin64\runtime\libittnotify.dll -->
	<!-- Module loaded c:\cpa_code\oop244\final_project\ms1\project2\debug\project2.exe, address range [0x003e0000-0x0040afff] -->
	<msg id='2' source='mc'>
		<type>MODULE_LOAD</type>
		<severity>INFO</severity>
		<timestamp>Tue Jul 14 01:56:29 2020</timestamp>
		<arg name='path'>c:\cpa_code\oop244\final_project\ms1\project2\debug\project2.exe</arg>
		<arg name='addr1'>0x3e0000</arg>
		<arg name='addr2'>0x40afff</arg>
	</msg>
	<!-- Module loaded c:\windows\syswow64\kernel32.dll, address range [0x75ca0000-0x75d8ffff] -->
	<msg id='3' source='mc'>
		<type>MODULE_LOAD</type>
		<severity>INFO</severity>
		<timestamp>Tue Jul 14 01:56:29 2020</timestamp>
		<arg name='path'>c:\windows\syswow64\kernel32.dll</arg>
		<arg name='addr1'>0x75ca0000</arg>
		<arg name='addr2'>0x75d8ffff</arg>
	</msg>
	<!-- Module loaded c:\windows\syswow64\kernelbase.dll, address range [0x77630000-0x77842fff] -->
	<msg id='4' source='mc'>
		<type>MODULE_LOAD</type>
		<severity>INFO</severity>
		<timestamp>Tue Jul 14 01:56:29 2020</timestamp>
		<arg name='path'>c:\windows\syswow64\kernelbase.dll</arg>
		<arg name='addr1'>0x77630000</arg>
		<arg name='addr2'>0x77842fff</arg>
	</msg>
	<!-- Module loaded c:\windows\syswow64\ntdll.dll, address range [0x779d0000-0x77b71fff] -->
	<msg id='5' source='mc'>
		<type>MODULE_LOAD</type>
		<severity>INFO</severity>
		<timestamp>Tue Jul 14 01:56:29 2020</timestamp>
		<arg name='path'>c:\windows\syswow64\ntdll.dll</arg>
		<arg name='addr1'>0x779d0000</arg>
		<arg name='addr2'>0x77b71fff</arg>
	</msg>
	<!-- DIAG: 1 -->
	<!-- Module loaded c:\program files\norton security\nortondata\22.20.2.57\definitions\bashdefs\20200707.001\umengx86.dll, address range [0x614c0000-0x61527fff] -->
	<msg id='6' source='mc'>
		<type>MODULE_LOAD</type>
		<severity>INFO</severity>
		<timestamp>Tue Jul 14 01:56:29 2020</timestamp>
		<arg name='path'>c:\program files\norton security\nortondata\22.20.2.57\definitions\bashdefs\20200707.001\umengx86.dll</arg>
		<arg name='addr1'>0x614c0000</arg>
		<arg name='addr2'>0x61527fff</arg>
	</msg>
	<!-- DIAG: 2 -->
	<!-- DIAG: 3 -->
	<!-- Module loaded c:\windows\syswow64\msvcp140d.dll, address range [0x7c070000-0x7c125fff] -->
	<msg id='7' source='mc'>
		<type>MODULE_LOAD</type>
		<severity>INFO</severity>
		<timestamp>Tue Jul 14 01:56:30 2020</timestamp>
		<arg name='path'>c:\windows\syswow64\msvcp140d.dll</arg>
		<arg name='addr1'>0x7c070000</arg>
		<arg name='addr2'>0x7c125fff</arg>
	</msg>
	<!-- DIAG: 4 -->
	<!-- Module loaded c:\windows\syswow64\ucrtbased.dll, address range [0x7b5d0000-0x7b744fff] -->
	<msg id='8' source='mc'>
		<type>MODULE_LOAD</type>
		<severity>INFO</severity>
		<timestamp>Tue Jul 14 01:56:30 2020</timestamp>
		<arg name='path'>c:\windows\syswow64\ucrtbased.dll</arg>
		<arg name='addr1'>0x7b5d0000</arg>
		<arg name='addr2'>0x7b744fff</arg>
	</msg>
	<!-- Module loaded c:\windows\syswow64\vcruntime140d.dll, address range [0x0caa0000-0x0cabcfff] -->
	<msg id='9' source='mc'>
		<type>MODULE_LOAD</type>
		<severity>INFO</severity>
		<timestamp>Tue Jul 14 01:56:30 2020</timestamp>
		<arg name='path'>c:\windows\syswow64\vcruntime140d.dll</arg>
		<arg name='addr1'>0xcaa0000</arg>
		<arg name='addr2'>0xcabcfff</arg>
	</msg>
	<!-- Module unloaded C:\Windows\SysWOW64\vcruntime140d.dll -->
	<msg id='10' source='mc'>
		<type>MODULE_UNLOAD</type>
		<severity>INFO</severity>
		<timestamp>Tue Jul 14 01:56:30 2020</timestamp>
		<arg name='path'>C:\Windows\SysWOW64\vcruntime140d.dll</arg>
	</msg>
	<!-- Module loaded c:\windows\syswow64\vcruntime140d.dll, address range [0x0caa0000-0x0cabcfff] -->
	<msg id='11' source='mc'>
		<type>MODULE_LOAD</type>
		<severity>INFO</severity>
		<timestamp>Tue Jul 14 01:56:30 2020</timestamp>
		<arg name='path'>c:\windows\syswow64\vcruntime140d.dll</arg>
		<arg name='addr1'>0xcaa0000</arg>
		<arg name='addr2'>0xcabcfff</arg>
	</msg>
	<!-- DIAG: 5 -->
	<!-- Unable to lookup RVA for address 0xcc00064. Stack frame will not be reported. -->
	<!-- DIAG: 6 -->
	<!-- DIAG: 7 -->
	<!-- DIAG: 8 -->
	<!-- DIAG: 9 -->
	<!-- DIAG: 10 -->
	<!-- Heartbeat, tids = 10112,11564,19952,16960,11612, syscallStatus = 1,1,1,1,1, calls = 118367,597,359,551,504 -->
	<msg id='12' display='false' source='mc'>
		<type>HEARTBEAT</type>
		<severity>INFO</severity>
		<timestamp>Tue Jul 14 01:56:33 2020</timestamp>
		<arg name='tids'>10112,11564,19952,16960,11612</arg>
		<arg name='syscalls'>1,1,1,1,1</arg>
		<arg name='calls'>118367,597,359,551,504</arg>
	</msg>
	<!-- Heartbeat, tids = 10112,11564,19952,16960,11612, syscallStatus = 1,1,1,1,1, calls = 0,0,0,0,24 -->
	<msg id='13' display='false' source='mc'>
		<type>HEARTBEAT</type>
		<severity>INFO</severity>
		<timestamp>Tue Jul 14 01:56:34 2020</timestamp>
		<arg name='tids'>10112,11564,19952,16960,11612</arg>
		<arg name='syscalls'>1,1,1,1,1</arg>
		<arg name='calls'>0,0,0,0,24</arg>
	</msg>
	<!-- Heartbeat, tids = 10112,11564,19952,16960,11612, syscallStatus = 1,1,1,1,1, calls = 0,0,0,0,30 -->
	<msg id='14' display='false' source='mc'>
		<type>HEARTBEAT</type>
		<severity>INFO</severity>
		<timestamp>Tue Jul 14 01:56:35 2020</timestamp>
		<arg name='tids'>10112,11564,19952,16960,11612</arg>
		<arg name='syscalls'>1,1,1,1,1</arg>
		<arg name='calls'>0,0,0,0,30</arg>
	</msg>
	<!-- Heartbeat, tids = 10112,11564,19952,16960,11612, syscallStatus = 1,1,1,1,1, calls = 5760,0,0,0,30 -->
	<msg id='15' display='false' source='mc'>
		<type>HEARTBEAT</type>
		<severity>INFO</severity>
		<timestamp>Tue Jul 14 01:56:36 2020</timestamp>
		<arg name='tids'>10112,11564,19952,16960,11612</arg>
		<arg name='syscalls'>1,1,1,1,1</arg>
		<arg name='calls'>5760,0,0,0,30</arg>
	</msg>
	<!-- Heartbeat, tids = 10112,11564,19952,16960,11612, syscallStatus = 1,1,1,1,1, calls = 27082,0,0,0,30 -->
	<msg id='16' display='false' source='mc'>
		<type>HEARTBEAT</type>
		<severity>INFO</severity>
		<timestamp>Tue Jul 14 01:56:37 2020</timestamp>
		<arg name='tids'>10112,11564,19952,16960,11612</arg>
		<arg name='syscalls'>1,1,1,1,1</arg>
		<arg name='calls'>27082,0,0,0,30</arg>
	</msg>
	<!-- DIAG: 11 -->
	<!-- Heartbeat, tids = 10112,11564,19952,16960,11612, syscallStatus = 1,1,1,1,1, calls = 5069,0,0,0,30 -->
	<msg id='17' display='false' source='mc'>
		<type>HEARTBEAT</type>
		<severity>INFO</severity>
		<timestamp>Tue Jul 14 01:56:38 2020</timestamp>
		<arg name='tids'>10112,11564,19952,16960,11612</arg>
		<arg name='syscalls'>1,1,1,1,1</arg>
		<arg name='calls'>5069,0,0,0,30</arg>
	</msg>
	<!-- Application had an exception that was logged. -->
	<msg id='18' source='mc'>
		<type>FATAL_EXCEPTION</type>
		<severity>WARNING</severity>
		<timestamp>Tue Jul 14 01:56:38 2020</timestamp>
	</msg>
	<!-- DIAG: 12 -->
	<!-- DIAG: 13 -->
	<!-- DIAG: 14 -->
	<!-- DIAG: 15 -->
	<!-- DIAG: 16 -->