<?xml version="1.0" encoding="utf-8"?>
<log version="1.0" tool="runtool">

<msg id="1" tool="runtool">
  <type>log-start</type>
  <arg>2020/06/18 23:58:35</arg>
</msg>
<msg id="2" tool="runtool">
  <type>collector-starts</type>
</msg>
<msg id="3" tool="runtool">
  <type>marker-file</type>
  <arg>C:\code\oop244\w4\home\Project1\My Inspector Results - Project1\r001mi3\r001mi3.inspxe</arg>
</msg>
<msg id="4" tool="mc">
  <type>EXEC_OF_INTEREST</type>
  <arg>c:\code\oop244\w4\home\project1\debug\project1.exe</arg>
  <arg>17764</arg>
  <severity>INFO</severity>
  <timestamp>Thu Jun 18 23:58:35 2020</timestamp>
</msg>
<msg id="5" tool="mc">
  <type>MODULE_LOAD</type>
  <arg>c:\code\oop244\w4\home\project1\debug\project1.exe</arg>
  <arg>0x120000</arg>
  <arg>0x143fff</arg>
  <severity>INFO</severity>
  <timestamp>Thu Jun 18 23:58:35 2020</timestamp>
</msg>
<msg id="6" tool="mc">
  <type>MODULE_LOAD</type>
  <arg>c:\windows\syswow64\kernel32.dll</arg>
  <arg>0x76b40000</arg>
  <arg>0x76c2ffff</arg>
  <severity>INFO</severity>
  <timestamp>Thu Jun 18 23:58:35 2020</timestamp>
</msg>
<msg id="7" tool="mc">
  <type>MODULE_LOAD</type>
  <arg>c:\windows\syswow64\kernelbase.dll</arg>
  <arg>0x77900000</arg>
  <arg>0x77b12fff</arg>
  <severity>INFO</severity>
  <timestamp>Thu Jun 18 23:58:35 2020</timestamp>
</msg>
<msg id="8" tool="mc">
  <type>MODULE_LOAD</type>
  <arg>c:\windows\syswow64\ntdll.dll</arg>
  <arg>0x77cd0000</arg>
  <arg>0x77e71fff</arg>
  <severity>INFO</severity>
  <timestamp>Thu Jun 18 23:58:35 2020</timestamp>
</msg>
<msg id="9" tool="mc">
  <type>MODULE_LOAD</type>
  <arg>c:\windows\syswow64\msvcp140d.dll</arg>
  <arg>0xc270000</arg>
  <arg>0xc325fff</arg>
  <severity>INFO</severity>
  <timestamp>Thu Jun 18 23:58:36 2020</timestamp>
</msg>
<msg id="10" tool="mc">
  <type>MODULE_UNLOAD</type>
  <arg>C:\Windows\SysWOW64\msvcp140d.dll</arg>
  <severity>INFO</severity>
  <timestamp>Thu Jun 18 23:58:36 2020</timestamp>
</msg>
<msg id="11" tool="mc">
  <type>MODULE_LOAD</type>
  <arg>c:\windows\syswow64\ucrtbased.dll</arg>
  <arg>0x7b7f0000</arg>
  <arg>0x7b964fff</arg>
  <severity>INFO</severity>
  <timestamp>Thu Jun 18 23:58:36 2020</timestamp>
</msg>
<msg id="12" tool="mc">
  <type>MODULE_LOAD</type>
  <arg>c:\windows\syswow64\vcruntime140d.dll</arg>
  <arg>0x51d70000</arg>
  <arg>0x51d8cfff</arg>
  <severity>INFO</severity>
  <timestamp>Thu Jun 18 23:58:36 2020</timestamp>
</msg>
<msg id="13" tool="mc">
  <type>MODULE_LOAD</type>
  <arg>c:\windows\syswow64\msvcp140d.dll</arg>
  <arg>0xcc10000</arg>
  <arg>0xccc5fff</arg>
  <severity>INFO</severity>
  <timestamp>Thu Jun 18 23:58:37 2020</timestamp>
</msg>
<msg id="14" tool="mc">
  <type>HEARTBEAT</type>
  <arg>14468,1536,4860,20744</arg>
  <arg>1,1,1,1</arg>
  <arg>89494,635,163,481</arg>
  <severity>INFO</severity>
  <timestamp>Thu Jun 18 23:58:39 2020</timestamp>
</msg>
<msg id="15" tool="mc">
  <type>FATAL_EXCEPTION</type>
  <severity>WARNING</severity>
  <timestamp>Thu Jun 18 23:58:39 2020</timestamp>
</msg>
<msg id="16" tool="runtool">
  <type>app-exit-code</type>
  <arg>-1073741819</arg>
</msg>
<msg id="17" tool="runtool">
  <type>marker-file</type>
  <arg>C:\code\oop244\w4\home\Project1\My Inspector Results - Project1\r001mi3\r001mi3.inspxe</arg>
</msg>
<msg id="18" tool="runtool">
  <type>collector-done</type>
</msg>
<msg id="19" tool="runtool">
  <type>log-end</type>
  <arg>2020/06/18 23:58:43</arg>
</msg>

</log>

