<?xml version="1.0" encoding="utf-8" ?>
<!-- DO NOT EDIT THIS FILE -->

<log version='2.0' source='mc'>
	<!-- Successfully loaded CCRT at address 0x7a5c0000 - 0x7a8c3000 -->
	<!-- Successfully loaded MC at address 0x7a1b0000 - 0x7a56b000 -->
	<!-- Analysis started for c:\cpa_code\oop244\final_project\ms2\project1\debug\project1.exe, pid = 17384 -->
	<msg id='1' source='mc'>
		<type>EXEC_OF_INTEREST</type>
		<severity>INFO</severity>
		<timestamp>Tue Jul 28 03:53:34 2020</timestamp>
		<arg name='path'>c:\cpa_code\oop244\final_project\ms2\project1\debug\project1.exe</arg>
		<arg name='pid'>17384</arg>
	</msg>
	<!-- Command line: C:\Program Files (x86)\IntelSWTools\Inspector 2020\bin32\pin -xyzzy -mesgoff console -xyzzy -bridge_save_x87 0 -bridge_save_mxcsr 0 -follow_execv -error_file C:\CPA_Code\oop244\final_project\ms2\Project1\My Inspector Results - Project1\r000mi3\data.0\pin_error.log -logfile C:\CPA_Code\oop244\final_project\ms2\Project1\My Inspector Results - Project1\r000mi3\data.0\pin.log -xyzzy -region_max_inss 500 -p64 C:\Program Files (x86)\IntelSWTools\Inspector 2020\bin64\pin -t64 C:\Program Files (x86)\IntelSWTools\Inspector 2020\bin64\memchkr.dll -t C:\Program Files (x86)\IntelSWTools\Inspector 2020\bin32\memchkr.dll -no-analyze-stack -access-checks -leak-check-on-exit -leak-check-on-demand -enable-memory-growth -leak-check-report-reachable -check-resource-leaks -freelist-vol 1000000 -leak-maximum 100000 -guard-zone-size 32 -stack-depth 16 -heartbeat 1 -mrte-mode auto -working-dir C:\CPA_Code\oop244\final_project\ms2\Project1\My Inspector Results - Project1\r000mi3\data.0 -log mc_Project1.log -result Project1 - C:\CPA_Code\oop244\final_project\ms2\Project1\Debug\Project1.exe  -->
	<!-- mc's options are the following:  -->
	<!-- -help                              false -->
	<!-- -verbose                           false -->
	<!-- -xyzzy                             false -->
	<!-- -version                           false -->
	<!-- -help-all                          false -->
	<!-- -xyzzy-all                         false -->
	<!-- -report-all-instances              false -->
	<!-- -check-for-padded-structures       true -->
	<!-- -check-for-bitfields               true -->
	<!-- -analyze-stack                     false -->
	<!-- -access-checks                     true -->
	<!-- -track-origins                     true -->
	<!-- -duplicate-uninits                 false -->
	<!-- -bss-initialized                   true -->
	<!-- -align-alloc-size                  false -->
	<!-- -report-uninit-read                false -->
	<!-- -ignore-system-libraries           false -->
	<!-- -gen-suppressions                  false -->
	<!-- -leak-check-on-exit                true -->
	<!-- -leak-check-on-demand              true -->
	<!-- -leak-check-uses-baseline          true -->
	<!-- -enable-memory-growth              true -->
	<!-- -leak-check-report-reachable       true -->
	<!-- -leak-check-full                   true -->
	<!-- -check-resource-leaks              true -->
	<!-- -trace-children                    false -->
	<!-- -enable-poke                       false -->
	<!-- -jit-mode-anyway                   false -->
	<!-- -disable-probe-mode-mismatches-64  true -->
	<!-- -aggressive-callstack-caching      false -->
	<!-- -suppress-breakpoints              false -->
	<!-- -monitor-memory                    false -->
	<!-- -freelist-vol                      1000000 -->
	<!-- -leak-maximum                      100000 -->
	<!-- -guard-zone-size                   32 -->
	<!-- -stack-depth                       16 -->
	<!-- -heartbeat                         1 -->
	<!-- -breakpoint-file                   (null) -->
	<!-- -config-file                       (null) -->
	<!-- -log                               mc_Project1.log -->
	<!-- -ignore-commands                   (null),  -->
	<!-- -ignore-modules                    (null),  -->
	<!-- -ignore-symbols                    (null),  -->
	<!-- -module-of-interest                (null),  -->
	<!-- -executable-of-interest            (null),  -->
	<!-- -working-dir                       C:\CPA_Code\oop244\final_project\ms2\Project1\My Inspector Results - Project1\r000mi3\data.0 -->
	<!-- -result                            Project1 -->
	<!-- -exclude-module                    (null),  -->
	<!-- -include-module                    (null),  -->
	<!-- -only-exec-commands                (null),  -->
	<!-- -suppressions                      (null),  -->
	<!-- -debug                             none -->
	<!-- -shared-mem-name                   (null) -->
	<!-- -poke-function                     (null),  -->
	<!-- -analysis-mode                     (null) -->
	<!-- -disable-gatekeeping               false -->
	<!-- -ignore-os-allocators              false -->
	<!-- -mrte-mode                         auto -->
	<!-- probe mode: no -->
	<!-- mem leaks checks: yes -->
	<!-- res leaks checks: yes -->
	<!-- access checks: yes -->
	<!-- track origin: yes -->
	<!-- Environment: INTEL_LIBITTNOTIFY32=C:\Program Files (x86)\IntelSWTools\Inspector 2020\bin32\runtime\libittnotify.dll -->
	<!-- Environment: INTEL_LIBITTNOTIFY64=C:\Program Files (x86)\IntelSWTools\Inspector 2020\bin64\runtime\libittnotify.dll -->
	<!-- Environment: INTEL_JIT_PROFILER32=C:\Program Files (x86)\IntelSWTools\Inspector 2020\bin32\runtime\libittnotify.dll -->
	<!-- Environment: INTEL_JIT_PROFILER64=C:\Program Files (x86)\IntelSWTools\Inspector 2020\bin64\runtime\libittnotify.dll -->
	<!-- Module loaded c:\cpa_code\oop244\final_project\ms2\project1\debug\project1.exe, address range [0x00f60000-0x00f8ffff] -->
	<msg id='2' source='mc'>
		<type>MODULE_LOAD</type>
		<severity>INFO</severity>
		<timestamp>Tue Jul 28 03:53:34 2020</timestamp>
		<arg name='path'>c:\cpa_code\oop244\final_project\ms2\project1\debug\project1.exe</arg>
		<arg name='addr1'>0xf60000</arg>
		<arg name='addr2'>0xf8ffff</arg>
	</msg>
	<!-- Module loaded c:\windows\syswow64\kernel32.dll, address range [0x76b60000-0x76c4ffff] -->
	<msg id='3' source='mc'>
		<type>MODULE_LOAD</type>
		<severity>INFO</severity>
		<timestamp>Tue Jul 28 03:53:34 2020</timestamp>
		<arg name='path'>c:\windows\syswow64\kernel32.dll</arg>
		<arg name='addr1'>0x76b60000</arg>
		<arg name='addr2'>0x76c4ffff</arg>
	</msg>
	<!-- Module loaded c:\windows\syswow64\kernelbase.dll, address range [0x779e0000-0x77bf2fff] -->
	<msg id='4' source='mc'>
		<type>MODULE_LOAD</type>
		<severity>INFO</severity>
		<timestamp>Tue Jul 28 03:53:34 2020</timestamp>
		<arg name='path'>c:\windows\syswow64\kernelbase.dll</arg>
		<arg name='addr1'>0x779e0000</arg>
		<arg name='addr2'>0x77bf2fff</arg>
	</msg>
	<!-- Module loaded c:\windows\syswow64\ntdll.dll, address range [0x77c10000-0x77db1fff] -->
	<msg id='5' source='mc'>
		<type>MODULE_LOAD</type>
		<severity>INFO</severity>
		<timestamp>Tue Jul 28 03:53:34 2020</timestamp>
		<arg name='path'>c:\windows\syswow64\ntdll.dll</arg>
		<arg name='addr1'>0x77c10000</arg>
		<arg name='addr2'>0x77db1fff</arg>
	</msg>
	<!-- DIAG: 1 -->
	<!-- Module loaded c:\program files\norton security\nortondata\22.20.2.57\definitions\bashdefs\20200721.001\umengx86.dll, address range [0x61ee0000-0x61f47fff] -->
	<msg id='6' source='mc'>
		<type>MODULE_LOAD</type>
		<severity>INFO</severity>
		<timestamp>Tue Jul 28 03:53:34 2020</timestamp>
		<arg name='path'>c:\program files\norton security\nortondata\22.20.2.57\definitions\bashdefs\20200721.001\umengx86.dll</arg>
		<arg name='addr1'>0x61ee0000</arg>
		<arg name='addr2'>0x61f47fff</arg>
	</msg>
	<!-- DIAG: 2 -->
	<!-- DIAG: 3 -->
	<!-- DIAG: 4 -->
	<!-- Module loaded c:\windows\syswow64\msvcp140d.dll, address range [0x79650000-0x79705fff] -->
	<msg id='7' source='mc'>
		<type>MODULE_LOAD</type>
		<severity>INFO</severity>
		<timestamp>Tue Jul 28 03:53:35 2020</timestamp>
		<arg name='path'>c:\windows\syswow64\msvcp140d.dll</arg>
		<arg name='addr1'>0x79650000</arg>
		<arg name='addr2'>0x79705fff</arg>
	</msg>
	<!-- Module loaded c:\windows\syswow64\vcruntime140d.dll, address range [0x794b0000-0x794ccfff] -->
	<msg id='8' source='mc'>
		<type>MODULE_LOAD</type>
		<severity>INFO</severity>
		<timestamp>Tue Jul 28 03:53:35 2020</timestamp>
		<arg name='path'>c:\windows\syswow64\vcruntime140d.dll</arg>
		<arg name='addr1'>0x794b0000</arg>
		<arg name='addr2'>0x794ccfff</arg>
	</msg>
	<!-- Module loaded c:\windows\syswow64\ucrtbased.dll, address range [0x794d0000-0x79644fff] -->
	<msg id='9' source='mc'>
		<type>MODULE_LOAD</type>
		<severity>INFO</severity>
		<timestamp>Tue Jul 28 03:53:35 2020</timestamp>
		<arg name='path'>c:\windows\syswow64\ucrtbased.dll</arg>
		<arg name='addr1'>0x794d0000</arg>
		<arg name='addr2'>0x79644fff</arg>
	</msg>
	<!-- DIAG: 5 -->
	<!-- Unable to lookup RVA for address 0xcb50064. Stack frame will not be reported. -->
	<!-- DIAG: 6 -->
	<!-- DIAG: 7 -->
	<!-- DIAG: 8 -->
	<!-- DIAG: 9 -->
	<!-- DIAG: 10 -->
	<!-- DIAG: 11 -->
	<!-- Heartbeat, tids = 1760,11384,17072,14664,13860, syscallStatus = 1,1,1,1,1, calls = 118670,899,1158,708,484 -->
	<msg id='10' display='false' source='mc'>
		<type>HEARTBEAT</type>
		<severity>INFO</severity>
		<timestamp>Tue Jul 28 03:53:37 2020</timestamp>
		<arg name='tids'>1760,11384,17072,14664,13860</arg>
		<arg name='syscalls'>1,1,1,1,1</arg>
		<arg name='calls'>118670,899,1158,708,484</arg>
	</msg>
	<!-- Heartbeat, tids = 1760,11384,17072,14664,13860, syscallStatus = 1,1,1,1,1, calls = 0,0,0,0,30 -->
	<msg id='11' display='false' source='mc'>
		<type>HEARTBEAT</type>
		<severity>INFO</severity>
		<timestamp>Tue Jul 28 03:53:38 2020</timestamp>
		<arg name='tids'>1760,11384,17072,14664,13860</arg>
		<arg name='syscalls'>1,1,1,1,1</arg>
		<arg name='calls'>0,0,0,0,30</arg>
	</msg>
	<!-- Heartbeat, tids = 1760,11384,17072,14664,13860, syscallStatus = 1,1,1,1,1, calls = 0,0,0,0,30 -->
	<msg id='12' display='false' source='mc'>
		<type>HEARTBEAT</type>
		<severity>INFO</severity>
		<timestamp>Tue Jul 28 03:53:39 2020</timestamp>
		<arg name='tids'>1760,11384,17072,14664,13860</arg>
		<arg name='syscalls'>1,1,1,1,1</arg>
		<arg name='calls'>0,0,0,0,30</arg>
	</msg>
	<!-- Heartbeat, tids = 1760,11384,17072,14664,13860, syscallStatus = 1,1,1,1,1, calls = 0,0,0,0,30 -->
	<msg id='13' display='false' source='mc'>
		<type>HEARTBEAT</type>
		<severity>INFO</severity>
		<timestamp>Tue Jul 28 03:53:41 2020</timestamp>
		<arg name='tids'>1760,11384,17072,14664,13860</arg>
		<arg name='syscalls'>1,1,1,1,1</arg>
		<arg name='calls'>0,0,0,0,30</arg>
	</msg>
	<!-- Heartbeat, tids = 1760,11384,17072,14664,13860, syscallStatus = 1,1,1,1,1, calls = 4745,0,0,0,30 -->
	<msg id='14' display='false' source='mc'>
		<type>HEARTBEAT</type>
		<severity>INFO</severity>
		<timestamp>Tue Jul 28 03:53:42 2020</timestamp>
		<arg name='tids'>1760,11384,17072,14664,13860</arg>
		<arg name='syscalls'>1,1,1,1,1</arg>
		<arg name='calls'>4745,0,0,0,30</arg>
	</msg>
	<!-- Heartbeat, tids = 1760,11384,17072,14664,13860, syscallStatus = 1,1,1,1,1, calls = 12096,0,0,0,30 -->
	<msg id='15' display='false' source='mc'>
		<type>HEARTBEAT</type>
		<severity>INFO</severity>
		<timestamp>Tue Jul 28 03:53:43 2020</timestamp>
		<arg name='tids'>1760,11384,17072,14664,13860</arg>
		<arg name='syscalls'>1,1,1,1,1</arg>
		<arg name='calls'>12096,0,0,0,30</arg>
	</msg>
	<!-- Module loaded c:\windows\syswow64\kernel.appcore.dll, address range [0x750d0000-0x750defff] -->
	<msg id='16' source='mc'>
		<type>MODULE_LOAD</type>
		<severity>INFO</severity>
		<timestamp>Tue Jul 28 03:53:43 2020</timestamp>
		<arg name='path'>c:\windows\syswow64\kernel.appcore.dll</arg>
		<arg name='addr1'>0x750d0000</arg>
		<arg name='addr2'>0x750defff</arg>
	</msg>
	<!-- Module loaded c:\windows\syswow64\msvcrt.dll, address range [0x76c50000-0x76d0efff] -->
	<msg id='17' source='mc'>
		<type>MODULE_LOAD</type>
		<severity>INFO</severity>
		<timestamp>Tue Jul 28 03:53:43 2020</timestamp>
		<arg name='path'>c:\windows\syswow64\msvcrt.dll</arg>
		<arg name='addr1'>0x76c50000</arg>
		<arg name='addr2'>0x76d0efff</arg>
	</msg>
	<!-- Module loaded c:\windows\syswow64\rpcrt4.dll, address range [0x777d0000-0x77889fff] -->
	<msg id='18' source='mc'>
		<type>MODULE_LOAD</type>
		<severity>INFO</severity>
		<timestamp>Tue Jul 28 03:53:43 2020</timestamp>
		<arg name='path'>c:\windows\syswow64\rpcrt4.dll</arg>
		<arg name='addr1'>0x777d0000</arg>
		<arg name='addr2'>0x77889fff</arg>
	</msg>
	<!-- Heartbeat, tids = 1760,11384,17072,14664,13860, syscallStatus = 0,1,1,1,1, calls = 7696,0,933,0,30 -->
	<msg id='19' display='false' source='mc'>
		<type>HEARTBEAT</type>
		<severity>INFO</severity>
		<timestamp>Tue Jul 28 03:53:44 2020</timestamp>
		<arg name='tids'>1760,11384,17072,14664,13860</arg>
		<arg name='syscalls'>0,1,1,1,1</arg>
		<arg name='calls'>7696,0,933,0,30</arg>
	</msg>
	<!-- DIAG: 12 -->
	<!-- DIAG: 13 -->
	<!-- DIAG: 14 -->
	<!-- DIAG: 15 -->
	<!-- DIAG: 16 -->
	<!-- Process c:\cpa_code\oop244\final_project\ms2\project1\debug\project1.exe exited with code 0. Leak analysis starting - this may take a while. -->
	<msg id='20' source='mc'>
		<type>PROCESS_COMPLETE</type>
		<severity>INFO</severity>
		<timestamp>Tue Jul 28 03:53:44 2020</timestamp>
		<arg name='path'>c:\cpa_code\oop244\final_project\ms2\project1\debug\project1.exe</arg>
		<arg name='code'>0</arg>
	</msg>
	<!-- Module unloaded C:\CPA_Code\oop244\final_project\ms2\Project1\Debug\Project1.exe -->
	<msg id='21' source='mc'>
		<type>MODULE_UNLOAD</type>
		<severity>INFO</severity>
		<timestamp>Tue Jul 28 03:53:44 2020</timestamp>
		<arg name='path'>C:\CPA_Code\oop244\final_project\ms2\Project1\Debug\Project1.exe</arg>
	</msg>
	<!-- Module unloaded C:\Windows\SysWOW64\kernel32.dll -->
	<msg id='22' source='mc'>
		<type>MODULE_UNLOAD</type>
		<severity>INFO</severity>
		<timestamp>Tue Jul 28 03:53:44 2020</timestamp>
		<arg name='path'>C:\Windows\SysWOW64\kernel32.dll</arg>
	</msg>
	<!-- Module unloaded C:\Windows\SysWOW64\KernelBase.dll -->
	<msg id='23' source='mc'>
		<type>MODULE_UNLOAD</type>
		<severity>INFO</severity>
		<timestamp>Tue Jul 28 03:53:44 2020</timestamp>
		<arg name='path'>C:\Windows\SysWOW64\KernelBase.dll</arg>
	</msg>
	<!-- Module unloaded C:\Windows\SysWOW64\ntdll.dll -->
	<msg id='24' source='mc'>
		<type>MODULE_UNLOAD</type>
		<severity>INFO</severity>
		<timestamp>Tue Jul 28 03:53:44 2020</timestamp>
		<arg name='path'>C:\Windows\SysWOW64\ntdll.dll</arg>
	</msg>
	<!-- Module unloaded C:\Program Files\Norton Security\NortonData\22.20.2.57\Definitions\BASHDefs\20200721.001\UMEngx86.dll -->
	<msg id='25' source='mc'>
		<type>MODULE_UNLOAD</type>
		<severity>INFO</severity>
		<timestamp>Tue Jul 28 03:53:44 2020</timestamp>
		<arg name='path'>C:\Program Files\Norton Security\NortonData\22.20.2.57\Definitions\BASHDefs\20200721.001\UMEngx86.dll</arg>
	</msg>
	<!-- Module unloaded C:\Windows\SysWOW64\msvcp140d.dll -->
	<msg id='26' source='mc'>
		<type>MODULE_UNLOAD</type>
		<severity>INFO</severity>
		<timestamp>Tue Jul 28 03:53:44 2020</timestamp>
		<arg name='path'>C:\Windows\SysWOW64\msvcp140d.dll</arg>
	</msg>
	<!-- Module unloaded C:\Windows\SysWOW64\vcruntime140d.dll -->
	<msg id='27' source='mc'>
		<type>MODULE_UNLOAD</type>
		<severity>INFO</severity>
		<timestamp>Tue Jul 28 03:53:44 2020</timestamp>
		<arg name='path'>C:\Windows\SysWOW64\vcruntime140d.dll</arg>
	</msg>
	<!-- Module unloaded C:\Windows\SysWOW64\ucrtbased.dll -->
	<msg id='28' source='mc'>
		<type>MODULE_UNLOAD</type>
		<severity>INFO</severity>
		<timestamp>Tue Jul 28 03:53:44 2020</timestamp>
		<arg name='path'>C:\Windows\SysWOW64\ucrtbased.dll</arg>
	</msg>
	<!-- Module unloaded C:\Windows\SysWOW64\kernel.appcore.dll -->
	<msg id='29' source='mc'>
		<type>MODULE_UNLOAD</type>
		<severity>INFO</severity>
		<timestamp>Tue Jul 28 03:53:44 2020</timestamp>
		<arg name='path'>C:\Windows\SysWOW64\kernel.appcore.dll</arg>
	</msg>
	<!-- Module unloaded C:\Windows\SysWOW64\msvcrt.dll -->
	<msg id='30' source='mc'>
		<type>MODULE_UNLOAD</type>
		<severity>INFO</severity>
		<timestamp>Tue Jul 28 03:53:44 2020</timestamp>
		<arg name='path'>C:\Windows\SysWOW64\msvcrt.dll</arg>
	</msg>
	<!-- Module unloaded C:\Windows\SysWOW64\rpcrt4.dll -->
	<msg id='31' source='mc'>
		<type>MODULE_UNLOAD</type>
		<severity>INFO</severity>
		<timestamp>Tue Jul 28 03:53:44 2020</timestamp>
		<arg name='path'>C:\Windows\SysWOW64\rpcrt4.dll</arg>
	</msg>
	<!-- DIAG: 17 -->
	<!-- Unable to lookup RVA for address 0x7ab1574d. Stack frame will not be reported. -->
	<!-- Unable to lookup RVA for address 0x7ab123a4. Stack frame will not be reported. -->
	<!-- Unable to lookup RVA for address 0x7ab11454. Stack frame will not be reported. -->
	<!-- Unable to lookup RVA for address 0x7ab1152b. Stack frame will not be reported. -->
	<!-- Unable to lookup RVA for address 0x7ab114ca. Stack frame will not be reported. -->
	<!-- DIAG: 18 -->
	<!-- DIAG: 19 -->
	<!-- DIAG: 20 -->
	<!-- Analysis completed for c:\cpa_code\oop244\final_project\ms2\project1\debug\project1.exe -->
	<msg id='32' source='mc'>
		<type>ANALYSIS_COMPLETE</type>
		<severity>INFO</severity>
		<timestamp>Tue Jul 28 03:53:44 2020</timestamp>
		<arg name='path'>c:\cpa_code\oop244\final_project\ms2\project1\debug\project1.exe</arg>
	</msg>